{"C:\\Users\\Acer\\OneDrive - HESSO\\Bureau\\ArchiOWeb\\Projet-API\\cine-quote-api\\app.js": {"path":"C:\\Users\\Acer\\OneDrive - HESSO\\Bureau\\ArchiOWeb\\Projet-API\\cine-quote-api\\app.js","statementMap":{"0":{"start":{"line":19,"column":19},"end":{"line":19,"column":49}},"1":{"start":{"line":20,"column":18},"end":{"line":20,"column":42}},"2":{"start":{"line":22,"column":0},"end":{"line":22,"column":16}},"3":{"start":{"line":25,"column":0},"end":{"line":27,"column":1}},"4":{"start":{"line":26,"column":2},"end":{"line":26,"column":85}},"5":{"start":{"line":30,"column":25},"end":{"line":30,"column":59}},"6":{"start":{"line":31,"column":26},"end":{"line":31,"column":61}},"7":{"start":{"line":32,"column":0},"end":{"line":38,"column":1}},"8":{"start":{"line":33,"column":2},"end":{"line":37,"column":4}},"9":{"start":{"line":41,"column":26},"end":{"line":41,"column":28}},"10":{"start":{"line":43,"column":12},"end":{"line":43,"column":21}},"11":{"start":{"line":45,"column":0},"end":{"line":45,"column":84}},"12":{"start":{"line":47,"column":0},"end":{"line":47,"column":23}},"13":{"start":{"line":48,"column":0},"end":{"line":48,"column":24}},"14":{"start":{"line":49,"column":0},"end":{"line":49,"column":49}},"15":{"start":{"line":51,"column":0},"end":{"line":51,"column":24}},"16":{"start":{"line":52,"column":0},"end":{"line":52,"column":35}},"17":{"start":{"line":53,"column":0},"end":{"line":53,"column":33}},"18":{"start":{"line":54,"column":0},"end":{"line":54,"column":43}},"19":{"start":{"line":55,"column":0},"end":{"line":55,"column":35}},"20":{"start":{"line":56,"column":0},"end":{"line":56,"column":37}},"21":{"start":{"line":59,"column":0},"end":{"line":71,"column":3}},"22":{"start":{"line":60,"column":23},"end":{"line":60,"column":31}},"23":{"start":{"line":61,"column":2},"end":{"line":63,"column":3}},"24":{"start":{"line":62,"column":4},"end":{"line":62,"column":69}},"25":{"start":{"line":65,"column":17},"end":{"line":65,"column":88}},"26":{"start":{"line":65,"column":49},"end":{"line":65,"column":87}},"27":{"start":{"line":66,"column":2},"end":{"line":68,"column":3}},"28":{"start":{"line":67,"column":4},"end":{"line":67,"column":41}},"29":{"start":{"line":70,"column":2},"end":{"line":70,"column":66}},"30":{"start":{"line":74,"column":0},"end":{"line":76,"column":3}},"31":{"start":{"line":75,"column":2},"end":{"line":75,"column":86}},"32":{"start":{"line":79,"column":0},"end":{"line":84,"column":3}},"33":{"start":{"line":80,"column":2},"end":{"line":80,"column":35}},"34":{"start":{"line":81,"column":2},"end":{"line":81,"column":69}},"35":{"start":{"line":82,"column":2},"end":{"line":82,"column":32}},"36":{"start":{"line":83,"column":2},"end":{"line":83,"column":24}},"37":{"start":{"line":87,"column":0},"end":{"line":132,"column":1}},"38":{"start":{"line":88,"column":21},"end":{"line":88,"column":43}},"39":{"start":{"line":89,"column":15},"end":{"line":89,"column":48}},"40":{"start":{"line":91,"column":2},"end":{"line":91,"column":86}},"41":{"start":{"line":91,"column":32},"end":{"line":91,"column":84}},"42":{"start":{"line":92,"column":2},"end":{"line":92,"column":41}},"43":{"start":{"line":95,"column":2},"end":{"line":131,"column":3}},"44":{"start":{"line":96,"column":34},"end":{"line":111,"column":5}},"45":{"start":{"line":97,"column":6},"end":{"line":97,"column":44}},"46":{"start":{"line":97,"column":37},"end":{"line":97,"column":44}},"47":{"start":{"line":99,"column":22},"end":{"line":102,"column":8}},"48":{"start":{"line":104,"column":6},"end":{"line":110,"column":7}},"49":{"start":{"line":105,"column":8},"end":{"line":109,"column":9}},"50":{"start":{"line":106,"column":10},"end":{"line":106,"column":55}},"51":{"start":{"line":108,"column":10},"end":{"line":108,"column":64}},"52":{"start":{"line":113,"column":28},"end":{"line":128,"column":5}},"53":{"start":{"line":114,"column":18},"end":{"line":114,"column":28}},"54":{"start":{"line":115,"column":22},"end":{"line":115,"column":32}},"55":{"start":{"line":116,"column":6},"end":{"line":116,"column":35}},"56":{"start":{"line":118,"column":6},"end":{"line":120,"column":7}},"57":{"start":{"line":119,"column":8},"end":{"line":119,"column":47}},"58":{"start":{"line":122,"column":20},"end":{"line":122,"column":53}},"59":{"start":{"line":124,"column":6},"end":{"line":127,"column":16}},"60":{"start":{"line":125,"column":8},"end":{"line":125,"column":38}},"61":{"start":{"line":126,"column":8},"end":{"line":126,"column":64}},"62":{"start":{"line":130,"column":4},"end":{"line":130,"column":22}}},"fnMap":{"0":{"name":"(anonymous_0)","decl":{"start":{"line":59,"column":32},"end":{"line":59,"column":33}},"loc":{"start":{"line":59,"column":46},"end":{"line":71,"column":1}},"line":59},"1":{"name":"(anonymous_1)","decl":{"start":{"line":65,"column":40},"end":{"line":65,"column":41}},"loc":{"start":{"line":65,"column":49},"end":{"line":65,"column":87}},"line":65},"2":{"name":"(anonymous_2)","decl":{"start":{"line":74,"column":8},"end":{"line":74,"column":9}},"loc":{"start":{"line":74,"column":34},"end":{"line":76,"column":1}},"line":74},"3":{"name":"(anonymous_3)","decl":{"start":{"line":79,"column":8},"end":{"line":79,"column":9}},"loc":{"start":{"line":79,"column":39},"end":{"line":84,"column":1}},"line":79},"4":{"name":"(anonymous_4)","decl":{"start":{"line":91,"column":26},"end":{"line":91,"column":27}},"loc":{"start":{"line":91,"column":32},"end":{"line":91,"column":84}},"line":91},"5":{"name":"(anonymous_5)","decl":{"start":{"line":96,"column":34},"end":{"line":96,"column":35}},"loc":{"start":{"line":96,"column":46},"end":{"line":111,"column":5}},"line":96},"6":{"name":"(anonymous_6)","decl":{"start":{"line":113,"column":28},"end":{"line":113,"column":29}},"loc":{"start":{"line":113,"column":34},"end":{"line":128,"column":5}},"line":113},"7":{"name":"(anonymous_7)","decl":{"start":{"line":124,"column":17},"end":{"line":124,"column":18}},"loc":{"start":{"line":124,"column":29},"end":{"line":127,"column":7}},"line":124}},"branchMap":{"0":{"loc":{"start":{"line":25,"column":0},"end":{"line":27,"column":1}},"type":"if","locations":[{"start":{"line":25,"column":0},"end":{"line":27,"column":1}},{"start":{},"end":{}}],"line":25},"1":{"loc":{"start":{"line":26,"column":19},"end":{"line":26,"column":83}},"type":"binary-expr","locations":[{"start":{"line":26,"column":19},"end":{"line":26,"column":43}},{"start":{"line":26,"column":47},"end":{"line":26,"column":83}}],"line":26},"2":{"loc":{"start":{"line":30,"column":25},"end":{"line":30,"column":59}},"type":"binary-expr","locations":[{"start":{"line":30,"column":25},"end":{"line":30,"column":53}},{"start":{"line":30,"column":57},"end":{"line":30,"column":59}}],"line":30},"3":{"loc":{"start":{"line":31,"column":26},"end":{"line":31,"column":61}},"type":"binary-expr","locations":[{"start":{"line":31,"column":26},"end":{"line":31,"column":55}},{"start":{"line":31,"column":59},"end":{"line":31,"column":61}}],"line":31},"4":{"loc":{"start":{"line":32,"column":0},"end":{"line":38,"column":1}},"type":"if","locations":[{"start":{"line":32,"column":0},"end":{"line":38,"column":1}},{"start":{},"end":{}}],"line":32},"5":{"loc":{"start":{"line":32,"column":4},"end":{"line":32,"column":41}},"type":"binary-expr","locations":[{"start":{"line":32,"column":4},"end":{"line":32,"column":20}},{"start":{"line":32,"column":24},"end":{"line":32,"column":41}}],"line":32},"6":{"loc":{"start":{"line":61,"column":2},"end":{"line":63,"column":3}},"type":"if","locations":[{"start":{"line":61,"column":2},"end":{"line":63,"column":3}},{"start":{},"end":{}}],"line":61},"7":{"loc":{"start":{"line":61,"column":6},"end":{"line":61,"column":45}},"type":"binary-expr","locations":[{"start":{"line":61,"column":6},"end":{"line":61,"column":19}},{"start":{"line":61,"column":23},"end":{"line":61,"column":45}}],"line":61},"8":{"loc":{"start":{"line":66,"column":2},"end":{"line":68,"column":3}},"type":"if","locations":[{"start":{"line":66,"column":2},"end":{"line":68,"column":3}},{"start":{},"end":{}}],"line":66},"9":{"loc":{"start":{"line":81,"column":21},"end":{"line":81,"column":68}},"type":"cond-expr","locations":[{"start":{"line":81,"column":60},"end":{"line":81,"column":63}},{"start":{"line":81,"column":66},"end":{"line":81,"column":68}}],"line":81},"10":{"loc":{"start":{"line":82,"column":13},"end":{"line":82,"column":30}},"type":"binary-expr","locations":[{"start":{"line":82,"column":13},"end":{"line":82,"column":23}},{"start":{"line":82,"column":27},"end":{"line":82,"column":30}}],"line":82},"11":{"loc":{"start":{"line":87,"column":0},"end":{"line":132,"column":1}},"type":"if","locations":[{"start":{"line":87,"column":0},"end":{"line":132,"column":1}},{"start":{},"end":{}}],"line":87},"12":{"loc":{"start":{"line":89,"column":15},"end":{"line":89,"column":48}},"type":"binary-expr","locations":[{"start":{"line":89,"column":15},"end":{"line":89,"column":39}},{"start":{"line":89,"column":43},"end":{"line":89,"column":48}}],"line":89},"13":{"loc":{"start":{"line":95,"column":2},"end":{"line":131,"column":3}},"type":"if","locations":[{"start":{"line":95,"column":2},"end":{"line":131,"column":3}},{"start":{},"end":{}}],"line":95},"14":{"loc":{"start":{"line":95,"column":6},"end":{"line":95,"column":43}},"type":"binary-expr","locations":[{"start":{"line":95,"column":6},"end":{"line":95,"column":22}},{"start":{"line":95,"column":26},"end":{"line":95,"column":43}}],"line":95},"15":{"loc":{"start":{"line":97,"column":6},"end":{"line":97,"column":44}},"type":"if","locations":[{"start":{"line":97,"column":6},"end":{"line":97,"column":44}},{"start":{},"end":{}}],"line":97},"16":{"loc":{"start":{"line":118,"column":6},"end":{"line":120,"column":7}},"type":"if","locations":[{"start":{"line":118,"column":6},"end":{"line":120,"column":7}},{"start":{},"end":{}}],"line":118}},"s":{"0":4,"1":4,"2":4,"3":4,"4":0,"5":4,"6":4,"7":4,"8":0,"9":4,"10":4,"11":4,"12":4,"13":4,"14":4,"15":4,"16":4,"17":4,"18":4,"19":4,"20":4,"21":4,"22":0,"23":0,"24":0,"25":0,"26":0,"27":0,"28":0,"29":0,"30":4,"31":0,"32":4,"33":0,"34":0,"35":0,"36":0,"37":4,"38":0,"39":0,"40":0,"41":0,"42":0,"43":0,"44":0,"45":0,"46":0,"47":0,"48":0,"49":0,"50":0,"51":0,"52":0,"53":0,"54":0,"55":0,"56":0,"57":0,"58":0,"59":0,"60":0,"61":0,"62":0},"f":{"0":0,"1":0,"2":0,"3":0,"4":0,"5":0,"6":0,"7":0},"b":{"0":[0,4],"1":[0,0],"2":[4,4],"3":[4,4],"4":[0,4],"5":[4,0],"6":[0,0],"7":[0,0],"8":[0,0],"9":[0,0],"10":[0,0],"11":[0,4],"12":[0,0],"13":[0,0],"14":[0,0],"15":[0,0],"16":[0,0]},"_coverageSchema":"1a1c01bbd47fc00a2c39e90264f33305004495a9","hash":"eca7f53bb54d7d360ba79d836f7e70ec95033ed4"}
,"C:\\Users\\Acer\\OneDrive - HESSO\\Bureau\\ArchiOWeb\\Projet-API\\cine-quote-api\\controllers\\authController.js": {"path":"C:\\Users\\Acer\\OneDrive - HESSO\\Bureau\\ArchiOWeb\\Projet-API\\cine-quote-api\\controllers\\authController.js","statementMap":{"0":{"start":{"line":4,"column":23},"end":{"line":4,"column":57}},"1":{"start":{"line":7,"column":22},"end":{"line":12,"column":1}},"2":{"start":{"line":8,"column":2},"end":{"line":11,"column":5}},"3":{"start":{"line":15,"column":28},"end":{"line":39,"column":1}},"4":{"start":{"line":16,"column":36},"end":{"line":16,"column":44}},"5":{"start":{"line":19,"column":2},"end":{"line":21,"column":3}},"6":{"start":{"line":20,"column":4},"end":{"line":20,"column":78}},"7":{"start":{"line":22,"column":2},"end":{"line":24,"column":3}},"8":{"start":{"line":23,"column":4},"end":{"line":23,"column":63}},"9":{"start":{"line":25,"column":2},"end":{"line":27,"column":3}},"10":{"start":{"line":26,"column":4},"end":{"line":26,"column":87}},"11":{"start":{"line":29,"column":21},"end":{"line":29,"column":50}},"12":{"start":{"line":30,"column":2},"end":{"line":30,"column":81}},"13":{"start":{"line":30,"column":18},"end":{"line":30,"column":81}},"14":{"start":{"line":32,"column":15},"end":{"line":32,"column":59}},"15":{"start":{"line":33,"column":2},"end":{"line":38,"column":5}},"16":{"start":{"line":43,"column":30},"end":{"line":60,"column":1}},"17":{"start":{"line":44,"column":2},"end":{"line":59,"column":3}},"18":{"start":{"line":45,"column":17},"end":{"line":45,"column":69}},"19":{"start":{"line":46,"column":4},"end":{"line":48,"column":5}},"20":{"start":{"line":47,"column":6},"end":{"line":47,"column":73}},"21":{"start":{"line":49,"column":4},"end":{"line":55,"column":7}},"22":{"start":{"line":57,"column":4},"end":{"line":57,"column":70}},"23":{"start":{"line":58,"column":4},"end":{"line":58,"column":90}},"24":{"start":{"line":62,"column":25},"end":{"line":89,"column":1}},"25":{"start":{"line":63,"column":50},"end":{"line":63,"column":58}},"26":{"start":{"line":64,"column":15},"end":{"line":64,"column":44}},"27":{"start":{"line":65,"column":2},"end":{"line":65,"column":89}},"28":{"start":{"line":65,"column":13},"end":{"line":65,"column":89}},"29":{"start":{"line":67,"column":18},"end":{"line":67,"column":52}},"30":{"start":{"line":68,"column":2},"end":{"line":68,"column":92}},"31":{"start":{"line":68,"column":16},"end":{"line":68,"column":92}},"32":{"start":{"line":70,"column":16},"end":{"line":70,"column":50}},"33":{"start":{"line":73,"column":17},"end":{"line":73,"column":52}},"34":{"start":{"line":75,"column":2},"end":{"line":80,"column":5}},"35":{"start":{"line":82,"column":2},"end":{"line":88,"column":5}},"36":{"start":{"line":92,"column":26},"end":{"line":99,"column":1}},"37":{"start":{"line":93,"column":2},"end":{"line":97,"column":5}},"38":{"start":{"line":98,"column":2},"end":{"line":98,"column":38}},"39":{"start":{"line":102,"column":16},"end":{"line":102,"column":50}},"40":{"start":{"line":103,"column":2},"end":{"line":103,"column":45}},"41":{"start":{"line":103,"column":14},"end":{"line":103,"column":45}},"42":{"start":{"line":105,"column":26},"end":{"line":105,"column":31}},"43":{"start":{"line":106,"column":14},"end":{"line":106,"column":29}},"44":{"start":{"line":108,"column":16},"end":{"line":113,"column":3}},"45":{"start":{"line":115,"column":2},"end":{"line":115,"column":40}}},"fnMap":{"0":{"name":"(anonymous_0)","decl":{"start":{"line":7,"column":22},"end":{"line":7,"column":23}},"loc":{"start":{"line":7,"column":36},"end":{"line":12,"column":1}},"line":7},"1":{"name":"(anonymous_1)","decl":{"start":{"line":15,"column":28},"end":{"line":15,"column":29}},"loc":{"start":{"line":15,"column":48},"end":{"line":39,"column":1}},"line":15},"2":{"name":"(anonymous_2)","decl":{"start":{"line":43,"column":30},"end":{"line":43,"column":31}},"loc":{"start":{"line":43,"column":50},"end":{"line":60,"column":1}},"line":43},"3":{"name":"(anonymous_3)","decl":{"start":{"line":62,"column":25},"end":{"line":62,"column":26}},"loc":{"start":{"line":62,"column":45},"end":{"line":89,"column":1}},"line":62},"4":{"name":"(anonymous_4)","decl":{"start":{"line":92,"column":26},"end":{"line":92,"column":27}},"loc":{"start":{"line":92,"column":46},"end":{"line":99,"column":1}},"line":92},"5":{"name":"parseExpirationTime","decl":{"start":{"line":101,"column":9},"end":{"line":101,"column":28}},"loc":{"start":{"line":101,"column":40},"end":{"line":116,"column":1}},"line":101}},"branchMap":{"0":{"loc":{"start":{"line":4,"column":23},"end":{"line":4,"column":57}},"type":"binary-expr","locations":[{"start":{"line":4,"column":23},"end":{"line":4,"column":49}},{"start":{"line":4,"column":53},"end":{"line":4,"column":57}}],"line":4},"1":{"loc":{"start":{"line":19,"column":2},"end":{"line":21,"column":3}},"type":"if","locations":[{"start":{"line":19,"column":2},"end":{"line":21,"column":3}},{"start":{},"end":{}}],"line":19},"2":{"loc":{"start":{"line":19,"column":6},"end":{"line":19,"column":65}},"type":"binary-expr","locations":[{"start":{"line":19,"column":6},"end":{"line":19,"column":11}},{"start":{"line":19,"column":15},"end":{"line":19,"column":39}},{"start":{"line":19,"column":43},"end":{"line":19,"column":65}}],"line":19},"3":{"loc":{"start":{"line":22,"column":2},"end":{"line":24,"column":3}},"type":"if","locations":[{"start":{"line":22,"column":2},"end":{"line":24,"column":3}},{"start":{},"end":{}}],"line":22},"4":{"loc":{"start":{"line":22,"column":6},"end":{"line":22,"column":91}},"type":"binary-expr","locations":[{"start":{"line":22,"column":6},"end":{"line":22,"column":12}},{"start":{"line":22,"column":16},"end":{"line":22,"column":41}},{"start":{"line":22,"column":45},"end":{"line":22,"column":91}}],"line":22},"5":{"loc":{"start":{"line":25,"column":2},"end":{"line":27,"column":3}},"type":"if","locations":[{"start":{"line":25,"column":2},"end":{"line":27,"column":3}},{"start":{},"end":{}}],"line":25},"6":{"loc":{"start":{"line":25,"column":6},"end":{"line":25,"column":70}},"type":"binary-expr","locations":[{"start":{"line":25,"column":6},"end":{"line":25,"column":15}},{"start":{"line":25,"column":19},"end":{"line":25,"column":47}},{"start":{"line":25,"column":51},"end":{"line":25,"column":70}}],"line":25},"7":{"loc":{"start":{"line":30,"column":2},"end":{"line":30,"column":81}},"type":"if","locations":[{"start":{"line":30,"column":2},"end":{"line":30,"column":81}},{"start":{},"end":{}}],"line":30},"8":{"loc":{"start":{"line":46,"column":4},"end":{"line":48,"column":5}},"type":"if","locations":[{"start":{"line":46,"column":4},"end":{"line":48,"column":5}},{"start":{},"end":{}}],"line":46},"9":{"loc":{"start":{"line":63,"column":27},"end":{"line":63,"column":45}},"type":"default-arg","locations":[{"start":{"line":63,"column":40},"end":{"line":63,"column":45}}],"line":63},"10":{"loc":{"start":{"line":65,"column":2},"end":{"line":65,"column":89}},"type":"if","locations":[{"start":{"line":65,"column":2},"end":{"line":65,"column":89}},{"start":{},"end":{}}],"line":65},"11":{"loc":{"start":{"line":68,"column":2},"end":{"line":68,"column":92}},"type":"if","locations":[{"start":{"line":68,"column":2},"end":{"line":68,"column":92}},{"start":{},"end":{}}],"line":68},"12":{"loc":{"start":{"line":79,"column":12},"end":{"line":79,"column":43}},"type":"cond-expr","locations":[{"start":{"line":79,"column":25},"end":{"line":79,"column":31}},{"start":{"line":79,"column":34},"end":{"line":79,"column":43}}],"line":79},"13":{"loc":{"start":{"line":103,"column":2},"end":{"line":103,"column":45}},"type":"if","locations":[{"start":{"line":103,"column":2},"end":{"line":103,"column":45}},{"start":{},"end":{}}],"line":103},"14":{"loc":{"start":{"line":115,"column":16},"end":{"line":115,"column":38}},"type":"binary-expr","locations":[{"start":{"line":115,"column":16},"end":{"line":115,"column":27}},{"start":{"line":115,"column":31},"end":{"line":115,"column":38}}],"line":115}},"s":{"0":4,"1":4,"2":3,"3":4,"4":6,"5":6,"6":1,"7":5,"8":1,"9":4,"10":1,"11":3,"12":3,"13":1,"14":2,"15":2,"16":4,"17":1,"18":1,"19":1,"20":0,"21":1,"22":0,"23":0,"24":4,"25":5,"26":5,"27":5,"28":1,"29":4,"30":4,"31":1,"32":3,"33":3,"34":3,"35":3,"36":4,"37":1,"38":1,"39":3,"40":3,"41":0,"42":3,"43":3,"44":3,"45":3},"f":{"0":3,"1":6,"2":1,"3":5,"4":1,"5":3},"b":{"0":[4,4],"1":[1,5],"2":[6,6,6],"3":[1,4],"4":[5,5,5],"5":[1,3],"6":[4,4,4],"7":[1,2],"8":[0,1],"9":[5],"10":[1,4],"11":[1,3],"12":[0,3],"13":[0,3],"14":[3,0]},"_coverageSchema":"1a1c01bbd47fc00a2c39e90264f33305004495a9","hash":"58cfc237f69a3ba077b4a85760b1bfbc2b347818"}
,"C:\\Users\\Acer\\OneDrive - HESSO\\Bureau\\ArchiOWeb\\Projet-API\\cine-quote-api\\controllers\\favoriteController.js": {"path":"C:\\Users\\Acer\\OneDrive - HESSO\\Bureau\\ArchiOWeb\\Projet-API\\cine-quote-api\\controllers\\favoriteController.js","statementMap":{"0":{"start":{"line":5,"column":27},"end":{"line":19,"column":1}},"1":{"start":{"line":6,"column":17},"end":{"line":6,"column":29}},"2":{"start":{"line":7,"column":22},"end":{"line":7,"column":30}},"3":{"start":{"line":9,"column":16},"end":{"line":9,"column":45}},"4":{"start":{"line":10,"column":2},"end":{"line":10,"column":79}},"5":{"start":{"line":10,"column":14},"end":{"line":10,"column":79}},"6":{"start":{"line":12,"column":15},"end":{"line":12,"column":42}},"7":{"start":{"line":13,"column":2},"end":{"line":15,"column":3}},"8":{"start":{"line":14,"column":4},"end":{"line":14,"column":64}},"9":{"start":{"line":16,"column":2},"end":{"line":16,"column":31}},"10":{"start":{"line":17,"column":2},"end":{"line":17,"column":20}},"11":{"start":{"line":18,"column":2},"end":{"line":18,"column":46}},"12":{"start":{"line":22,"column":30},"end":{"line":30,"column":1}},"13":{"start":{"line":23,"column":17},"end":{"line":23,"column":29}},"14":{"start":{"line":24,"column":22},"end":{"line":24,"column":30}},"15":{"start":{"line":26,"column":15},"end":{"line":26,"column":42}},"16":{"start":{"line":27,"column":2},"end":{"line":27,"column":76}},"17":{"start":{"line":27,"column":48},"end":{"line":27,"column":74}},"18":{"start":{"line":28,"column":2},"end":{"line":28,"column":20}},"19":{"start":{"line":29,"column":2},"end":{"line":29,"column":46}},"20":{"start":{"line":33,"column":28},"end":{"line":39,"column":1}},"21":{"start":{"line":34,"column":15},"end":{"line":37,"column":4}},"22":{"start":{"line":38,"column":2},"end":{"line":38,"column":27}}},"fnMap":{"0":{"name":"(anonymous_0)","decl":{"start":{"line":5,"column":27},"end":{"line":5,"column":28}},"loc":{"start":{"line":5,"column":47},"end":{"line":19,"column":1}},"line":5},"1":{"name":"(anonymous_1)","decl":{"start":{"line":22,"column":30},"end":{"line":22,"column":31}},"loc":{"start":{"line":22,"column":50},"end":{"line":30,"column":1}},"line":22},"2":{"name":"(anonymous_2)","decl":{"start":{"line":27,"column":41},"end":{"line":27,"column":42}},"loc":{"start":{"line":27,"column":48},"end":{"line":27,"column":74}},"line":27},"3":{"name":"(anonymous_3)","decl":{"start":{"line":33,"column":28},"end":{"line":33,"column":29}},"loc":{"start":{"line":33,"column":48},"end":{"line":39,"column":1}},"line":33}},"branchMap":{"0":{"loc":{"start":{"line":10,"column":2},"end":{"line":10,"column":79}},"type":"if","locations":[{"start":{"line":10,"column":2},"end":{"line":10,"column":79}},{"start":{},"end":{}}],"line":10},"1":{"loc":{"start":{"line":13,"column":2},"end":{"line":15,"column":3}},"type":"if","locations":[{"start":{"line":13,"column":2},"end":{"line":15,"column":3}},{"start":{},"end":{}}],"line":13}},"s":{"0":4,"1":0,"2":0,"3":0,"4":0,"5":0,"6":0,"7":0,"8":0,"9":0,"10":0,"11":0,"12":4,"13":0,"14":0,"15":0,"16":0,"17":0,"18":0,"19":0,"20":4,"21":0,"22":0},"f":{"0":0,"1":0,"2":0,"3":0},"b":{"0":[0,0],"1":[0,0]},"_coverageSchema":"1a1c01bbd47fc00a2c39e90264f33305004495a9","hash":"ee6c1f15316b3340e81cb0d500d793a5b7f2fe9e"}
,"C:\\Users\\Acer\\OneDrive - HESSO\\Bureau\\ArchiOWeb\\Projet-API\\cine-quote-api\\controllers\\filmController.js": {"path":"C:\\Users\\Acer\\OneDrive - HESSO\\Bureau\\ArchiOWeb\\Projet-API\\cine-quote-api\\controllers\\filmController.js","statementMap":{"0":{"start":{"line":5,"column":26},"end":{"line":22,"column":1}},"1":{"start":{"line":6,"column":50},"end":{"line":6,"column":58}},"2":{"start":{"line":8,"column":2},"end":{"line":10,"column":3}},"3":{"start":{"line":9,"column":4},"end":{"line":9,"column":92}},"4":{"start":{"line":12,"column":15},"end":{"line":18,"column":4}},"5":{"start":{"line":20,"column":2},"end":{"line":20,"column":20}},"6":{"start":{"line":21,"column":2},"end":{"line":21,"column":29}},"7":{"start":{"line":24,"column":26},"end":{"line":44,"column":1}},"8":{"start":{"line":25,"column":17},"end":{"line":25,"column":27}},"9":{"start":{"line":27,"column":2},"end":{"line":29,"column":3}},"10":{"start":{"line":28,"column":4},"end":{"line":28,"column":65}},"11":{"start":{"line":31,"column":15},"end":{"line":31,"column":38}},"12":{"start":{"line":32,"column":2},"end":{"line":32,"column":73}},"13":{"start":{"line":32,"column":13},"end":{"line":32,"column":73}},"14":{"start":{"line":34,"column":50},"end":{"line":34,"column":58}},"15":{"start":{"line":36,"column":2},"end":{"line":36,"column":40}},"16":{"start":{"line":36,"column":21},"end":{"line":36,"column":40}},"17":{"start":{"line":37,"column":2},"end":{"line":37,"column":37}},"18":{"start":{"line":37,"column":20},"end":{"line":37,"column":37}},"19":{"start":{"line":38,"column":2},"end":{"line":38,"column":49}},"20":{"start":{"line":38,"column":24},"end":{"line":38,"column":49}},"21":{"start":{"line":39,"column":2},"end":{"line":39,"column":40}},"22":{"start":{"line":39,"column":21},"end":{"line":39,"column":40}},"23":{"start":{"line":40,"column":2},"end":{"line":40,"column":40}},"24":{"start":{"line":40,"column":21},"end":{"line":40,"column":40}},"25":{"start":{"line":42,"column":2},"end":{"line":42,"column":20}},"26":{"start":{"line":43,"column":2},"end":{"line":43,"column":17}},"27":{"start":{"line":46,"column":26},"end":{"line":58,"column":1}},"28":{"start":{"line":47,"column":17},"end":{"line":47,"column":27}},"29":{"start":{"line":49,"column":2},"end":{"line":51,"column":3}},"30":{"start":{"line":50,"column":4},"end":{"line":50,"column":65}},"31":{"start":{"line":53,"column":15},"end":{"line":53,"column":38}},"32":{"start":{"line":54,"column":2},"end":{"line":54,"column":73}},"33":{"start":{"line":54,"column":13},"end":{"line":54,"column":73}},"34":{"start":{"line":56,"column":2},"end":{"line":56,"column":25}},"35":{"start":{"line":57,"column":2},"end":{"line":57,"column":53}},"36":{"start":{"line":60,"column":24},"end":{"line":63,"column":1}},"37":{"start":{"line":61,"column":18},"end":{"line":61,"column":35}},"38":{"start":{"line":62,"column":4},"end":{"line":62,"column":20}},"39":{"start":{"line":65,"column":27},"end":{"line":68,"column":1}},"40":{"start":{"line":66,"column":17},"end":{"line":66,"column":51}},"41":{"start":{"line":67,"column":4},"end":{"line":67,"column":19}},"42":{"start":{"line":70,"column":29},"end":{"line":75,"column":1}},"43":{"start":{"line":71,"column":17},"end":{"line":71,"column":30}},"44":{"start":{"line":72,"column":2},"end":{"line":72,"column":102}},"45":{"start":{"line":72,"column":41},"end":{"line":72,"column":102}},"46":{"start":{"line":73,"column":16},"end":{"line":73,"column":60}},"47":{"start":{"line":74,"column":2},"end":{"line":74,"column":34}},"48":{"start":{"line":78,"column":27},"end":{"line":96,"column":1}},"49":{"start":{"line":79,"column":16},"end":{"line":79,"column":45}},"50":{"start":{"line":80,"column":19},"end":{"line":93,"column":3}},"51":{"start":{"line":94,"column":18},"end":{"line":94,"column":49}},"52":{"start":{"line":95,"column":2},"end":{"line":95,"column":20}}},"fnMap":{"0":{"name":"(anonymous_0)","decl":{"start":{"line":5,"column":26},"end":{"line":5,"column":27}},"loc":{"start":{"line":5,"column":46},"end":{"line":22,"column":1}},"line":5},"1":{"name":"(anonymous_1)","decl":{"start":{"line":24,"column":26},"end":{"line":24,"column":27}},"loc":{"start":{"line":24,"column":46},"end":{"line":44,"column":1}},"line":24},"2":{"name":"(anonymous_2)","decl":{"start":{"line":46,"column":26},"end":{"line":46,"column":27}},"loc":{"start":{"line":46,"column":46},"end":{"line":58,"column":1}},"line":46},"3":{"name":"(anonymous_3)","decl":{"start":{"line":60,"column":24},"end":{"line":60,"column":25}},"loc":{"start":{"line":60,"column":44},"end":{"line":63,"column":1}},"line":60},"4":{"name":"(anonymous_4)","decl":{"start":{"line":65,"column":27},"end":{"line":65,"column":28}},"loc":{"start":{"line":65,"column":47},"end":{"line":68,"column":1}},"line":65},"5":{"name":"(anonymous_5)","decl":{"start":{"line":70,"column":29},"end":{"line":70,"column":30}},"loc":{"start":{"line":70,"column":49},"end":{"line":75,"column":1}},"line":70},"6":{"name":"(anonymous_6)","decl":{"start":{"line":78,"column":27},"end":{"line":78,"column":28}},"loc":{"start":{"line":78,"column":47},"end":{"line":96,"column":1}},"line":78}},"branchMap":{"0":{"loc":{"start":{"line":8,"column":2},"end":{"line":10,"column":3}},"type":"if","locations":[{"start":{"line":8,"column":2},"end":{"line":10,"column":3}},{"start":{},"end":{}}],"line":8},"1":{"loc":{"start":{"line":8,"column":6},"end":{"line":8,"column":44}},"type":"binary-expr","locations":[{"start":{"line":8,"column":6},"end":{"line":8,"column":12}},{"start":{"line":8,"column":16},"end":{"line":8,"column":21}},{"start":{"line":8,"column":25},"end":{"line":8,"column":34}},{"start":{"line":8,"column":38},"end":{"line":8,"column":44}}],"line":8},"2":{"loc":{"start":{"line":27,"column":2},"end":{"line":29,"column":3}},"type":"if","locations":[{"start":{"line":27,"column":2},"end":{"line":29,"column":3}},{"start":{},"end":{}}],"line":27},"3":{"loc":{"start":{"line":32,"column":2},"end":{"line":32,"column":73}},"type":"if","locations":[{"start":{"line":32,"column":2},"end":{"line":32,"column":73}},{"start":{},"end":{}}],"line":32},"4":{"loc":{"start":{"line":36,"column":2},"end":{"line":36,"column":40}},"type":"if","locations":[{"start":{"line":36,"column":2},"end":{"line":36,"column":40}},{"start":{},"end":{}}],"line":36},"5":{"loc":{"start":{"line":37,"column":2},"end":{"line":37,"column":37}},"type":"if","locations":[{"start":{"line":37,"column":2},"end":{"line":37,"column":37}},{"start":{},"end":{}}],"line":37},"6":{"loc":{"start":{"line":38,"column":2},"end":{"line":38,"column":49}},"type":"if","locations":[{"start":{"line":38,"column":2},"end":{"line":38,"column":49}},{"start":{},"end":{}}],"line":38},"7":{"loc":{"start":{"line":39,"column":2},"end":{"line":39,"column":40}},"type":"if","locations":[{"start":{"line":39,"column":2},"end":{"line":39,"column":40}},{"start":{},"end":{}}],"line":39},"8":{"loc":{"start":{"line":40,"column":2},"end":{"line":40,"column":40}},"type":"if","locations":[{"start":{"line":40,"column":2},"end":{"line":40,"column":40}},{"start":{},"end":{}}],"line":40},"9":{"loc":{"start":{"line":49,"column":2},"end":{"line":51,"column":3}},"type":"if","locations":[{"start":{"line":49,"column":2},"end":{"line":51,"column":3}},{"start":{},"end":{}}],"line":49},"10":{"loc":{"start":{"line":54,"column":2},"end":{"line":54,"column":73}},"type":"if","locations":[{"start":{"line":54,"column":2},"end":{"line":54,"column":73}},{"start":{},"end":{}}],"line":54},"11":{"loc":{"start":{"line":72,"column":2},"end":{"line":72,"column":102}},"type":"if","locations":[{"start":{"line":72,"column":2},"end":{"line":72,"column":102}},{"start":{},"end":{}}],"line":72},"12":{"loc":{"start":{"line":79,"column":16},"end":{"line":79,"column":45}},"type":"binary-expr","locations":[{"start":{"line":79,"column":16},"end":{"line":79,"column":39}},{"start":{"line":79,"column":43},"end":{"line":79,"column":45}}],"line":79}},"s":{"0":4,"1":0,"2":0,"3":0,"4":0,"5":0,"6":0,"7":4,"8":0,"9":0,"10":0,"11":0,"12":0,"13":0,"14":0,"15":0,"16":0,"17":0,"18":0,"19":0,"20":0,"21":0,"22":0,"23":0,"24":0,"25":0,"26":0,"27":4,"28":0,"29":0,"30":0,"31":0,"32":0,"33":0,"34":0,"35":0,"36":4,"37":2,"38":2,"39":4,"40":1,"41":1,"42":4,"43":0,"44":0,"45":0,"46":0,"47":0,"48":4,"49":0,"50":0,"51":0,"52":0},"f":{"0":0,"1":0,"2":0,"3":2,"4":1,"5":0,"6":0},"b":{"0":[0,0],"1":[0,0,0,0],"2":[0,0],"3":[0,0],"4":[0,0],"5":[0,0],"6":[0,0],"7":[0,0],"8":[0,0],"9":[0,0],"10":[0,0],"11":[0,0],"12":[0,0]},"_coverageSchema":"1a1c01bbd47fc00a2c39e90264f33305004495a9","hash":"86f3ea5bc118f45c27de6e91025b1924c31559e4"}
,"C:\\Users\\Acer\\OneDrive - HESSO\\Bureau\\ArchiOWeb\\Projet-API\\cine-quote-api\\controllers\\quoteController.js": {"path":"C:\\Users\\Acer\\OneDrive - HESSO\\Bureau\\ArchiOWeb\\Projet-API\\cine-quote-api\\controllers\\quoteController.js","statementMap":{"0":{"start":{"line":4,"column":24},"end":{"line":12,"column":1}},"1":{"start":{"line":5,"column":18},"end":{"line":9,"column":6}},"2":{"start":{"line":10,"column":4},"end":{"line":10,"column":23}},"3":{"start":{"line":11,"column":4},"end":{"line":11,"column":32}},"4":{"start":{"line":14,"column":27},"end":{"line":30,"column":1}},"5":{"start":{"line":15,"column":18},"end":{"line":15,"column":53}},"6":{"start":{"line":16,"column":4},"end":{"line":18,"column":5}},"7":{"start":{"line":17,"column":8},"end":{"line":17,"column":35}},"8":{"start":{"line":20,"column":4},"end":{"line":22,"column":5}},"9":{"start":{"line":21,"column":8},"end":{"line":21,"column":41}},"10":{"start":{"line":24,"column":4},"end":{"line":26,"column":5}},"11":{"start":{"line":25,"column":8},"end":{"line":25,"column":35}},"12":{"start":{"line":28,"column":4},"end":{"line":28,"column":23}},"13":{"start":{"line":29,"column":4},"end":{"line":29,"column":20}},"14":{"start":{"line":32,"column":27},"end":{"line":35,"column":1}},"15":{"start":{"line":33,"column":18},"end":{"line":33,"column":62}},"16":{"start":{"line":34,"column":4},"end":{"line":34,"column":47}},"17":{"start":{"line":37,"column":25},"end":{"line":68,"column":1}},"18":{"start":{"line":39,"column":15},"end":{"line":39,"column":57}},"19":{"start":{"line":40,"column":14},"end":{"line":40,"column":39}},"20":{"start":{"line":41,"column":2},"end":{"line":43,"column":3}},"21":{"start":{"line":42,"column":4},"end":{"line":42,"column":14}},"22":{"start":{"line":44,"column":15},"end":{"line":44,"column":40}},"23":{"start":{"line":47,"column":18},"end":{"line":47,"column":20}},"24":{"start":{"line":48,"column":2},"end":{"line":48,"column":61}},"25":{"start":{"line":48,"column":25},"end":{"line":48,"column":61}},"26":{"start":{"line":49,"column":2},"end":{"line":49,"column":52}},"27":{"start":{"line":49,"column":22},"end":{"line":49,"column":52}},"28":{"start":{"line":50,"column":2},"end":{"line":50,"column":69}},"29":{"start":{"line":50,"column":22},"end":{"line":50,"column":69}},"30":{"start":{"line":53,"column":26},"end":{"line":59,"column":4}},"31":{"start":{"line":61,"column":2},"end":{"line":67,"column":5}},"32":{"start":{"line":70,"column":28},"end":{"line":73,"column":1}},"33":{"start":{"line":71,"column":18},"end":{"line":71,"column":53}},"34":{"start":{"line":72,"column":4},"end":{"line":72,"column":20}},"35":{"start":{"line":75,"column":30},"end":{"line":82,"column":1}},"36":{"start":{"line":76,"column":16},"end":{"line":76,"column":44}},"37":{"start":{"line":77,"column":2},"end":{"line":77,"column":90}},"38":{"start":{"line":77,"column":19},"end":{"line":77,"column":90}},"39":{"start":{"line":79,"column":17},"end":{"line":79,"column":50}},"40":{"start":{"line":80,"column":16},"end":{"line":80,"column":67}},"41":{"start":{"line":81,"column":2},"end":{"line":81,"column":18}}},"fnMap":{"0":{"name":"(anonymous_0)","decl":{"start":{"line":4,"column":24},"end":{"line":4,"column":25}},"loc":{"start":{"line":4,"column":44},"end":{"line":12,"column":1}},"line":4},"1":{"name":"(anonymous_1)","decl":{"start":{"line":14,"column":27},"end":{"line":14,"column":28}},"loc":{"start":{"line":14,"column":47},"end":{"line":30,"column":1}},"line":14},"2":{"name":"(anonymous_2)","decl":{"start":{"line":32,"column":27},"end":{"line":32,"column":28}},"loc":{"start":{"line":32,"column":47},"end":{"line":35,"column":1}},"line":32},"3":{"name":"(anonymous_3)","decl":{"start":{"line":37,"column":25},"end":{"line":37,"column":26}},"loc":{"start":{"line":37,"column":45},"end":{"line":68,"column":1}},"line":37},"4":{"name":"(anonymous_4)","decl":{"start":{"line":70,"column":28},"end":{"line":70,"column":29}},"loc":{"start":{"line":70,"column":48},"end":{"line":73,"column":1}},"line":70},"5":{"name":"(anonymous_5)","decl":{"start":{"line":75,"column":30},"end":{"line":75,"column":31}},"loc":{"start":{"line":75,"column":50},"end":{"line":82,"column":1}},"line":75}},"branchMap":{"0":{"loc":{"start":{"line":16,"column":4},"end":{"line":18,"column":5}},"type":"if","locations":[{"start":{"line":16,"column":4},"end":{"line":18,"column":5}},{"start":{},"end":{}}],"line":16},"1":{"loc":{"start":{"line":20,"column":4},"end":{"line":22,"column":5}},"type":"if","locations":[{"start":{"line":20,"column":4},"end":{"line":22,"column":5}},{"start":{},"end":{}}],"line":20},"2":{"loc":{"start":{"line":24,"column":4},"end":{"line":26,"column":5}},"type":"if","locations":[{"start":{"line":24,"column":4},"end":{"line":26,"column":5}},{"start":{},"end":{}}],"line":24},"3":{"loc":{"start":{"line":39,"column":24},"end":{"line":39,"column":53}},"type":"binary-expr","locations":[{"start":{"line":39,"column":24},"end":{"line":39,"column":48}},{"start":{"line":39,"column":52},"end":{"line":39,"column":53}}],"line":39},"4":{"loc":{"start":{"line":41,"column":2},"end":{"line":43,"column":3}},"type":"if","locations":[{"start":{"line":41,"column":2},"end":{"line":43,"column":3}},{"start":{},"end":{}}],"line":41},"5":{"loc":{"start":{"line":41,"column":6},"end":{"line":41,"column":31}},"type":"binary-expr","locations":[{"start":{"line":41,"column":6},"end":{"line":41,"column":18}},{"start":{"line":41,"column":22},"end":{"line":41,"column":31}}],"line":41},"6":{"loc":{"start":{"line":44,"column":29},"end":{"line":44,"column":39}},"type":"binary-expr","locations":[{"start":{"line":44,"column":29},"end":{"line":44,"column":34}},{"start":{"line":44,"column":38},"end":{"line":44,"column":39}}],"line":44},"7":{"loc":{"start":{"line":48,"column":2},"end":{"line":48,"column":61}},"type":"if","locations":[{"start":{"line":48,"column":2},"end":{"line":48,"column":61}},{"start":{},"end":{}}],"line":48},"8":{"loc":{"start":{"line":49,"column":2},"end":{"line":49,"column":52}},"type":"if","locations":[{"start":{"line":49,"column":2},"end":{"line":49,"column":52}},{"start":{},"end":{}}],"line":49},"9":{"loc":{"start":{"line":50,"column":2},"end":{"line":50,"column":69}},"type":"if","locations":[{"start":{"line":50,"column":2},"end":{"line":50,"column":69}},{"start":{},"end":{}}],"line":50},"10":{"loc":{"start":{"line":65,"column":16},"end":{"line":65,"column":52}},"type":"cond-expr","locations":[{"start":{"line":65,"column":24},"end":{"line":65,"column":48}},{"start":{"line":65,"column":51},"end":{"line":65,"column":52}}],"line":65},"11":{"loc":{"start":{"line":77,"column":2},"end":{"line":77,"column":90}},"type":"if","locations":[{"start":{"line":77,"column":2},"end":{"line":77,"column":90}},{"start":{},"end":{}}],"line":77}},"s":{"0":4,"1":1,"2":1,"3":1,"4":4,"5":1,"6":1,"7":1,"8":1,"9":1,"10":1,"11":0,"12":1,"13":1,"14":4,"15":1,"16":1,"17":4,"18":4,"19":4,"20":4,"21":3,"22":4,"23":4,"24":4,"25":1,"26":4,"27":0,"28":4,"29":0,"30":4,"31":4,"32":4,"33":0,"34":0,"35":4,"36":2,"37":2,"38":1,"39":1,"40":1,"41":1},"f":{"0":1,"1":1,"2":1,"3":4,"4":0,"5":2},"b":{"0":[1,0],"1":[1,0],"2":[0,1],"3":[4,3],"4":[3,1],"5":[4,1],"6":[4,3],"7":[1,3],"8":[0,4],"9":[0,4],"10":[1,3],"11":[1,1]},"_coverageSchema":"1a1c01bbd47fc00a2c39e90264f33305004495a9","hash":"8a0420fdce0eb76142b8de882a9401a360ef1c95"}
,"C:\\Users\\Acer\\OneDrive - HESSO\\Bureau\\ArchiOWeb\\Projet-API\\cine-quote-api\\controllers\\userController.js": {"path":"C:\\Users\\Acer\\OneDrive - HESSO\\Bureau\\ArchiOWeb\\Projet-API\\cine-quote-api\\controllers\\userController.js","statementMap":{"0":{"start":{"line":4,"column":27},"end":{"line":11,"column":1}},"1":{"start":{"line":5,"column":18},"end":{"line":9,"column":6}},"2":{"start":{"line":10,"column":4},"end":{"line":10,"column":20}},"3":{"start":{"line":14,"column":27},"end":{"line":22,"column":1}},"4":{"start":{"line":15,"column":15},"end":{"line":19,"column":6}},"5":{"start":{"line":20,"column":2},"end":{"line":20,"column":80}},"6":{"start":{"line":20,"column":13},"end":{"line":20,"column":80}},"7":{"start":{"line":21,"column":2},"end":{"line":21,"column":17}},"8":{"start":{"line":25,"column":26},"end":{"line":34,"column":1}},"9":{"start":{"line":26,"column":15},"end":{"line":30,"column":4}},"10":{"start":{"line":32,"column":20},"end":{"line":32,"column":37}},"11":{"start":{"line":33,"column":4},"end":{"line":33,"column":34}},"12":{"start":{"line":37,"column":26},"end":{"line":47,"column":1}},"13":{"start":{"line":38,"column":2},"end":{"line":40,"column":3}},"14":{"start":{"line":39,"column":4},"end":{"line":39,"column":34}},"15":{"start":{"line":41,"column":2},"end":{"line":43,"column":3}},"16":{"start":{"line":42,"column":4},"end":{"line":42,"column":36}},"17":{"start":{"line":45,"column":24},"end":{"line":45,"column":45}},"18":{"start":{"line":46,"column":4},"end":{"line":46,"column":26}},"19":{"start":{"line":50,"column":26},"end":{"line":53,"column":1}},"20":{"start":{"line":51,"column":4},"end":{"line":51,"column":31}},"21":{"start":{"line":52,"column":4},"end":{"line":52,"column":42}}},"fnMap":{"0":{"name":"(anonymous_0)","decl":{"start":{"line":4,"column":27},"end":{"line":4,"column":28}},"loc":{"start":{"line":4,"column":47},"end":{"line":11,"column":1}},"line":4},"1":{"name":"(anonymous_1)","decl":{"start":{"line":14,"column":27},"end":{"line":14,"column":28}},"loc":{"start":{"line":14,"column":47},"end":{"line":22,"column":1}},"line":14},"2":{"name":"(anonymous_2)","decl":{"start":{"line":25,"column":26},"end":{"line":25,"column":27}},"loc":{"start":{"line":25,"column":46},"end":{"line":34,"column":1}},"line":25},"3":{"name":"(anonymous_3)","decl":{"start":{"line":37,"column":26},"end":{"line":37,"column":27}},"loc":{"start":{"line":37,"column":46},"end":{"line":47,"column":1}},"line":37},"4":{"name":"(anonymous_4)","decl":{"start":{"line":50,"column":26},"end":{"line":50,"column":27}},"loc":{"start":{"line":50,"column":46},"end":{"line":53,"column":1}},"line":50}},"branchMap":{"0":{"loc":{"start":{"line":20,"column":2},"end":{"line":20,"column":80}},"type":"if","locations":[{"start":{"line":20,"column":2},"end":{"line":20,"column":80}},{"start":{},"end":{}}],"line":20},"1":{"loc":{"start":{"line":38,"column":2},"end":{"line":40,"column":3}},"type":"if","locations":[{"start":{"line":38,"column":2},"end":{"line":40,"column":3}},{"start":{},"end":{}}],"line":38},"2":{"loc":{"start":{"line":41,"column":2},"end":{"line":43,"column":3}},"type":"if","locations":[{"start":{"line":41,"column":2},"end":{"line":43,"column":3}},{"start":{},"end":{}}],"line":41}},"s":{"0":4,"1":2,"2":2,"3":4,"4":1,"5":1,"6":0,"7":1,"8":4,"9":0,"10":0,"11":0,"12":4,"13":3,"14":2,"15":3,"16":2,"17":3,"18":3,"19":4,"20":1,"21":1},"f":{"0":2,"1":1,"2":0,"3":3,"4":1},"b":{"0":[0,1],"1":[2,1],"2":[2,1]},"_coverageSchema":"1a1c01bbd47fc00a2c39e90264f33305004495a9","hash":"e2d53a966ecb7c3e3f3613f3fa042a08bc04ce32"}
,"C:\\Users\\Acer\\OneDrive - HESSO\\Bureau\\ArchiOWeb\\Projet-API\\cine-quote-api\\middlewares\\authMiddleware.js": {"path":"C:\\Users\\Acer\\OneDrive - HESSO\\Bureau\\ArchiOWeb\\Projet-API\\cine-quote-api\\middlewares\\authMiddleware.js","statementMap":{"0":{"start":{"line":5,"column":23},"end":{"line":22,"column":1}},"1":{"start":{"line":9,"column":2},"end":{"line":11,"column":3}},"2":{"start":{"line":10,"column":4},"end":{"line":10,"column":35}},"3":{"start":{"line":13,"column":2},"end":{"line":13,"column":85}},"4":{"start":{"line":13,"column":14},"end":{"line":13,"column":85}},"5":{"start":{"line":15,"column":2},"end":{"line":21,"column":3}},"6":{"start":{"line":16,"column":20},"end":{"line":16,"column":61}},"7":{"start":{"line":17,"column":4},"end":{"line":17,"column":67}},"8":{"start":{"line":18,"column":4},"end":{"line":18,"column":11}},"9":{"start":{"line":20,"column":4},"end":{"line":20,"column":63}},"10":{"start":{"line":25,"column":25},"end":{"line":31,"column":1}},"11":{"start":{"line":26,"column":2},"end":{"line":30,"column":3}},"12":{"start":{"line":27,"column":4},"end":{"line":27,"column":11}},"13":{"start":{"line":29,"column":4},"end":{"line":29,"column":74}}},"fnMap":{"0":{"name":"(anonymous_0)","decl":{"start":{"line":5,"column":23},"end":{"line":5,"column":24}},"loc":{"start":{"line":5,"column":49},"end":{"line":22,"column":1}},"line":5},"1":{"name":"(anonymous_1)","decl":{"start":{"line":25,"column":25},"end":{"line":25,"column":26}},"loc":{"start":{"line":25,"column":45},"end":{"line":31,"column":1}},"line":25}},"branchMap":{"0":{"loc":{"start":{"line":9,"column":2},"end":{"line":11,"column":3}},"type":"if","locations":[{"start":{"line":9,"column":2},"end":{"line":11,"column":3}},{"start":{},"end":{}}],"line":9},"1":{"loc":{"start":{"line":9,"column":6},"end":{"line":9,"column":43}},"type":"binary-expr","locations":[{"start":{"line":9,"column":6},"end":{"line":9,"column":17}},{"start":{"line":9,"column":21},"end":{"line":9,"column":43}}],"line":9},"2":{"loc":{"start":{"line":13,"column":2},"end":{"line":13,"column":85}},"type":"if","locations":[{"start":{"line":13,"column":2},"end":{"line":13,"column":85}},{"start":{},"end":{}}],"line":13},"3":{"loc":{"start":{"line":26,"column":2},"end":{"line":30,"column":3}},"type":"if","locations":[{"start":{"line":26,"column":2},"end":{"line":30,"column":3}},{"start":{"line":28,"column":9},"end":{"line":30,"column":3}}],"line":26},"4":{"loc":{"start":{"line":26,"column":6},"end":{"line":26,"column":43}},"type":"binary-expr","locations":[{"start":{"line":26,"column":6},"end":{"line":26,"column":14}},{"start":{"line":26,"column":18},"end":{"line":26,"column":43}}],"line":26}},"s":{"0":4,"1":10,"2":6,"3":10,"4":4,"5":6,"6":6,"7":6,"8":6,"9":0,"10":4,"11":7,"12":5,"13":2},"f":{"0":10,"1":7},"b":{"0":[6,4],"1":[10,10],"2":[4,6],"3":[5,2],"4":[7,5]},"_coverageSchema":"1a1c01bbd47fc00a2c39e90264f33305004495a9","hash":"f79844d015441e5dc3dfc589492e8fe4a68d3587"}
,"C:\\Users\\Acer\\OneDrive - HESSO\\Bureau\\ArchiOWeb\\Projet-API\\cine-quote-api\\middlewares\\userMiddleware.js": {"path":"C:\\Users\\Acer\\OneDrive - HESSO\\Bureau\\ArchiOWeb\\Projet-API\\cine-quote-api\\middlewares\\userMiddleware.js","statementMap":{"0":{"start":{"line":4,"column":23},"end":{"line":16,"column":1}},"1":{"start":{"line":6,"column":2},"end":{"line":13,"column":3}},"2":{"start":{"line":7,"column":4},"end":{"line":7,"column":46}},"3":{"start":{"line":8,"column":4},"end":{"line":10,"column":5}},"4":{"start":{"line":9,"column":6},"end":{"line":9,"column":67}},"5":{"start":{"line":12,"column":4},"end":{"line":12,"column":60}},"6":{"start":{"line":14,"column":2},"end":{"line":14,"column":18}},"7":{"start":{"line":15,"column":2},"end":{"line":15,"column":9}}},"fnMap":{"0":{"name":"(anonymous_0)","decl":{"start":{"line":4,"column":23},"end":{"line":4,"column":24}},"loc":{"start":{"line":4,"column":49},"end":{"line":16,"column":1}},"line":4}},"branchMap":{"0":{"loc":{"start":{"line":8,"column":4},"end":{"line":10,"column":5}},"type":"if","locations":[{"start":{"line":8,"column":4},"end":{"line":10,"column":5}},{"start":{},"end":{}}],"line":8}},"s":{"0":4,"1":8,"2":8,"3":8,"4":3,"5":0,"6":5,"7":5},"f":{"0":8},"b":{"0":[3,5]},"_coverageSchema":"1a1c01bbd47fc00a2c39e90264f33305004495a9","hash":"a58e4d778a26ad39e8e0f2584ac4177a1465eaf0"}
,"C:\\Users\\Acer\\OneDrive - HESSO\\Bureau\\ArchiOWeb\\Projet-API\\cine-quote-api\\models\\film.js": {"path":"C:\\Users\\Acer\\OneDrive - HESSO\\Bureau\\ArchiOWeb\\Projet-API\\cine-quote-api\\models\\film.js","statementMap":{"0":{"start":{"line":3,"column":19},"end":{"line":23,"column":2}},"1":{"start":{"line":25,"column":13},"end":{"line":25,"column":47}}},"fnMap":{},"branchMap":{},"s":{"0":4,"1":4},"f":{},"b":{},"_coverageSchema":"1a1c01bbd47fc00a2c39e90264f33305004495a9","hash":"a2ae0865f72914bcf544fe7333644be195b29aca"}
,"C:\\Users\\Acer\\OneDrive - HESSO\\Bureau\\ArchiOWeb\\Projet-API\\cine-quote-api\\models\\quote.js": {"path":"C:\\Users\\Acer\\OneDrive - HESSO\\Bureau\\ArchiOWeb\\Projet-API\\cine-quote-api\\models\\quote.js","statementMap":{"0":{"start":{"line":3,"column":20},"end":{"line":17,"column":2}},"1":{"start":{"line":19,"column":14},"end":{"line":19,"column":50}}},"fnMap":{},"branchMap":{},"s":{"0":4,"1":4},"f":{},"b":{},"_coverageSchema":"1a1c01bbd47fc00a2c39e90264f33305004495a9","hash":"b497b3d8da8fda0dd4c72bcd27d98275426c38ce"}
,"C:\\Users\\Acer\\OneDrive - HESSO\\Bureau\\ArchiOWeb\\Projet-API\\cine-quote-api\\models\\user.js": {"path":"C:\\Users\\Acer\\OneDrive - HESSO\\Bureau\\ArchiOWeb\\Projet-API\\cine-quote-api\\models\\user.js","statementMap":{"0":{"start":{"line":4,"column":19},"end":{"line":31,"column":24}},"1":{"start":{"line":34,"column":0},"end":{"line":43,"column":3}},"2":{"start":{"line":35,"column":2},"end":{"line":35,"column":50}},"3":{"start":{"line":35,"column":36},"end":{"line":35,"column":50}},"4":{"start":{"line":36,"column":2},"end":{"line":42,"column":3}},"5":{"start":{"line":37,"column":17},"end":{"line":37,"column":41}},"6":{"start":{"line":38,"column":4},"end":{"line":38,"column":59}},"7":{"start":{"line":39,"column":4},"end":{"line":39,"column":11}},"8":{"start":{"line":41,"column":4},"end":{"line":41,"column":16}},"9":{"start":{"line":46,"column":0},"end":{"line":48,"column":2}},"10":{"start":{"line":47,"column":2},"end":{"line":47,"column":62}},"11":{"start":{"line":50,"column":13},"end":{"line":50,"column":47}}},"fnMap":{"0":{"name":"(anonymous_0)","decl":{"start":{"line":34,"column":23},"end":{"line":34,"column":24}},"loc":{"start":{"line":34,"column":45},"end":{"line":43,"column":1}},"line":34},"1":{"name":"(anonymous_1)","decl":{"start":{"line":46,"column":35},"end":{"line":46,"column":36}},"loc":{"start":{"line":46,"column":68},"end":{"line":48,"column":1}},"line":46}},"branchMap":{"0":{"loc":{"start":{"line":35,"column":2},"end":{"line":35,"column":50}},"type":"if","locations":[{"start":{"line":35,"column":2},"end":{"line":35,"column":50}},{"start":{},"end":{}}],"line":35}},"s":{"0":4,"1":4,"2":39,"3":3,"4":36,"5":36,"6":36,"7":36,"8":0,"9":4,"10":4,"11":4},"f":{"0":39,"1":4},"b":{"0":[3,36]},"_coverageSchema":"1a1c01bbd47fc00a2c39e90264f33305004495a9","hash":"90b4e4a0f5c4ef73e53b20449b91f58d5c7bb297"}
,"C:\\Users\\Acer\\OneDrive - HESSO\\Bureau\\ArchiOWeb\\Projet-API\\cine-quote-api\\routes\\auth.js": {"path":"C:\\Users\\Acer\\OneDrive - HESSO\\Bureau\\ArchiOWeb\\Projet-API\\cine-quote-api\\routes\\auth.js","statementMap":{"0":{"start":{"line":5,"column":15},"end":{"line":5,"column":31}},"1":{"start":{"line":7,"column":0},"end":{"line":7,"column":39}},"2":{"start":{"line":8,"column":0},"end":{"line":8,"column":33}},"3":{"start":{"line":9,"column":0},"end":{"line":9,"column":35}},"4":{"start":{"line":10,"column":0},"end":{"line":10,"column":48}}},"fnMap":{},"branchMap":{},"s":{"0":4,"1":4,"2":4,"3":4,"4":4},"f":{},"b":{},"_coverageSchema":"1a1c01bbd47fc00a2c39e90264f33305004495a9","hash":"b31f7ce291d209b93301c8778f7b01ffa77df4c6"}
,"C:\\Users\\Acer\\OneDrive - HESSO\\Bureau\\ArchiOWeb\\Projet-API\\cine-quote-api\\routes\\favorites.js": {"path":"C:\\Users\\Acer\\OneDrive - HESSO\\Bureau\\ArchiOWeb\\Projet-API\\cine-quote-api\\routes\\favorites.js","statementMap":{"0":{"start":{"line":5,"column":15},"end":{"line":5,"column":31}},"1":{"start":{"line":7,"column":0},"end":{"line":7,"column":39}},"2":{"start":{"line":8,"column":0},"end":{"line":8,"column":39}},"3":{"start":{"line":9,"column":0},"end":{"line":9,"column":44}}},"fnMap":{},"branchMap":{},"s":{"0":4,"1":4,"2":4,"3":4},"f":{},"b":{},"_coverageSchema":"1a1c01bbd47fc00a2c39e90264f33305004495a9","hash":"47c90e4b0eb0ca7e912033beb6779cb44c2dea28"}
,"C:\\Users\\Acer\\OneDrive - HESSO\\Bureau\\ArchiOWeb\\Projet-API\\cine-quote-api\\routes\\films.js": {"path":"C:\\Users\\Acer\\OneDrive - HESSO\\Bureau\\ArchiOWeb\\Projet-API\\cine-quote-api\\routes\\films.js","statementMap":{"0":{"start":{"line":12,"column":15},"end":{"line":12,"column":31}},"1":{"start":{"line":14,"column":0},"end":{"line":14,"column":26}},"2":{"start":{"line":15,"column":0},"end":{"line":15,"column":32}},"3":{"start":{"line":16,"column":0},"end":{"line":16,"column":32}},"4":{"start":{"line":17,"column":0},"end":{"line":17,"column":45}},"5":{"start":{"line":18,"column":0},"end":{"line":18,"column":40}},"6":{"start":{"line":19,"column":0},"end":{"line":19,"column":42}},"7":{"start":{"line":20,"column":0},"end":{"line":20,"column":45}}},"fnMap":{},"branchMap":{},"s":{"0":4,"1":4,"2":4,"3":4,"4":4,"5":4,"6":4,"7":4},"f":{},"b":{},"_coverageSchema":"1a1c01bbd47fc00a2c39e90264f33305004495a9","hash":"204204b9364877c96d09f8a43e37232f5dd625ff"}
,"C:\\Users\\Acer\\OneDrive - HESSO\\Bureau\\ArchiOWeb\\Projet-API\\cine-quote-api\\routes\\quotes.js": {"path":"C:\\Users\\Acer\\OneDrive - HESSO\\Bureau\\ArchiOWeb\\Projet-API\\cine-quote-api\\routes\\quotes.js","statementMap":{"0":{"start":{"line":12,"column":15},"end":{"line":12,"column":31}},"1":{"start":{"line":14,"column":0},"end":{"line":14,"column":27}},"2":{"start":{"line":15,"column":0},"end":{"line":15,"column":38}},"3":{"start":{"line":16,"column":0},"end":{"line":16,"column":33}},"4":{"start":{"line":17,"column":0},"end":{"line":17,"column":47}},"5":{"start":{"line":18,"column":0},"end":{"line":18,"column":54}},"6":{"start":{"line":19,"column":0},"end":{"line":19,"column":55}}},"fnMap":{},"branchMap":{},"s":{"0":4,"1":4,"2":4,"3":4,"4":4,"5":4,"6":4},"f":{},"b":{},"_coverageSchema":"1a1c01bbd47fc00a2c39e90264f33305004495a9","hash":"fe6c993cf4727cd49deda2fcfcb63638c516583a"}
,"C:\\Users\\Acer\\OneDrive - HESSO\\Bureau\\ArchiOWeb\\Projet-API\\cine-quote-api\\routes\\users.js": {"path":"C:\\Users\\Acer\\OneDrive - HESSO\\Bureau\\ArchiOWeb\\Projet-API\\cine-quote-api\\routes\\users.js","statementMap":{"0":{"start":{"line":12,"column":15},"end":{"line":12,"column":31}},"1":{"start":{"line":15,"column":0},"end":{"line":15,"column":48}},"2":{"start":{"line":18,"column":0},"end":{"line":18,"column":41}},"3":{"start":{"line":21,"column":0},"end":{"line":21,"column":42}},"4":{"start":{"line":24,"column":0},"end":{"line":24,"column":43}}},"fnMap":{},"branchMap":{},"s":{"0":4,"1":4,"2":4,"3":4,"4":4},"f":{},"b":{},"_coverageSchema":"1a1c01bbd47fc00a2c39e90264f33305004495a9","hash":"fcabc2c2229c5577c7623c713f9660e1b92019cf"}
,"C:\\Users\\Acer\\OneDrive - HESSO\\Bureau\\ArchiOWeb\\Projet-API\\cine-quote-api\\spec\\setup.js": {"path":"C:\\Users\\Acer\\OneDrive - HESSO\\Bureau\\ArchiOWeb\\Projet-API\\cine-quote-api\\spec\\setup.js","statementMap":{"0":{"start":{"line":10,"column":27},"end":{"line":22,"column":1}},"1":{"start":{"line":12,"column":2},"end":{"line":12,"column":49}},"2":{"start":{"line":13,"column":19},"end":{"line":13,"column":39}},"3":{"start":{"line":16,"column":2},"end":{"line":18,"column":3}},"4":{"start":{"line":17,"column":4},"end":{"line":17,"column":32}},"5":{"start":{"line":21,"column":2},"end":{"line":21,"column":35}},"6":{"start":{"line":25,"column":30},"end":{"line":32,"column":1}},"7":{"start":{"line":26,"column":2},"end":{"line":28,"column":3}},"8":{"start":{"line":27,"column":4},"end":{"line":27,"column":32}},"9":{"start":{"line":29,"column":2},"end":{"line":31,"column":3}},"10":{"start":{"line":30,"column":4},"end":{"line":30,"column":29}},"11":{"start":{"line":35,"column":27},"end":{"line":40,"column":1}},"12":{"start":{"line":36,"column":22},"end":{"line":36,"column":53}},"13":{"start":{"line":37,"column":2},"end":{"line":39,"column":3}},"14":{"start":{"line":38,"column":4},"end":{"line":38,"column":42}},"15":{"start":{"line":43,"column":31},"end":{"line":59,"column":1}},"16":{"start":{"line":44,"column":2},"end":{"line":58,"column":5}},"17":{"start":{"line":45,"column":4},"end":{"line":45,"column":40}},"18":{"start":{"line":48,"column":4},"end":{"line":57,"column":7}},"19":{"start":{"line":49,"column":19},"end":{"line":49,"column":44}},"20":{"start":{"line":50,"column":6},"end":{"line":50,"column":57}},"21":{"start":{"line":53,"column":6},"end":{"line":53,"column":34}},"22":{"start":{"line":54,"column":6},"end":{"line":54,"column":45}},"23":{"start":{"line":56,"column":6},"end":{"line":56,"column":20}},"24":{"start":{"line":62,"column":34},"end":{"line":83,"column":1}},"25":{"start":{"line":63,"column":2},"end":{"line":82,"column":5}},"26":{"start":{"line":65,"column":4},"end":{"line":70,"column":5}},"27":{"start":{"line":66,"column":6},"end":{"line":68,"column":9}},"28":{"start":{"line":67,"column":8},"end":{"line":67,"column":23}},"29":{"start":{"line":69,"column":6},"end":{"line":69,"column":35}},"30":{"start":{"line":73,"column":4},"end":{"line":81,"column":5}},"31":{"start":{"line":74,"column":6},"end":{"line":78,"column":9}},"32":{"start":{"line":75,"column":8},"end":{"line":75,"column":42}},"33":{"start":{"line":76,"column":8},"end":{"line":76,"column":26}},"34":{"start":{"line":77,"column":8},"end":{"line":77,"column":18}},"35":{"start":{"line":80,"column":6},"end":{"line":80,"column":16}}},"fnMap":{"0":{"name":"(anonymous_0)","decl":{"start":{"line":10,"column":27},"end":{"line":10,"column":28}},"loc":{"start":{"line":10,"column":39},"end":{"line":22,"column":1}},"line":10},"1":{"name":"(anonymous_1)","decl":{"start":{"line":25,"column":30},"end":{"line":25,"column":31}},"loc":{"start":{"line":25,"column":42},"end":{"line":32,"column":1}},"line":25},"2":{"name":"(anonymous_2)","decl":{"start":{"line":35,"column":27},"end":{"line":35,"column":28}},"loc":{"start":{"line":35,"column":39},"end":{"line":40,"column":1}},"line":35},"3":{"name":"(anonymous_3)","decl":{"start":{"line":43,"column":31},"end":{"line":43,"column":32}},"loc":{"start":{"line":43,"column":56},"end":{"line":59,"column":1}},"line":43},"4":{"name":"(anonymous_4)","decl":{"start":{"line":44,"column":21},"end":{"line":44,"column":22}},"loc":{"start":{"line":44,"column":34},"end":{"line":58,"column":3}},"line":44},"5":{"name":"(anonymous_5)","decl":{"start":{"line":48,"column":25},"end":{"line":48,"column":26}},"loc":{"start":{"line":48,"column":31},"end":{"line":57,"column":5}},"line":48},"6":{"name":"(anonymous_6)","decl":{"start":{"line":62,"column":34},"end":{"line":62,"column":35}},"loc":{"start":{"line":62,"column":46},"end":{"line":83,"column":1}},"line":62},"7":{"name":"(anonymous_7)","decl":{"start":{"line":63,"column":21},"end":{"line":63,"column":22}},"loc":{"start":{"line":63,"column":34},"end":{"line":82,"column":3}},"line":63},"8":{"name":"(anonymous_8)","decl":{"start":{"line":66,"column":43},"end":{"line":66,"column":44}},"loc":{"start":{"line":66,"column":55},"end":{"line":68,"column":7}},"line":66},"9":{"name":"(anonymous_9)","decl":{"start":{"line":74,"column":23},"end":{"line":74,"column":24}},"loc":{"start":{"line":74,"column":29},"end":{"line":78,"column":7}},"line":74}},"branchMap":{"0":{"loc":{"start":{"line":16,"column":2},"end":{"line":18,"column":3}},"type":"if","locations":[{"start":{"line":16,"column":2},"end":{"line":18,"column":3}},{"start":{},"end":{}}],"line":16},"1":{"loc":{"start":{"line":26,"column":2},"end":{"line":28,"column":3}},"type":"if","locations":[{"start":{"line":26,"column":2},"end":{"line":28,"column":3}},{"start":{},"end":{}}],"line":26},"2":{"loc":{"start":{"line":29,"column":2},"end":{"line":31,"column":3}},"type":"if","locations":[{"start":{"line":29,"column":2},"end":{"line":31,"column":3}},{"start":{},"end":{}}],"line":29},"3":{"loc":{"start":{"line":65,"column":4},"end":{"line":70,"column":5}},"type":"if","locations":[{"start":{"line":65,"column":4},"end":{"line":70,"column":5}},{"start":{},"end":{}}],"line":65},"4":{"loc":{"start":{"line":65,"column":8},"end":{"line":65,"column":48}},"type":"binary-expr","locations":[{"start":{"line":65,"column":8},"end":{"line":65,"column":24}},{"start":{"line":65,"column":28},"end":{"line":65,"column":48}}],"line":65},"5":{"loc":{"start":{"line":73,"column":4},"end":{"line":81,"column":5}},"type":"if","locations":[{"start":{"line":73,"column":4},"end":{"line":81,"column":5}},{"start":{"line":79,"column":11},"end":{"line":81,"column":5}}],"line":73}},"s":{"0":4,"1":4,"2":4,"3":4,"4":0,"5":4,"6":4,"7":4,"8":4,"9":4,"10":4,"11":4,"12":39,"13":39,"14":117,"15":4,"16":3,"17":3,"18":3,"19":3,"20":3,"21":3,"22":3,"23":3,"24":4,"25":3,"26":3,"27":0,"28":0,"29":0,"30":3,"31":3,"32":3,"33":3,"34":3,"35":0},"f":{"0":4,"1":4,"2":39,"3":3,"4":3,"5":3,"6":3,"7":3,"8":0,"9":3},"b":{"0":[0,4],"1":[4,0],"2":[4,0],"3":[0,3],"4":[3,3],"5":[3,0]},"_coverageSchema":"1a1c01bbd47fc00a2c39e90264f33305004495a9","hash":"7afcdae74047ede3e598a9bcc9c213d2b15c0bab"}
,"C:\\Users\\Acer\\OneDrive - HESSO\\Bureau\\ArchiOWeb\\Projet-API\\cine-quote-api\\store\\quizData.mjs": {"path":"C:\\Users\\Acer\\OneDrive - HESSO\\Bureau\\ArchiOWeb\\Projet-API\\cine-quote-api\\store\\quizData.mjs","statementMap":{"0":{"start":{"line":1,"column":25},"end":{"line":118,"column":1}},"1":{"start":{"line":120,"column":26},"end":{"line":266,"column":1}}},"fnMap":{},"branchMap":{},"s":{"0":4,"1":4},"f":{},"b":{},"inputSourceMap":null,"_coverageSchema":"1a1c01bbd47fc00a2c39e90264f33305004495a9","hash":"3a254e670a9906ce48191a9c05b27be762e2abe3"}
,"C:\\Users\\Acer\\OneDrive - HESSO\\Bureau\\ArchiOWeb\\Projet-API\\cine-quote-api\\store\\wsStore.mjs": {"path":"C:\\Users\\Acer\\OneDrive - HESSO\\Bureau\\ArchiOWeb\\Projet-API\\cine-quote-api\\store\\wsStore.mjs","statementMap":{"0":{"start":{"line":7,"column":4},"end":{"line":7,"column":19}},"1":{"start":{"line":8,"column":4},"end":{"line":8,"column":27}},"2":{"start":{"line":9,"column":4},"end":{"line":9,"column":32}},"3":{"start":{"line":10,"column":4},"end":{"line":10,"column":29}},"4":{"start":{"line":15,"column":21},"end":{"line":15,"column":61}},"5":{"start":{"line":15,"column":50},"end":{"line":15,"column":59}},"6":{"start":{"line":18,"column":26},"end":{"line":18,"column":55}},"7":{"start":{"line":18,"column":47},"end":{"line":18,"column":54}},"8":{"start":{"line":20,"column":22},"end":{"line":20,"column":24}},"9":{"start":{"line":22,"column":4},"end":{"line":47,"column":5}},"10":{"start":{"line":23,"column":19},"end":{"line":23,"column":45}},"11":{"start":{"line":24,"column":6},"end":{"line":24,"column":26}},"12":{"start":{"line":24,"column":17},"end":{"line":24,"column":26}},"13":{"start":{"line":26,"column":27},"end":{"line":26,"column":37}},"14":{"start":{"line":27,"column":24},"end":{"line":27,"column":34}},"15":{"start":{"line":30,"column":27},"end":{"line":33,"column":20}},"16":{"start":{"line":31,"column":23},"end":{"line":31,"column":41}},"17":{"start":{"line":32,"column":20},"end":{"line":32,"column":39}},"18":{"start":{"line":35,"column":6},"end":{"line":35,"column":44}},"19":{"start":{"line":35,"column":35},"end":{"line":35,"column":44}},"20":{"start":{"line":37,"column":22},"end":{"line":39,"column":7}},"21":{"start":{"line":38,"column":14},"end":{"line":38,"column":33}},"22":{"start":{"line":41,"column":6},"end":{"line":46,"column":9}},"23":{"start":{"line":50,"column":21},"end":{"line":50,"column":62}},"24":{"start":{"line":50,"column":42},"end":{"line":50,"column":61}},"25":{"start":{"line":51,"column":4},"end":{"line":51,"column":36}},"26":{"start":{"line":55,"column":20},"end":{"line":55,"column":59}},"27":{"start":{"line":57,"column":4},"end":{"line":68,"column":7}},"28":{"start":{"line":70,"column":4},"end":{"line":104,"column":7}},"29":{"start":{"line":71,"column":6},"end":{"line":71,"column":52}},"30":{"start":{"line":73,"column":6},"end":{"line":73,"column":33}},"31":{"start":{"line":75,"column":6},"end":{"line":77,"column":9}},"32":{"start":{"line":76,"column":8},"end":{"line":76,"column":46}},"33":{"start":{"line":79,"column":6},"end":{"line":81,"column":9}},"34":{"start":{"line":80,"column":8},"end":{"line":80,"column":54}},"35":{"start":{"line":83,"column":6},"end":{"line":85,"column":9}},"36":{"start":{"line":84,"column":8},"end":{"line":84,"column":47}},"37":{"start":{"line":88,"column":6},"end":{"line":90,"column":9}},"38":{"start":{"line":89,"column":8},"end":{"line":89,"column":39}},"39":{"start":{"line":92,"column":6},"end":{"line":94,"column":9}},"40":{"start":{"line":93,"column":8},"end":{"line":93,"column":37}},"41":{"start":{"line":96,"column":6},"end":{"line":98,"column":9}},"42":{"start":{"line":97,"column":8},"end":{"line":97,"column":51}},"43":{"start":{"line":100,"column":6},"end":{"line":103,"column":9}},"44":{"start":{"line":101,"column":8},"end":{"line":101,"column":57}},"45":{"start":{"line":102,"column":8},"end":{"line":102,"column":38}},"46":{"start":{"line":106,"column":4},"end":{"line":106,"column":44}},"47":{"start":{"line":110,"column":17},"end":{"line":110,"column":56}},"48":{"start":{"line":111,"column":17},"end":{"line":111,"column":69}},"49":{"start":{"line":113,"column":4},"end":{"line":115,"column":5}},"50":{"start":{"line":114,"column":6},"end":{"line":114,"column":42}},"51":{"start":{"line":116,"column":4},"end":{"line":116,"column":33}},"52":{"start":{"line":120,"column":27},"end":{"line":120,"column":28}},"53":{"start":{"line":122,"column":4},"end":{"line":125,"column":5}},"54":{"start":{"line":123,"column":6},"end":{"line":123,"column":69}},"55":{"start":{"line":124,"column":6},"end":{"line":124,"column":13}},"56":{"start":{"line":127,"column":24},"end":{"line":127,"column":67}},"57":{"start":{"line":128,"column":4},"end":{"line":131,"column":5}},"58":{"start":{"line":129,"column":6},"end":{"line":129,"column":56}},"59":{"start":{"line":130,"column":6},"end":{"line":130,"column":13}},"60":{"start":{"line":133,"column":4},"end":{"line":133,"column":26}},"61":{"start":{"line":134,"column":4},"end":{"line":134,"column":34}},"62":{"start":{"line":136,"column":4},"end":{"line":142,"column":5}},"63":{"start":{"line":137,"column":6},"end":{"line":140,"column":9}},"64":{"start":{"line":141,"column":6},"end":{"line":141,"column":37}},"65":{"start":{"line":144,"column":17},"end":{"line":144,"column":41}},"66":{"start":{"line":147,"column":19},"end":{"line":147,"column":40}},"67":{"start":{"line":150,"column":6},"end":{"line":152,"column":10}},"68":{"start":{"line":155,"column":6},"end":{"line":156,"column":38}},"69":{"start":{"line":158,"column":17},"end":{"line":163,"column":5}},"70":{"start":{"line":165,"column":4},"end":{"line":165,"column":36}},"71":{"start":{"line":167,"column":4},"end":{"line":171,"column":7}},"72":{"start":{"line":173,"column":4},"end":{"line":173,"column":39}},"73":{"start":{"line":174,"column":4},"end":{"line":174,"column":30}},"74":{"start":{"line":176,"column":4},"end":{"line":176,"column":75}},"75":{"start":{"line":180,"column":4},"end":{"line":183,"column":5}},"76":{"start":{"line":181,"column":6},"end":{"line":181,"column":68}},"77":{"start":{"line":182,"column":6},"end":{"line":182,"column":13}},"78":{"start":{"line":185,"column":17},"end":{"line":185,"column":41}},"79":{"start":{"line":186,"column":4},"end":{"line":189,"column":5}},"80":{"start":{"line":187,"column":6},"end":{"line":187,"column":58}},"81":{"start":{"line":188,"column":6},"end":{"line":188,"column":13}},"82":{"start":{"line":191,"column":17},"end":{"line":191,"column":42}},"83":{"start":{"line":192,"column":4},"end":{"line":195,"column":5}},"84":{"start":{"line":193,"column":6},"end":{"line":193,"column":66}},"85":{"start":{"line":194,"column":6},"end":{"line":194,"column":13}},"86":{"start":{"line":197,"column":24},"end":{"line":201,"column":5}},"87":{"start":{"line":203,"column":4},"end":{"line":203,"column":54}},"88":{"start":{"line":207,"column":4},"end":{"line":211,"column":5}},"89":{"start":{"line":208,"column":6},"end":{"line":208,"column":29}},"90":{"start":{"line":209,"column":6},"end":{"line":209,"column":48}},"91":{"start":{"line":210,"column":6},"end":{"line":210,"column":32}},"92":{"start":{"line":215,"column":4},"end":{"line":217,"column":5}},"93":{"start":{"line":216,"column":6},"end":{"line":216,"column":58}},"94":{"start":{"line":221,"column":17},"end":{"line":221,"column":41}},"95":{"start":{"line":222,"column":4},"end":{"line":222,"column":22}},"96":{"start":{"line":222,"column":15},"end":{"line":222,"column":22}},"97":{"start":{"line":224,"column":20},"end":{"line":224,"column":60}},"98":{"start":{"line":225,"column":4},"end":{"line":225,"column":33}},"99":{"start":{"line":228,"column":4},"end":{"line":244,"column":5}},"100":{"start":{"line":229,"column":6},"end":{"line":229,"column":36}},"101":{"start":{"line":230,"column":6},"end":{"line":230,"column":34}},"102":{"start":{"line":233,"column":6},"end":{"line":241,"column":7}},"103":{"start":{"line":234,"column":28},"end":{"line":234,"column":47}},"104":{"start":{"line":235,"column":8},"end":{"line":240,"column":9}},"105":{"start":{"line":236,"column":10},"end":{"line":236,"column":32}},"106":{"start":{"line":237,"column":10},"end":{"line":239,"column":13}},"107":{"start":{"line":243,"column":6},"end":{"line":243,"column":41}},"108":{"start":{"line":246,"column":4},"end":{"line":246,"column":30}},"109":{"start":{"line":251,"column":21},"end":{"line":251,"column":39}},"110":{"start":{"line":252,"column":4},"end":{"line":252,"column":26}},"111":{"start":{"line":252,"column":19},"end":{"line":252,"column":26}},"112":{"start":{"line":254,"column":17},"end":{"line":254,"column":41}},"113":{"start":{"line":255,"column":4},"end":{"line":255,"column":22}},"114":{"start":{"line":255,"column":15},"end":{"line":255,"column":22}},"115":{"start":{"line":257,"column":17},"end":{"line":257,"column":42}},"116":{"start":{"line":258,"column":4},"end":{"line":258,"column":22}},"117":{"start":{"line":258,"column":15},"end":{"line":258,"column":22}},"118":{"start":{"line":260,"column":4},"end":{"line":260,"column":29}},"119":{"start":{"line":262,"column":4},"end":{"line":262,"column":39}},"120":{"start":{"line":266,"column":21},"end":{"line":266,"column":39}},"121":{"start":{"line":267,"column":4},"end":{"line":270,"column":5}},"122":{"start":{"line":268,"column":6},"end":{"line":268,"column":65}},"123":{"start":{"line":269,"column":6},"end":{"line":269,"column":13}},"124":{"start":{"line":272,"column":17},"end":{"line":272,"column":41}},"125":{"start":{"line":273,"column":4},"end":{"line":276,"column":5}},"126":{"start":{"line":274,"column":6},"end":{"line":274,"column":58}},"127":{"start":{"line":275,"column":6},"end":{"line":275,"column":13}},"128":{"start":{"line":278,"column":17},"end":{"line":278,"column":42}},"129":{"start":{"line":279,"column":4},"end":{"line":282,"column":5}},"130":{"start":{"line":280,"column":6},"end":{"line":280,"column":72}},"131":{"start":{"line":281,"column":6},"end":{"line":281,"column":13}},"132":{"start":{"line":284,"column":4},"end":{"line":289,"column":5}},"133":{"start":{"line":285,"column":6},"end":{"line":287,"column":9}},"134":{"start":{"line":288,"column":6},"end":{"line":288,"column":13}},"135":{"start":{"line":291,"column":22},"end":{"line":291,"column":57}},"136":{"start":{"line":292,"column":4},"end":{"line":295,"column":5}},"137":{"start":{"line":293,"column":6},"end":{"line":293,"column":71}},"138":{"start":{"line":294,"column":6},"end":{"line":294,"column":13}},"139":{"start":{"line":297,"column":22},"end":{"line":307,"column":5}},"140":{"start":{"line":310,"column":4},"end":{"line":312,"column":5}},"141":{"start":{"line":311,"column":6},"end":{"line":311,"column":41}},"142":{"start":{"line":314,"column":4},"end":{"line":314,"column":42}},"143":{"start":{"line":316,"column":4},"end":{"line":319,"column":7}},"144":{"start":{"line":321,"column":4},"end":{"line":321,"column":32}},"145":{"start":{"line":325,"column":21},"end":{"line":325,"column":39}},"146":{"start":{"line":326,"column":4},"end":{"line":326,"column":26}},"147":{"start":{"line":326,"column":19},"end":{"line":326,"column":26}},"148":{"start":{"line":328,"column":17},"end":{"line":328,"column":43}},"149":{"start":{"line":329,"column":17},"end":{"line":329,"column":41}},"150":{"start":{"line":330,"column":4},"end":{"line":330,"column":48}},"151":{"start":{"line":330,"column":41},"end":{"line":330,"column":48}},"152":{"start":{"line":332,"column":19},"end":{"line":332,"column":44}},"153":{"start":{"line":333,"column":4},"end":{"line":333,"column":24}},"154":{"start":{"line":333,"column":17},"end":{"line":333,"column":24}},"155":{"start":{"line":335,"column":28},"end":{"line":335,"column":61}},"156":{"start":{"line":336,"column":4},"end":{"line":336,"column":33}},"157":{"start":{"line":336,"column":26},"end":{"line":336,"column":33}},"158":{"start":{"line":338,"column":28},"end":{"line":340,"column":5}},"159":{"start":{"line":339,"column":13},"end":{"line":339,"column":37}},"160":{"start":{"line":341,"column":4},"end":{"line":341,"column":32}},"161":{"start":{"line":341,"column":25},"end":{"line":341,"column":32}},"162":{"start":{"line":343,"column":16},"end":{"line":343,"column":26}},"163":{"start":{"line":344,"column":20},"end":{"line":344,"column":57}},"164":{"start":{"line":346,"column":26},"end":{"line":346,"column":55}},"165":{"start":{"line":348,"column":6},"end":{"line":349,"column":40}},"166":{"start":{"line":351,"column":4},"end":{"line":355,"column":7}},"167":{"start":{"line":357,"column":4},"end":{"line":363,"column":5}},"168":{"start":{"line":358,"column":6},"end":{"line":361,"column":7}},"169":{"start":{"line":359,"column":8},"end":{"line":359,"column":33}},"170":{"start":{"line":360,"column":8},"end":{"line":360,"column":26}},"171":{"start":{"line":362,"column":6},"end":{"line":362,"column":33}},"172":{"start":{"line":367,"column":20},"end":{"line":369,"column":38}},"173":{"start":{"line":368,"column":21},"end":{"line":368,"column":30}},"174":{"start":{"line":369,"column":22},"end":{"line":369,"column":37}},"175":{"start":{"line":371,"column":20},"end":{"line":371,"column":30}},"176":{"start":{"line":372,"column":21},"end":{"line":372,"column":22}},"177":{"start":{"line":374,"column":22},"end":{"line":374,"column":24}},"178":{"start":{"line":377,"column":4},"end":{"line":385,"column":5}},"179":{"start":{"line":378,"column":6},"end":{"line":384,"column":9}},"180":{"start":{"line":388,"column":4},"end":{"line":403,"column":7}},"181":{"start":{"line":389,"column":19},"end":{"line":389,"column":21}},"182":{"start":{"line":390,"column":20},"end":{"line":390,"column":66}},"183":{"start":{"line":391,"column":21},"end":{"line":391,"column":33}},"184":{"start":{"line":393,"column":19},"end":{"line":393,"column":53}},"185":{"start":{"line":394,"column":23},"end":{"line":394,"column":36}},"186":{"start":{"line":395,"column":6},"end":{"line":395,"column":46}},"187":{"start":{"line":397,"column":25},"end":{"line":397,"column":69}},"188":{"start":{"line":397,"column":47},"end":{"line":397,"column":68}},"189":{"start":{"line":398,"column":6},"end":{"line":402,"column":7}},"190":{"start":{"line":399,"column":8},"end":{"line":399,"column":34}},"191":{"start":{"line":400,"column":8},"end":{"line":400,"column":34}},"192":{"start":{"line":401,"column":8},"end":{"line":401,"column":49}},"193":{"start":{"line":405,"column":4},"end":{"line":405,"column":21}},"194":{"start":{"line":409,"column":19},"end":{"line":409,"column":21}},"195":{"start":{"line":410,"column":4},"end":{"line":416,"column":5}},"196":{"start":{"line":411,"column":6},"end":{"line":415,"column":9}},"197":{"start":{"line":417,"column":4},"end":{"line":417,"column":45}},"198":{"start":{"line":417,"column":26},"end":{"line":417,"column":43}},"199":{"start":{"line":418,"column":4},"end":{"line":418,"column":18}},"200":{"start":{"line":422,"column":17},"end":{"line":422,"column":43}},"201":{"start":{"line":423,"column":17},"end":{"line":423,"column":41}},"202":{"start":{"line":424,"column":4},"end":{"line":424,"column":31}},"203":{"start":{"line":424,"column":24},"end":{"line":424,"column":31}},"204":{"start":{"line":426,"column":4},"end":{"line":429,"column":5}},"205":{"start":{"line":427,"column":6},"end":{"line":427,"column":29}},"206":{"start":{"line":428,"column":6},"end":{"line":428,"column":13}},"207":{"start":{"line":431,"column":4},"end":{"line":431,"column":32}},"208":{"start":{"line":432,"column":4},"end":{"line":432,"column":40}},"209":{"start":{"line":434,"column":21},"end":{"line":434,"column":54}},"210":{"start":{"line":436,"column":20},"end":{"line":442,"column":5}},"211":{"start":{"line":444,"column":4},"end":{"line":447,"column":7}},"212":{"start":{"line":449,"column":4},"end":{"line":451,"column":5}},"213":{"start":{"line":450,"column":6},"end":{"line":450,"column":31}},"214":{"start":{"line":452,"column":4},"end":{"line":454,"column":32}},"215":{"start":{"line":453,"column":6},"end":{"line":453,"column":33}},"216":{"start":{"line":458,"column":17},"end":{"line":458,"column":43}},"217":{"start":{"line":459,"column":17},"end":{"line":459,"column":41}},"218":{"start":{"line":460,"column":4},"end":{"line":460,"column":48}},"219":{"start":{"line":460,"column":41},"end":{"line":460,"column":48}},"220":{"start":{"line":462,"column":20},"end":{"line":462,"column":61}},"221":{"start":{"line":464,"column":4},"end":{"line":468,"column":7}},"222":{"start":{"line":470,"column":4},"end":{"line":470,"column":27}},"223":{"start":{"line":471,"column":4},"end":{"line":471,"column":32}},"224":{"start":{"line":475,"column":17},"end":{"line":475,"column":43}},"225":{"start":{"line":476,"column":17},"end":{"line":476,"column":41}},"226":{"start":{"line":477,"column":4},"end":{"line":477,"column":31}},"227":{"start":{"line":477,"column":24},"end":{"line":477,"column":31}},"228":{"start":{"line":479,"column":4},"end":{"line":479,"column":25}},"229":{"start":{"line":480,"column":4},"end":{"line":483,"column":5}},"230":{"start":{"line":481,"column":6},"end":{"line":481,"column":31}},"231":{"start":{"line":482,"column":6},"end":{"line":482,"column":24}},"232":{"start":{"line":485,"column":24},"end":{"line":485,"column":56}},"233":{"start":{"line":487,"column":4},"end":{"line":489,"column":7}},"234":{"start":{"line":491,"column":4},"end":{"line":491,"column":34}},"235":{"start":{"line":495,"column":17},"end":{"line":495,"column":41}},"236":{"start":{"line":496,"column":4},"end":{"line":496,"column":22}},"237":{"start":{"line":496,"column":15},"end":{"line":496,"column":22}},"238":{"start":{"line":498,"column":18},"end":{"line":498,"column":49}},"239":{"start":{"line":499,"column":4},"end":{"line":499,"column":51}},"240":{"start":{"line":503,"column":22},"end":{"line":503,"column":41}},"241":{"start":{"line":504,"column":4},"end":{"line":504,"column":41}},"242":{"start":{"line":508,"column":22},"end":{"line":508,"column":41}},"243":{"start":{"line":509,"column":4},"end":{"line":509,"column":42}},"244":{"start":{"line":513,"column":22},"end":{"line":513,"column":24}},"245":{"start":{"line":514,"column":4},"end":{"line":521,"column":7}},"246":{"start":{"line":515,"column":26},"end":{"line":515,"column":69}},"247":{"start":{"line":516,"column":6},"end":{"line":520,"column":9}},"248":{"start":{"line":522,"column":4},"end":{"line":522,"column":21}},"249":{"start":{"line":526,"column":21},"end":{"line":534,"column":13}},"250":{"start":{"line":527,"column":6},"end":{"line":533,"column":7}},"251":{"start":{"line":528,"column":8},"end":{"line":532,"column":11}},"252":{"start":{"line":536,"column":4},"end":{"line":536,"column":48}},"253":{"start":{"line":540,"column":19},"end":{"line":540,"column":48}},"254":{"start":{"line":541,"column":4},"end":{"line":544,"column":5}},"255":{"start":{"line":542,"column":6},"end":{"line":542,"column":37}},"256":{"start":{"line":543,"column":6},"end":{"line":543,"column":39}},"257":{"start":{"line":548,"column":24},"end":{"line":548,"column":45}}},"fnMap":{"0":{"name":"(anonymous_0)","decl":{"start":{"line":6,"column":2},"end":{"line":6,"column":3}},"loc":{"start":{"line":6,"column":16},"end":{"line":11,"column":3}},"line":6},"1":{"name":"(anonymous_1)","decl":{"start":{"line":13,"column":2},"end":{"line":13,"column":3}},"loc":{"start":{"line":13,"column":41},"end":{"line":52,"column":3}},"line":13},"2":{"name":"(anonymous_2)","decl":{"start":{"line":15,"column":43},"end":{"line":15,"column":44}},"loc":{"start":{"line":15,"column":50},"end":{"line":15,"column":59}},"line":15},"3":{"name":"(anonymous_3)","decl":{"start":{"line":18,"column":40},"end":{"line":18,"column":41}},"loc":{"start":{"line":18,"column":47},"end":{"line":18,"column":54}},"line":18},"4":{"name":"(anonymous_4)","decl":{"start":{"line":31,"column":16},"end":{"line":31,"column":17}},"loc":{"start":{"line":31,"column":23},"end":{"line":31,"column":41}},"line":31},"5":{"name":"(anonymous_5)","decl":{"start":{"line":32,"column":14},"end":{"line":32,"column":15}},"loc":{"start":{"line":32,"column":20},"end":{"line":32,"column":39}},"line":32},"6":{"name":"(anonymous_6)","decl":{"start":{"line":38,"column":8},"end":{"line":38,"column":9}},"loc":{"start":{"line":38,"column":14},"end":{"line":38,"column":33}},"line":38},"7":{"name":"(anonymous_7)","decl":{"start":{"line":50,"column":36},"end":{"line":50,"column":37}},"loc":{"start":{"line":50,"column":42},"end":{"line":50,"column":61}},"line":50},"8":{"name":"(anonymous_8)","decl":{"start":{"line":54,"column":2},"end":{"line":54,"column":3}},"loc":{"start":{"line":54,"column":20},"end":{"line":107,"column":3}},"line":54},"9":{"name":"(anonymous_9)"
[...]
)","decl":{"start":{"line":366,"column":2},"end":{"line":366,"column":3}},"loc":{"start":{"line":366,"column":39},"end":{"line":406,"column":3}},"line":366},"28":{"name":"(anonymous_28)","decl":{"start":{"line":368,"column":14},"end":{"line":368,"column":15}},"loc":{"start":{"line":368,"column":21},"end":{"line":368,"column":30}},"line":368},"29":{"name":"(anonymous_29)","decl":{"start":{"line":369,"column":12},"end":{"line":369,"column":13}},"loc":{"start":{"line":369,"column":22},"end":{"line":369,"column":37}},"line":369},"30":{"name":"(anonymous_30)","decl":{"start":{"line":388,"column":20},"end":{"line":388,"column":21}},"loc":{"start":{"line":388,"column":34},"end":{"line":403,"column":5}},"line":388},"31":{"name":"(anonymous_31)","decl":{"start":{"line":397,"column":40},"end":{"line":397,"column":41}},"loc":{"start":{"line":397,"column":47},"end":{"line":397,"column":68}},"line":397},"32":{"name":"(anonymous_32)","decl":{"start":{"line":408,"column":2},"end":{"line":408,"column":3}},"loc":{"start":{"line":408,"column":30},"end":{"line":419,"column":3}},"line":408},"33":{"name":"(anonymous_33)","decl":{"start":{"line":417,"column":16},"end":{"line":417,"column":17}},"loc":{"start":{"line":417,"column":26},"end":{"line":417,"column":43}},"line":417},"34":{"name":"(anonymous_34)","decl":{"start":{"line":421,"column":2},"end":{"line":421,"column":3}},"loc":{"start":{"line":421,"column":25},"end":{"line":455,"column":3}},"line":421},"35":{"name":"(anonymous_35)","decl":{"start":{"line":452,"column":28},"end":{"line":452,"column":29}},"loc":{"start":{"line":452,"column":34},"end":{"line":454,"column":5}},"line":452},"36":{"name":"(anonymous_36)","decl":{"start":{"line":457,"column":2},"end":{"line":457,"column":3}},"loc":{"start":{"line":457,"column":24},"end":{"line":472,"column":3}},"line":457},"37":{"name":"(anonymous_37)","decl":{"start":{"line":474,"column":2},"end":{"line":474,"column":3}},"loc":{"start":{"line":474,"column":20},"end":{"line":492,"column":3}},"line":474},"38":{"name":"(anonymous_38)","decl":{"start":{"line":494,"column":2},"end":{"line":494,"column":3}},"loc":{"start":{"line":494,"column":32},"end":{"line":500,"column":3}},"line":494},"39":{"name":"(anonymous_39)","decl":{"start":{"line":502,"column":2},"end":{"line":502,"column":3}},"loc":{"start":{"line":502,"column":24},"end":{"line":505,"column":3}},"line":502},"40":{"name":"(anonymous_40)","decl":{"start":{"line":507,"column":2},"end":{"line":507,"column":3}},"loc":{"start":{"line":507,"column":23},"end":{"line":510,"column":3}},"line":507},"41":{"name":"(anonymous_41)","decl":{"start":{"line":512,"column":2},"end":{"line":512,"column":3}},"loc":{"start":{"line":512,"column":17},"end":{"line":523,"column":3}},"line":512},"42":{"name":"(anonymous_42)","decl":{"start":{"line":514,"column":23},"end":{"line":514,"column":24}},"loc":{"start":{"line":514,"column":43},"end":{"line":521,"column":5}},"line":514},"43":{"name":"(anonymous_43)","decl":{"start":{"line":525,"column":2},"end":{"line":525,"column":3}},"loc":{"start":{"line":525,"column":28},"end":{"line":537,"column":3}},"line":525},"44":{"name":"(anonymous_44)","decl":{"start":{"line":526,"column":33},"end":{"line":526,"column":34}},"loc":{"start":{"line":526,"column":39},"end":{"line":534,"column":5}},"line":526},"45":{"name":"(anonymous_45)","decl":{"start":{"line":539,"column":2},"end":{"line":539,"column":3}},"loc":{"start":{"line":539,"column":27},"end":{"line":545,"column":3}},"line":539}},"branchMap":{"0":{"loc":{"start":{"line":13,"column":29},"end":{"line":13,"column":39}},"type":"default-arg","locations":[{"start":{"line":13,"column":37},"end":{"line":13,"column":39}}],"line":13},"1":{"loc":{"start":{"line":24,"column":6},"end":{"line":24,"column":26}},"type":"if","locations":[{"start":{"line":24,"column":6},"end":{"line":24,"column":26}},{"start":{},"end":{}}],"line":24},"2":{"loc":{"start":{"line":35,"column":6},"end":{"line":35,"column":44}},"type":"if","locations":[{"start":{"line":35,"column":6},"end":{"line":35,"column":44}},{"start":{},"end":{}}],"line":35},"3":{"loc":{"start":{"line":55,"column":20},"end":{"line":55,"column":59}},"type":"binary-expr","locations":[{"start":{"line":55,"column":20},"end":{"line":55,"column":44}},{"start":{"line":55,"column":48},"end":{"line":55,"column":59}}],"line":55},"4":{"loc":{"start":{"line":110,"column":17},"end":{"line":110,"column":56}},"type":"binary-expr","locations":[{"start":{"line":110,"column":17},"end":{"line":110,"column":41}},{"start":{"line":110,"column":45},"end":{"line":110,"column":56}}],"line":110},"5":{"loc":{"start":{"line":111,"column":17},"end":{"line":111,"column":69}},"type":"binary-expr","locations":[{"start":{"line":111,"column":17},"end":{"line":111,"column":33}},{"start":{"line":111,"column":37},"end":{"line":111,"column":61}},{"start":{"line":111,"column":65},"end":{"line":111,"column":69}}],"line":111},"6":{"loc":{"start":{"line":113,"column":4},"end":{"line":115,"column":5}},"type":"if","locations":[{"start":{"line":113,"column":4},"end":{"line":115,"column":5}},{"start":{},"end":{}}],"line":113},"7":{"loc":{"start":{"line":122,"column":4},"end":{"line":125,"column":5}},"type":"if","locations":[{"start":{"line":122,"column":4},"end":{"line":125,"column":5}},{"start":{},"end":{}}],"line":122},"8":{"loc":{"start":{"line":122,"column":8},"end":{"line":122,"column":43}},"type":"binary-expr","locations":[{"start":{"line":122,"column":8},"end":{"line":122,"column":17}},{"start":{"line":122,"column":21},"end":{"line":122,"column":43}}],"line":122},"9":{"loc":{"start":{"line":128,"column":4},"end":{"line":131,"column":5}},"type":"if","locations":[{"start":{"line":128,"column":4},"end":{"line":131,"column":5}},{"start":{},"end":{}}],"line":128},"10":{"loc":{"start":{"line":128,"column":8},"end":{"line":128,"column":57}},"type":"binary-expr","locations":[{"start":{"line":128,"column":8},"end":{"line":128,"column":19}},{"start":{"line":128,"column":23},"end":{"line":128,"column":57}}],"line":128},"11":{"loc":{"start":{"line":136,"column":4},"end":{"line":142,"column":5}},"type":"if","locations":[{"start":{"line":136,"column":4},"end":{"line":142,"column":5}},{"start":{},"end":{}}],"line":136},"12":{"loc":{"start":{"line":150,"column":6},"end":{"line":152,"column":10}},"type":"binary-expr","locations":[{"start":{"line":150,"column":6},"end":{"line":150,"column":37}},{"start":{"line":151,"column":6},"end":{"line":151,"column":38}},{"start":{"line":152,"column":6},"end":{"line":152,"column":10}}],"line":150},"13":{"loc":{"start":{"line":155,"column":6},"end":{"line":156,"column":38}},"type":"binary-expr","locations":[{"start":{"line":155,"column":7},"end":{"line":155,"column":39}},{"start":{"line":155,"column":43},"end":{"line":155,"column":62}},{"start":{"line":156,"column":6},"end":{"line":156,"column":38}}],"line":155},"14":{"loc":{"start":{"line":180,"column":4},"end":{"line":183,"column":5}},"type":"if","locations":[{"start":{"line":180,"column":4},"end":{"line":183,"column":5}},{"start":{},"end":{}}],"line":180},"15":{"loc":{"start":{"line":180,"column":8},"end":{"line":180,"column":62}},"type":"binary-expr","locations":[{"start":{"line":180,"column":8},"end":{"line":180,"column":27}},{"start":{"line":180,"column":31},"end":{"line":180,"column":62}}],"line":180},"16":{"loc":{"start":{"line":186,"column":4},"end":{"line":189,"column":5}},"type":"if","locations":[{"start":{"line":186,"column":4},"end":{"line":189,"column":5}},{"start":{},"end":{}}],"line":186},"17":{"loc":{"start":{"line":192,"column":4},"end":{"line":195,"column":5}},"type":"if","locations":[{"start":{"line":192,"column":4},"end":{"line":195,"column":5}},{"start":{},"end":{}}],"line":192},"18":{"loc":{"start":{"line":207,"column":4},"end":{"line":211,"column":5}},"type":"if","locations":[{"start":{"line":207,"column":4},"end":{"line":211,"column":5}},{"start":{},"end":{}}],"line":207},"19":{"loc":{"start":{"line":215,"column":4},"end":{"line":217,"column":5}},"type":"if","locations":[{"start":{"line":215,"column":4},"end":{"line":217,"column":5}},{"start":{},"end":{}}],"line":215},"20":{"loc":{"start":{"line":222,"column":4},"end":{"line":222,"column":22}},"type":"if","locations":[{"start":{"line":222,"column":4},"end":{"line":222,"column":22}},{"start":{},"end":{}}],"line":222},"21":{"loc":{"start":{"line":228,"column":4},"end":{"line":244,"column":5}},"type":"if","locations":[{"start":{"line":228,"column":4},"end":{"line":244,"column":5}},{"start":{"line":231,"column":11},"end":{"line":244,"column":5}}],"line":228},"22":{"loc":{"start":{"line":233,"column":6},"end":{"line":241,"column":7}},"type":"if","locations":[{"start":{"line":233,"column":6},"end":{"line":241,"column":7}},{"start":{},"end":{}}],"line":233},"23":{"loc":{"start":{"line":235,"column":8},"end":{"line":240,"column":9}},"type":"if","locations":[{"start":{"line":235,"column":8},"end":{"line":240,"column":9}},{"start":{},"end":{}}],"line":235},"24":{"loc":{"start":{"line":252,"column":4},"end":{"line":252,"column":26}},"type":"if","locations":[{"start":{"line":252,"column":4},"end":{"line":252,"column":26}},{"start":{},"end":{}}],"line":252},"25":{"loc":{"start":{"line":255,"column":4},"end":{"line":255,"column":22}},"type":"if","locations":[{"start":{"line":255,"column":4},"end":{"line":255,"column":22}},{"start":{},"end":{}}],"line":255},"26":{"loc":{"start":{"line":258,"column":4},"end":{"line":258,"column":22}},"type":"if","locations":[{"start":{"line":258,"column":4},"end":{"line":258,"column":22}},{"start":{},"end":{}}],"line":258},"27":{"loc":{"start":{"line":267,"column":4},"end":{"line":270,"column":5}},"type":"if","locations":[{"start":{"line":267,"column":4},"end":{"line":270,"column":5}},{"start":{},"end":{}}],"line":267},"28":{"loc":{"start":{"line":273,"column":4},"end":{"line":276,"column":5}},"type":"if","locations":[{"start":{"line":273,"column":4},"end":{"line":276,"column":5}},{"start":{},"end":{}}],"line":273},"29":{"loc":{"start":{"line":279,"column":4},"end":{"line":282,"column":5}},"type":"if","locations":[{"start":{"line":279,"column":4},"end":{"line":282,"column":5}},{"start":{},"end":{}}],"line":279},"30":{"loc":{"start":{"line":279,"column":8},"end":{"line":279,"column":27}},"type":"binary-expr","locations":[{"start":{"line":279,"column":8},"end":{"line":279,"column":13}},{"start":{"line":279,"column":17},"end":{"line":279,"column":27}}],"line":279},"31":{"loc":{"start":{"line":284,"column":4},"end":{"line":289,"column":5}},"type":"if","locations":[{"start":{"line":284,"column":4},"end":{"line":289,"column":5}},{"start":{},"end":{}}],"line":284},"32":{"loc":{"start":{"line":292,"column":4},"end":{"line":295,"column":5}},"type":"if","locations":[{"start":{"line":292,"column":4},"end":{"line":295,"column":5}},{"start":{},"end":{}}],"line":292},"33":{"loc":{"start":{"line":326,"column":4},"end":{"line":326,"column":26}},"type":"if","locations":[{"start":{"line":326,"column":4},"end":{"line":326,"column":26}},{"start":{},"end":{}}],"line":326},"34":{"loc":{"start":{"line":330,"column":4},"end":{"line":330,"column":48}},"type":"if","locations":[{"start":{"line":330,"column":4},"end":{"line":330,"column":48}},{"start":{},"end":{}}],"line":330},"35":{"loc":{"start":{"line":330,"column":8},"end":{"line":330,"column":39}},"type":"binary-expr","locations":[{"start":{"line":330,"column":8},"end":{"line":330,"column":13}},{"start":{"line":330,"column":17},"end":{"line":330,"column":22}},{"start":{"line":330,"column":26},"end":{"line":330,"column":39}}],"line":330},"36":{"loc":{"start":{"line":333,"column":4},"end":{"line":333,"column":24}},"type":"if","locations":[{"start":{"line":333,"column":4},"end":{"line":333,"column":24}},{"start":{},"end":{}}],"line":333},"37":{"loc":{"start":{"line":336,"column":4},"end":{"line":336,"column":33}},"type":"if","locations":[{"start":{"line":336,"column":4},"end":{"line":336,"column":33}},{"start":{},"end":{}}],"line":336},"38":{"loc":{"start":{"line":341,"column":4},"end":{"line":341,"column":32}},"type":"if","locations":[{"start":{"line":341,"column":4},"end":{"line":341,"column":32}},{"start":{},"end":{}}],"line":341},"39":{"loc":{"start":{"line":344,"column":27},"end":{"line":344,"column":56}},"type":"binary-expr","locations":[{"start":{"line":344,"column":27},"end":{"line":344,"column":49}},{"start":{"line":344,"column":53},"end":{"line":344,"column":56}}],"line":344},"40":{"loc":{"start":{"line":357,"column":4},"end":{"line":363,"column":5}},"type":"if","locations":[{"start":{"line":357,"column":4},"end":{"line":363,"column":5}},{"start":{},"end":{}}],"line":357},"41":{"loc":{"start":{"line":358,"column":6},"end":{"line":361,"column":7}},"type":"if","locations":[{"start":{"line":358,"column":6},"end":{"line":361,"column":7}},{"start":{},"end":{}}],"line":358},"42":{"loc":{"start":{"line":383,"column":28},"end":{"line":383,"column":59}},"type":"binary-expr","locations":[{"start":{"line":383,"column":28},"end":{"line":383,"column":54}},{"start":{"line":383,"column":58},"end":{"line":383,"column":59}}],"line":383},"43":{"loc":{"start":{"line":390,"column":20},"end":{"line":390,"column":66}},"type":"cond-expr","locations":[{"start":{"line":390,"column":43},"end":{"line":390,"column":55}},{"start":{"line":390,"column":58},"end":{"line":390,"column":66}}],"line":390},"44":{"loc":{"start":{"line":393,"column":19},"end":{"line":393,"column":53}},"type":"binary-expr","locations":[{"start":{"line":393,"column":19},"end":{"line":393,"column":48}},{"start":{"line":393,"column":52},"end":{"line":393,"column":53}}],"line":393},"45":{"loc":{"start":{"line":398,"column":6},"end":{"line":402,"column":7}},"type":"if","locations":[{"start":{"line":398,"column":6},"end":{"line":402,"column":7}},{"start":{},"end":{}}],"line":398},"46":{"loc":{"start":{"line":414,"column":15},"end":{"line":414,"column":46}},"type":"binary-expr","locations":[{"start":{"line":414,"column":15},"end":{"line":414,"column":41}},{"start":{"line":414,"column":45},"end":{"line":414,"column":46}}],"line":414},"47":{"loc":{"start":{"line":424,"column":4},"end":{"line":424,"column":31}},"type":"if","locations":[{"start":{"line":424,"column":4},"end":{"line":424,"column":31}},{"start":{},"end":{}}],"line":424},"48":{"loc":{"start":{"line":424,"column":8},"end":{"line":424,"column":22}},"type":"binary-expr","locations":[{"start":{"line":424,"column":8},"end":{"line":424,"column":13}},{"start":{"line":424,"column":17},"end":{"line":424,"column":22}}],"line":424},"49":{"loc":{"start":{"line":426,"column":4},"end":{"line":429,"column":5}},"type":"if","locations":[{"start":{"line":426,"column":4},"end":{"line":429,"column":5}},{"start":{},"end":{}}],"line":426},"50":{"loc":{"start":{"line":449,"column":4},"end":{"line":451,"column":5}},"type":"if","locations":[{"start":{"line":449,"column":4},"end":{"line":451,"column":5}},{"start":{},"end":{}}],"line":449},"51":{"loc":{"start":{"line":460,"column":4},"end":{"line":460,"column":48}},"type":"if","locations":[{"start":{"line":460,"column":4},"end":{"line":460,"column":48}},{"start":{},"end":{}}],"line":460},"52":{"loc":{"start":{"line":460,"column":8},"end":{"line":460,"column":39}},"type":"binary-expr","locations":[{"start":{"line":460,"column":8},"end":{"line":460,"column":13}},{"start":{"line":460,"column":17},"end":{"line":460,"column":22}},{"start":{"line":460,"column":26},"end":{"line":460,"column":39}}],"line":460},"53":{"loc":{"start":{"line":477,"column":4},"end":{"line":477,"column":31}},"type":"if","locations":[{"start":{"line":477,"column":4},"end":{"line":477,"column":31}},{"start":{},"end":{}}],"line":477},"54":{"loc":{"start":{"line":477,"column":8},"end":{"line":477,"column":22}},"type":"binary-expr","locations":[{"start":{"line":477,"column":8},"end":{"line":477,"column":13}},{"start":{"line":477,"column":17},"end":{"line":477,"column":22}}],"line":477},"55":{"loc":{"start":{"line":480,"column":4},"end":{"line":483,"column":5}},"type":"if","locations":[{"start":{"line":480,"column":4},"end":{"line":483,"column":5}},{"start":{},"end":{}}],"line":480},"56":{"loc":{"start":{"line":496,"column":4},"end":{"line":496,"column":22}},"type":"if","locations":[{"start":{"line":496,"column":4},"end":{"line":496,"column":22}},{"start":{},"end":{}}],"line":496},"57":{"loc":{"start":{"line":518,"column":17},"end":{"line":518,"column":51}},"type":"cond-expr","locations":[{"start":{"line":518,"column":31},"end":{"line":518,"column":47}},{"start":{"line":518,"column":50},"end":{"line":518,"column":51}}],"line":518},"58":{"loc":{"start":{"line":527,"column":6},"end":{"line":533,"column":7}},"type":"if","locations":[{"start":{"line":527,"column":6},"end":{"line":533,"column":7}},{"start":{},"end":{}}],"line":527},"59":{"loc":{"start":{"line":541,"column":4},"end":{"line":544,"column":5}},"type":"if","locations":[{"start":{"line":541,"column":4},"end":{"line":544,"column":5}},{"start":{},"end":{}}],"line":541}},"s":{"0":4,"1":4,"2":4,"3":4,"4":0,"5":0,"6":0,"7":0,"8":0,"9":0,"10":0,"11":0,"12":0,"13":0,"14":0,"15":0,"16":0,"17":0,"18":0,"19":0,"20":0,"21":0,"22":0,"23":0,"24":0,"25":0,"26":3,"27":3,"28":3,"29":0,"30":0,"31":0,"32":0,"33":0,"34":0,"35":0,"36":0,"37":0,"38":0,"39":0,"40":0,"41":0,"42":0,"43":0,"44":0,"45":0,"46":3,"47":0,"48":0,"49":0,"50":0,"51":0,"52":0,"53":0,"54":0,"55":0,"56":0,"57":0,"58":0,"59":0,"60":0,"61":0,"62":0,"63":0,"64":0,"65":0,"66":0,"67":0,"68":0,"69":0,"70":0,"71":0,"72":0,"73":0,"74":0,"75":0,"76":0,"77":0,"78":0,"79":0,"80":0,"81":0,"82":0,"83":0,"84":0,"85":0,"86":0,"87":0,"88":0,"89":0,"90":0,"91":0,"92":0,"93":0,"94":0,"95":0,"96":0,"97":0,"98":0,"99":0,"100":0,"101":0,"102":0,"103":0,"104":0,"105":0,"106":0,"107":0,"108":0,"109":0,"110":0,"111":0,"112":0,"113":0,"114":0,"115":0,"116":0,"117":0,"118":0,"119":0,"120":0,"121":0,"122":0,"123":0,"124":0,"125":0,"126":0,"127":0,"128":0,"129":0,"130":0,"131":0,"132":0,"133":0,"134":0,"135":0,"136":0,"137":0,"138":0,"139":0,"140":0,"141":0,"142":0,"143":0,"144":0,"145":0,"146":0,"147":0,"148":0,"149":0,"150":0,"151":0,"152":0,"153":0,"154":0,"155":0,"156":0,"157":0,"158":0,"159":0,"160":0,"161":0,"162":0,"163":0,"164":0,"165":0,"166":0,"167":0,"168":0,"169":0,"170":0,"171":0,"172":0,"173":0,"174":0,"175":0,"176":0,"177":0,"178":0,"179":0,"180":0,"181":0,"182":0,"183":0,"184":0,"185":0,"186":0,"187":0,"188":0,"189":0,"190":0,"191":0,"192":0,"193":0,"194":0,"195":0,"196":0,"197":0,"198":0,"199":0,"200":0,"201":0,"202":0,"203":0,"204":0,"205":0,"206":0,"207":0,"208":0,"209":0,"210":0,"211":0,"212":0,"213":0,"214":0,"215":0,"216":0,"217":0,"218":0,"219":0,"220":0,"221":0,"222":0,"223":0,"224":0,"225":0,"226":0,"227":0,"228":0,"229":0,"230":0,"231":0,"232":0,"233":0,"234":0,"235":0,"236":0,"237":0,"238":0,"239":0,"240":0,"241":0,"242":0,"243":0,"244":0,"245":0,"246":0,"247":0,"248":0,"249":0,"250":0,"251":0,"252":0,"253":0,"254":0,"255":0,"256":0,"257":4},"f":{"0":4,"1":0,"2":0,"3":0,"4":0,"5":0,"6":0,"7":0,"8":3,"9":0,"10":0,"11":0,"12":0,"13":0,"14":0,"15":0,"16":0,"17":0,"18":0,"19":0,"20":0,"21":0,"22":0,"23":0,"24":0,"25":0,"26":0,"27":0,"28":0,"29":0,"30":0,"31":0,"32":0,"33":0,"34":0,"35":0,"36":0,"37":0,"38":0,"39":0,"40":0,"41":0,"42":0,"43":0,"44":0,"45":0},"b":{"0":[0],"1":[0,0],"2":[0,0],"3":[3,0],"4":[0,0],"5":[0,0,0],"6":[0,0],"7":[0,0],"8":[0,0],"9":[0,0],"10":[0,0],"11":[0,0],"12":[0,0,0],"13":[0,0,0],"14":[0,0],"15":[0,0],"16":[0,0],"17":[0,0],"18":[0,0],"19":[0,0],"20":[0,0],"21":[0,0],"22":[0,0],"23":[0,0],"24":[0,0],"25":[0,0],"26":[0,0],"27":[0,0],"28":[0,0],"29":[0,0],"30":[0,0],"31":[0,0],"32":[0,0],"33":[0,0],"34":[0,0],"35":[0,0,0],"36":[0,0],"37":[0,0],"38":[0,0],"39":[0,0],"40":[0,0],"41":[0,0],"42":[0,0],"43":[0,0],"44":[0,0],"45":[0,0],"46":[0,0],"47":[0,0],"48":[0,0],"49":[0,0],"50":[0,0],"51":[0,0],"52":[0,0,0],"53":[0,0],"54":[0,0],"55":[0,0],"56":[0,0],"57":[0,0],"58":[0,0],"59":[0,0]},"inputSourceMap":null,"_coverageSchema":"1a1c01bbd47fc00a2c39e90264f33305004495a9","hash":"d41c1d0fe9c32f2bac5118601d3eec1da0d7aabd"}
}
