{"C:\\Users\\Acer\\OneDrive - HESSO\\Bureau\\ArchiOWeb\\Projet-API\\cine-quote-api\\app.js": {"path":"C:\\Users\\Acer\\OneDrive - HESSO\\Bureau\\ArchiOWeb\\Projet-API\\cine-quote-api\\app.js","statementMap":{"0":{"start":{"line":17,"column":19},"end":{"line":17,"column":49}},"1":{"start":{"line":18,"column":18},"end":{"line":18,"column":42}},"2":{"start":{"line":20,"column":0},"end":{"line":20,"column":16}},"3":{"start":{"line":22,"column":0},"end":{"line":22,"column":83}},"4":{"start":{"line":24,"column":12},"end":{"line":24,"column":21}},"5":{"start":{"line":25,"column":0},"end":{"line":25,"column":83}},"6":{"start":{"line":28,"column":0},"end":{"line":28,"column":23}},"7":{"start":{"line":29,"column":0},"end":{"line":29,"column":24}},"8":{"start":{"line":30,"column":0},"end":{"line":30,"column":49}},"9":{"start":{"line":32,"column":0},"end":{"line":32,"column":24}},"10":{"start":{"line":33,"column":0},"end":{"line":33,"column":35}},"11":{"start":{"line":34,"column":0},"end":{"line":34,"column":33}},"12":{"start":{"line":35,"column":0},"end":{"line":35,"column":43}},"13":{"start":{"line":36,"column":0},"end":{"line":36,"column":35}},"14":{"start":{"line":37,"column":0},"end":{"line":37,"column":37}},"15":{"start":{"line":40,"column":0},"end":{"line":42,"column":3}},"16":{"start":{"line":41,"column":2},"end":{"line":41,"column":85}},"17":{"start":{"line":45,"column":0},"end":{"line":53,"column":3}},"18":{"start":{"line":47,"column":2},"end":{"line":47,"column":35}},"19":{"start":{"line":48,"column":2},"end":{"line":48,"column":69}},"20":{"start":{"line":51,"column":2},"end":{"line":51,"column":32}},"21":{"start":{"line":52,"column":2},"end":{"line":52,"column":24}}},"fnMap":{"0":{"name":"(anonymous_0)","decl":{"start":{"line":40,"column":8},"end":{"line":40,"column":9}},"loc":{"start":{"line":40,"column":34},"end":{"line":42,"column":1}},"line":40},"1":{"name":"(anonymous_1)","decl":{"start":{"line":45,"column":8},"end":{"line":45,"column":9}},"loc":{"start":{"line":45,"column":39},"end":{"line":53,"column":1}},"line":45}},"branchMap":{"0":{"loc":{"start":{"line":22,"column":17},"end":{"line":22,"column":81}},"type":"binary-expr","locations":[{"start":{"line":22,"column":17},"end":{"line":22,"column":41}},{"start":{"line":22,"column":45},"end":{"line":22,"column":81}}],"line":22},"1":{"loc":{"start":{"line":48,"column":21},"end":{"line":48,"column":68}},"type":"cond-expr","locations":[{"start":{"line":48,"column":60},"end":{"line":48,"column":63}},{"start":{"line":48,"column":66},"end":{"line":48,"column":68}}],"line":48},"2":{"loc":{"start":{"line":51,"column":13},"end":{"line":51,"column":30}},"type":"binary-expr","locations":[{"start":{"line":51,"column":13},"end":{"line":51,"column":23}},{"start":{"line":51,"column":27},"end":{"line":51,"column":30}}],"line":51}},"s":{"0":4,"1":4,"2":4,"3":4,"4":4,"5":4,"6":4,"7":4,"8":4,"9":4,"10":4,"11":4,"12":4,"13":4,"14":4,"15":4,"16":0,"17":4,"18":0,"19":0,"20":0,"21":0},"f":{"0":0,"1":0},"b":{"0":[4,0],"1":[0,0],"2":[0,0]},"_coverageSchema":"1a1c01bbd47fc00a2c39e90264f33305004495a9","hash":"29906e79d6e50b83130726b82c2efee79cac1967"}
,"C:\\Users\\Acer\\OneDrive - HESSO\\Bureau\\ArchiOWeb\\Projet-API\\cine-quote-api\\controllers\\authController.js": {"path":"C:\\Users\\Acer\\OneDrive - HESSO\\Bureau\\ArchiOWeb\\Projet-API\\cine-quote-api\\controllers\\authController.js","statementMap":{"0":{"start":{"line":4,"column":23},"end":{"line":4,"column":57}},"1":{"start":{"line":7,"column":22},"end":{"line":12,"column":1}},"2":{"start":{"line":8,"column":2},"end":{"line":11,"column":5}},"3":{"start":{"line":15,"column":28},"end":{"line":39,"column":1}},"4":{"start":{"line":16,"column":36},"end":{"line":16,"column":44}},"5":{"start":{"line":19,"column":2},"end":{"line":21,"column":3}},"6":{"start":{"line":20,"column":4},"end":{"line":20,"column":78}},"7":{"start":{"line":22,"column":2},"end":{"line":24,"column":3}},"8":{"start":{"line":23,"column":4},"end":{"line":23,"column":63}},"9":{"start":{"line":25,"column":2},"end":{"line":27,"column":3}},"10":{"start":{"line":26,"column":4},"end":{"line":26,"column":87}},"11":{"start":{"line":29,"column":21},"end":{"line":29,"column":50}},"12":{"start":{"line":30,"column":2},"end":{"line":30,"column":81}},"13":{"start":{"line":30,"column":18},"end":{"line":30,"column":81}},"14":{"start":{"line":32,"column":15},"end":{"line":32,"column":59}},"15":{"start":{"line":33,"column":2},"end":{"line":38,"column":5}},"16":{"start":{"line":43,"column":30},"end":{"line":60,"column":1}},"17":{"start":{"line":44,"column":2},"end":{"line":59,"column":3}},"18":{"start":{"line":45,"column":17},"end":{"line":45,"column":69}},"19":{"start":{"line":46,"column":4},"end":{"line":48,"column":5}},"20":{"start":{"line":47,"column":6},"end":{"line":47,"column":73}},"21":{"start":{"line":49,"column":4},"end":{"line":55,"column":7}},"22":{"start":{"line":57,"column":4},"end":{"line":57,"column":70}},"23":{"start":{"line":58,"column":4},"end":{"line":58,"column":90}},"24":{"start":{"line":62,"column":25},"end":{"line":89,"column":1}},"25":{"start":{"line":63,"column":50},"end":{"line":63,"column":58}},"26":{"start":{"line":64,"column":15},"end":{"line":64,"column":44}},"27":{"start":{"line":65,"column":2},"end":{"line":65,"column":89}},"28":{"start":{"line":65,"column":13},"end":{"line":65,"column":89}},"29":{"start":{"line":67,"column":18},"end":{"line":67,"column":52}},"30":{"start":{"line":68,"column":2},"end":{"line":68,"column":92}},"31":{"start":{"line":68,"column":16},"end":{"line":68,"column":92}},"32":{"start":{"line":70,"column":16},"end":{"line":70,"column":50}},"33":{"start":{"line":73,"column":17},"end":{"line":73,"column":52}},"34":{"start":{"line":75,"column":2},"end":{"line":80,"column":5}},"35":{"start":{"line":82,"column":2},"end":{"line":88,"column":5}},"36":{"start":{"line":92,"column":26},"end":{"line":99,"column":1}},"37":{"start":{"line":93,"column":2},"end":{"line":97,"column":5}},"38":{"start":{"line":98,"column":2},"end":{"line":98,"column":38}},"39":{"start":{"line":102,"column":16},"end":{"line":102,"column":50}},"40":{"start":{"line":103,"column":2},"end":{"line":103,"column":45}},"41":{"start":{"line":103,"column":14},"end":{"line":103,"column":45}},"42":{"start":{"line":105,"column":26},"end":{"line":105,"column":31}},"43":{"start":{"line":106,"column":14},"end":{"line":106,"column":29}},"44":{"start":{"line":108,"column":16},"end":{"line":113,"column":3}},"45":{"start":{"line":115,"column":2},"end":{"line":115,"column":40}}},"fnMap":{"0":{"name":"(anonymous_0)","decl":{"start":{"line":7,"column":22},"end":{"line":7,"column":23}},"loc":{"start":{"line":7,"column":36},"end":{"line":12,"column":1}},"line":7},"1":{"name":"(anonymous_1)","decl":{"start":{"line":15,"column":28},"end":{"line":15,"column":29}},"loc":{"start":{"line":15,"column":48},"end":{"line":39,"column":1}},"line":15},"2":{"name":"(anonymous_2)","decl":{"start":{"line":43,"column":30},"end":{"line":43,"column":31}},"loc":{"start":{"line":43,"column":50},"end":{"line":60,"column":1}},"line":43},"3":{"name":"(anonymous_3)","decl":{"start":{"line":62,"column":25},"end":{"line":62,"column":26}},"loc":{"start":{"line":62,"column":45},"end":{"line":89,"column":1}},"line":62},"4":{"name":"(anonymous_4)","decl":{"start":{"line":92,"column":26},"end":{"line":92,"column":27}},"loc":{"start":{"line":92,"column":46},"end":{"line":99,"column":1}},"line":92},"5":{"name":"parseExpirationTime","decl":{"start":{"line":101,"column":9},"end":{"line":101,"column":28}},"loc":{"start":{"line":101,"column":40},"end":{"line":116,"column":1}},"line":101}},"branchMap":{"0":{"loc":{"start":{"line":4,"column":23},"end":{"line":4,"column":57}},"type":"binary-expr","locations":[{"start":{"line":4,"column":23},"end":{"line":4,"column":49}},{"start":{"line":4,"column":53},"end":{"line":4,"column":57}}],"line":4},"1":{"loc":{"start":{"line":19,"column":2},"end":{"line":21,"column":3}},"type":"if","locations":[{"start":{"line":19,"column":2},"end":{"line":21,"column":3}},{"start":{},"end":{}}],"line":19},"2":{"loc":{"start":{"line":19,"column":6},"end":{"line":19,"column":65}},"type":"binary-expr","locations":[{"start":{"line":19,"column":6},"end":{"line":19,"column":11}},{"start":{"line":19,"column":15},"end":{"line":19,"column":39}},{"start":{"line":19,"column":43},"end":{"line":19,"column":65}}],"line":19},"3":{"loc":{"start":{"line":22,"column":2},"end":{"line":24,"column":3}},"type":"if","locations":[{"start":{"line":22,"column":2},"end":{"line":24,"column":3}},{"start":{},"end":{}}],"line":22},"4":{"loc":{"start":{"line":22,"column":6},"end":{"line":22,"column":91}},"type":"binary-expr","locations":[{"start":{"line":22,"column":6},"end":{"line":22,"column":12}},{"start":{"line":22,"column":16},"end":{"line":22,"column":41}},{"start":{"line":22,"column":45},"end":{"line":22,"column":91}}],"line":22},"5":{"loc":{"start":{"line":25,"column":2},"end":{"line":27,"column":3}},"type":"if","locations":[{"start":{"line":25,"column":2},"end":{"line":27,"column":3}},{"start":{},"end":{}}],"line":25},"6":{"loc":{"start":{"line":25,"column":6},"end":{"line":25,"column":70}},"type":"binary-expr","locations":[{"start":{"line":25,"column":6},"end":{"line":25,"column":15}},{"start":{"line":25,"column":19},"end":{"line":25,"column":47}},{"start":{"line":25,"column":51},"end":{"line":25,"column":70}}],"line":25},"7":{"loc":{"start":{"line":30,"column":2},"end":{"line":30,"column":81}},"type":"if","locations":[{"start":{"line":30,"column":2},"end":{"line":30,"column":81}},{"start":{},"end":{}}],"line":30},"8":{"loc":{"start":{"line":46,"column":4},"end":{"line":48,"column":5}},"type":"if","locations":[{"start":{"line":46,"column":4},"end":{"line":48,"column":5}},{"start":{},"end":{}}],"line":46},"9":{"loc":{"start":{"line":63,"column":27},"end":{"line":63,"column":45}},"type":"default-arg","locations":[{"start":{"line":63,"column":40},"end":{"line":63,"column":45}}],"line":63},"10":{"loc":{"start":{"line":65,"column":2},"end":{"line":65,"column":89}},"type":"if","locations":[{"start":{"line":65,"column":2},"end":{"line":65,"column":89}},{"start":{},"end":{}}],"line":65},"11":{"loc":{"start":{"line":68,"column":2},"end":{"line":68,"column":92}},"type":"if","locations":[{"start":{"line":68,"column":2},"end":{"line":68,"column":92}},{"start":{},"end":{}}],"line":68},"12":{"loc":{"start":{"line":79,"column":12},"end":{"line":79,"column":43}},"type":"cond-expr","locations":[{"start":{"line":79,"column":25},"end":{"line":79,"column":31}},{"start":{"line":79,"column":34},"end":{"line":79,"column":43}}],"line":79},"13":{"loc":{"start":{"line":103,"column":2},"end":{"line":103,"column":45}},"type":"if","locations":[{"start":{"line":103,"column":2},"end":{"line":103,"column":45}},{"start":{},"end":{}}],"line":103},"14":{"loc":{"start":{"line":115,"column":16},"end":{"line":115,"column":38}},"type":"binary-expr","locations":[{"start":{"line":115,"column":16},"end":{"line":115,"column":27}},{"start":{"line":115,"column":31},"end":{"line":115,"column":38}}],"line":115}},"s":{"0":4,"1":4,"2":3,"3":4,"4":6,"5":6,"6":1,"7":5,"8":1,"9":4,"10":1,"11":3,"12":3,"13":1,"14":2,"15":2,"16":4,"17":1,"18":1,"19":1,"20":0,"21":1,"22":0,"23":0,"24":4,"25":5,"26":5,"27":5,"28":1,"29":4,"30":4,"31":1,"32":3,"33":3,"34":3,"35":3,"36":4,"37":1,"38":1,"39":3,"40":3,"41":0,"42":3,"43":3,"44":3,"45":3},"f":{"0":3,"1":6,"2":1,"3":5,"4":1,"5":3},"b":{"0":[4,4],"1":[1,5],"2":[6,6,6],"3":[1,4],"4":[5,5,5],"5":[1,3],"6":[4,4,4],"7":[1,2],"8":[0,1],"9":[5],"10":[1,4],"11":[1,3],"12":[0,3],"13":[0,3],"14":[3,0]},"_coverageSchema":"1a1c01bbd47fc00a2c39e90264f33305004495a9","hash":"58cfc237f69a3ba077b4a85760b1bfbc2b347818"}
,"C:\\Users\\Acer\\OneDrive - HESSO\\Bureau\\ArchiOWeb\\Projet-API\\cine-quote-api\\controllers\\favoriteController.js": {"path":"C:\\Users\\Acer\\OneDrive - HESSO\\Bureau\\ArchiOWeb\\Projet-API\\cine-quote-api\\controllers\\favoriteController.js","statementMap":{"0":{"start":{"line":5,"column":27},"end":{"line":19,"column":1}},"1":{"start":{"line":6,"column":17},"end":{"line":6,"column":29}},"2":{"start":{"line":7,"column":22},"end":{"line":7,"column":30}},"3":{"start":{"line":9,"column":16},"end":{"line":9,"column":45}},"4":{"start":{"line":10,"column":2},"end":{"line":10,"column":79}},"5":{"start":{"line":10,"column":14},"end":{"line":10,"column":79}},"6":{"start":{"line":12,"column":15},"end":{"line":12,"column":42}},"7":{"start":{"line":13,"column":2},"end":{"line":15,"column":3}},"8":{"start":{"line":14,"column":4},"end":{"line":14,"column":64}},"9":{"start":{"line":16,"column":2},"end":{"line":16,"column":31}},"10":{"start":{"line":17,"column":2},"end":{"line":17,"column":20}},"11":{"start":{"line":18,"column":2},"end":{"line":18,"column":46}},"12":{"start":{"line":22,"column":30},"end":{"line":30,"column":1}},"13":{"start":{"line":23,"column":17},"end":{"line":23,"column":29}},"14":{"start":{"line":24,"column":22},"end":{"line":24,"column":30}},"15":{"start":{"line":26,"column":15},"end":{"line":26,"column":42}},"16":{"start":{"line":27,"column":2},"end":{"line":27,"column":76}},"17":{"start":{"line":27,"column":48},"end":{"line":27,"column":74}},"18":{"start":{"line":28,"column":2},"end":{"line":28,"column":20}},"19":{"start":{"line":29,"column":2},"end":{"line":29,"column":46}},"20":{"start":{"line":33,"column":28},"end":{"line":39,"column":1}},"21":{"start":{"line":34,"column":15},"end":{"line":37,"column":4}},"22":{"start":{"line":38,"column":2},"end":{"line":38,"column":27}}},"fnMap":{"0":{"name":"(anonymous_0)","decl":{"start":{"line":5,"column":27},"end":{"line":5,"column":28}},"loc":{"start":{"line":5,"column":47},"end":{"line":19,"column":1}},"line":5},"1":{"name":"(anonymous_1)","decl":{"start":{"line":22,"column":30},"end":{"line":22,"column":31}},"loc":{"start":{"line":22,"column":50},"end":{"line":30,"column":1}},"line":22},"2":{"name":"(anonymous_2)","decl":{"start":{"line":27,"column":41},"end":{"line":27,"column":42}},"loc":{"start":{"line":27,"column":48},"end":{"line":27,"column":74}},"line":27},"3":{"name":"(anonymous_3)","decl":{"start":{"line":33,"column":28},"end":{"line":33,"column":29}},"loc":{"start":{"line":33,"column":48},"end":{"line":39,"column":1}},"line":33}},"branchMap":{"0":{"loc":{"start":{"line":10,"column":2},"end":{"line":10,"column":79}},"type":"if","locations":[{"start":{"line":10,"column":2},"end":{"line":10,"column":79}},{"start":{},"end":{}}],"line":10},"1":{"loc":{"start":{"line":13,"column":2},"end":{"line":15,"column":3}},"type":"if","locations":[{"start":{"line":13,"column":2},"end":{"line":15,"column":3}},{"start":{},"end":{}}],"line":13}},"s":{"0":4,"1":0,"2":0,"3":0,"4":0,"5":0,"6":0,"7":0,"8":0,"9":0,"10":0,"11":0,"12":4,"13":0,"14":0,"15":0,"16":0,"17":0,"18":0,"19":0,"20":4,"21":0,"22":0},"f":{"0":0,"1":0,"2":0,"3":0},"b":{"0":[0,0],"1":[0,0]},"_coverageSchema":"1a1c01bbd47fc00a2c39e90264f33305004495a9","hash":"ee6c1f15316b3340e81cb0d500d793a5b7f2fe9e"}
,"C:\\Users\\Acer\\OneDrive - HESSO\\Bureau\\ArchiOWeb\\Projet-API\\cine-quote-api\\controllers\\filmController.js": {"path":"C:\\Users\\Acer\\OneDrive - HESSO\\Bureau\\ArchiOWeb\\Projet-API\\cine-quote-api\\controllers\\filmController.js","statementMap":{"0":{"start":{"line":5,"column":26},"end":{"line":22,"column":1}},"1":{"start":{"line":6,"column":50},"end":{"line":6,"column":58}},"2":{"start":{"line":8,"column":2},"end":{"line":10,"column":3}},"3":{"start":{"line":9,"column":4},"end":{"line":9,"column":92}},"4":{"start":{"line":12,"column":15},"end":{"line":18,"column":4}},"5":{"start":{"line":20,"column":2},"end":{"line":20,"column":20}},"6":{"start":{"line":21,"column":2},"end":{"line":21,"column":29}},"7":{"start":{"line":24,"column":26},"end":{"line":44,"column":1}},"8":{"start":{"line":25,"column":17},"end":{"line":25,"column":27}},"9":{"start":{"line":27,"column":2},"end":{"line":29,"column":3}},"10":{"start":{"line":28,"column":4},"end":{"line":28,"column":65}},"11":{"start":{"line":31,"column":15},"end":{"line":31,"column":38}},"12":{"start":{"line":32,"column":2},"end":{"line":32,"column":73}},"13":{"start":{"line":32,"column":13},"end":{"line":32,"column":73}},"14":{"start":{"line":34,"column":50},"end":{"line":34,"column":58}},"15":{"start":{"line":36,"column":2},"end":{"line":36,"column":40}},"16":{"start":{"line":36,"column":21},"end":{"line":36,"column":40}},"17":{"start":{"line":37,"column":2},"end":{"line":37,"column":37}},"18":{"start":{"line":37,"column":20},"end":{"line":37,"column":37}},"19":{"start":{"line":38,"column":2},"end":{"line":38,"column":49}},"20":{"start":{"line":38,"column":24},"end":{"line":38,"column":49}},"21":{"start":{"line":39,"column":2},"end":{"line":39,"column":40}},"22":{"start":{"line":39,"column":21},"end":{"line":39,"column":40}},"23":{"start":{"line":40,"column":2},"end":{"line":40,"column":40}},"24":{"start":{"line":40,"column":21},"end":{"line":40,"column":40}},"25":{"start":{"line":42,"column":2},"end":{"line":42,"column":20}},"26":{"start":{"line":43,"column":2},"end":{"line":43,"column":17}},"27":{"start":{"line":46,"column":26},"end":{"line":58,"column":1}},"28":{"start":{"line":47,"column":17},"end":{"line":47,"column":27}},"29":{"start":{"line":49,"column":2},"end":{"line":51,"column":3}},"30":{"start":{"line":50,"column":4},"end":{"line":50,"column":65}},"31":{"start":{"line":53,"column":15},"end":{"line":53,"column":38}},"32":{"start":{"line":54,"column":2},"end":{"line":54,"column":73}},"33":{"start":{"line":54,"column":13},"end":{"line":54,"column":73}},"34":{"start":{"line":56,"column":2},"end":{"line":56,"column":25}},"35":{"start":{"line":57,"column":2},"end":{"line":57,"column":53}},"36":{"start":{"line":60,"column":24},"end":{"line":63,"column":1}},"37":{"start":{"line":61,"column":18},"end":{"line":61,"column":35}},"38":{"start":{"line":62,"column":4},"end":{"line":62,"column":20}},"39":{"start":{"line":65,"column":27},"end":{"line":68,"column":1}},"40":{"start":{"line":66,"column":17},"end":{"line":66,"column":51}},"41":{"start":{"line":67,"column":4},"end":{"line":67,"column":19}},"42":{"start":{"line":70,"column":29},"end":{"line":75,"column":1}},"43":{"start":{"line":71,"column":17},"end":{"line":71,"column":30}},"44":{"start":{"line":72,"column":2},"end":{"line":72,"column":102}},"45":{"start":{"line":72,"column":41},"end":{"line":72,"column":102}},"46":{"start":{"line":73,"column":16},"end":{"line":73,"column":60}},"47":{"start":{"line":74,"column":2},"end":{"line":74,"column":34}},"48":{"start":{"line":78,"column":27},"end":{"line":96,"column":1}},"49":{"start":{"line":79,"column":16},"end":{"line":79,"column":45}},"50":{"start":{"line":80,"column":19},"end":{"line":93,"column":3}},"51":{"start":{"line":94,"column":18},"end":{"line":94,"column":49}},"52":{"start":{"line":95,"column":2},"end":{"line":95,"column":20}}},"fnMap":{"0":{"name":"(anonymous_0)","decl":{"start":{"line":5,"column":26},"end":{"line":5,"column":27}},"loc":{"start":{"line":5,"column":46},"end":{"line":22,"column":1}},"line":5},"1":{"name":"(anonymous_1)","decl":{"start":{"line":24,"column":26},"end":{"line":24,"column":27}},"loc":{"start":{"line":24,"column":46},"end":{"line":44,"column":1}},"line":24},"2":{"name":"(anonymous_2)","decl":{"start":{"line":46,"column":26},"end":{"line":46,"column":27}},"loc":{"start":{"line":46,"column":46},"end":{"line":58,"column":1}},"line":46},"3":{"name":"(anonymous_3)","decl":{"start":{"line":60,"column":24},"end":{"line":60,"column":25}},"loc":{"start":{"line":60,"column":44},"end":{"line":63,"column":1}},"line":60},"4":{"name":"(anonymous_4)","decl":{"start":{"line":65,"column":27},"end":{"line":65,"column":28}},"loc":{"start":{"line":65,"column":47},"end":{"line":68,"column":1}},"line":65},"5":{"name":"(anonymous_5)","decl":{"start":{"line":70,"column":29},"end":{"line":70,"column":30}},"loc":{"start":{"line":70,"column":49},"end":{"line":75,"column":1}},"line":70},"6":{"name":"(anonymous_6)","decl":{"start":{"line":78,"column":27},"end":{"line":78,"column":28}},"loc":{"start":{"line":78,"column":47},"end":{"line":96,"column":1}},"line":78}},"branchMap":{"0":{"loc":{"start":{"line":8,"column":2},"end":{"line":10,"column":3}},"type":"if","locations":[{"start":{"line":8,"column":2},"end":{"line":10,"column":3}},{"start":{},"end":{}}],"line":8},"1":{"loc":{"start":{"line":8,"column":6},"end":{"line":8,"column":44}},"type":"binary-expr","locations":[{"start":{"line":8,"column":6},"end":{"line":8,"column":12}},{"start":{"line":8,"column":16},"end":{"line":8,"column":21}},{"start":{"line":8,"column":25},"end":{"line":8,"column":34}},{"start":{"line":8,"column":38},"end":{"line":8,"column":44}}],"line":8},"2":{"loc":{"start":{"line":27,"column":2},"end":{"line":29,"column":3}},"type":"if","locations":[{"start":{"line":27,"column":2},"end":{"line":29,"column":3}},{"start":{},"end":{}}],"line":27},"3":{"loc":{"start":{"line":32,"column":2},"end":{"line":32,"column":73}},"type":"if","locations":[{"start":{"line":32,"column":2},"end":{"line":32,"column":73}},{"start":{},"end":{}}],"line":32},"4":{"loc":{"start":{"line":36,"column":2},"end":{"line":36,"column":40}},"type":"if","locations":[{"start":{"line":36,"column":2},"end":{"line":36,"column":40}},{"start":{},"end":{}}],"line":36},"5":{"loc":{"start":{"line":37,"column":2},"end":{"line":37,"column":37}},"type":"if","locations":[{"start":{"line":37,"column":2},"end":{"line":37,"column":37}},{"start":{},"end":{}}],"line":37},"6":{"loc":{"start":{"line":38,"column":2},"end":{"line":38,"column":49}},"type":"if","locations":[{"start":{"line":38,"column":2},"end":{"line":38,"column":49}},{"start":{},"end":{}}],"line":38},"7":{"loc":{"start":{"line":39,"column":2},"end":{"line":39,"column":40}},"type":"if","locations":[{"start":{"line":39,"column":2},"end":{"line":39,"column":40}},{"start":{},"end":{}}],"line":39},"8":{"loc":{"start":{"line":40,"column":2},"end":{"line":40,"column":40}},"type":"if","locations":[{"start":{"line":40,"column":2},"end":{"line":40,"column":40}},{"start":{},"end":{}}],"line":40},"9":{"loc":{"start":{"line":49,"column":2},"end":{"line":51,"column":3}},"type":"if","locations":[{"start":{"line":49,"column":2},"end":{"line":51,"column":3}},{"start":{},"end":{}}],"line":49},"10":{"loc":{"start":{"line":54,"column":2},"end":{"line":54,"column":73}},"type":"if","locations":[{"start":{"line":54,"column":2},"end":{"line":54,"column":73}},{"start":{},"end":{}}],"line":54},"11":{"loc":{"start":{"line":72,"column":2},"end":{"line":72,"column":102}},"type":"if","locations":[{"start":{"line":72,"column":2},"end":{"line":72,"column":102}},{"start":{},"end":{}}],"line":72},"12":{"loc":{"start":{"line":79,"column":16},"end":{"line":79,"column":45}},"type":"binary-expr","locations":[{"start":{"line":79,"column":16},"end":{"line":79,"column":39}},{"start":{"line":79,"column":43},"end":{"line":79,"column":45}}],"line":79}},"s":{"0":4,"1":2,"2":2,"3":1,"4":1,"5":1,"6":1,"7":4,"8":3,"9":3,"10":1,"11":2,"12":2,"13":1,"14":1,"15":1,"16":1,"17":1,"18":1,"19":1,"20":0,"21":1,"22":0,"23":1,"24":0,"25":1,"26":1,"27":4,"28":2,"29":2,"30":0,"31":2,"32":2,"33":1,"34":1,"35":1,"36":4,"37":2,"38":2,"39":4,"40":1,"41":1,"42":4,"43":0,"44":0,"45":0,"46":0,"47":0,"48":4,"49":0,"50":0,"51":0,"52":0},"f":{"0":2,"1":3,"2":2,"3":2,"4":1,"5":0,"6":0},"b":{"0":[1,1],"1":[2,2,2,1],"2":[1,2],"3":[1,1],"4":[1,0],"5":[1,0],"6":[0,1],"7":[0,1],"8":[0,1],"9":[0,2],"10":[1,1],"11":[0,0],"12":[0,0]},"_coverageSchema":"1a1c01bbd47fc00a2c39e90264f33305004495a9","hash":"86f3ea5bc118f45c27de6e91025b1924c31559e4"}
,"C:\\Users\\Acer\\OneDrive - HESSO\\Bureau\\ArchiOWeb\\Projet-API\\cine-quote-api\\controllers\\quoteController.js": {"path":"C:\\Users\\Acer\\OneDrive - HESSO\\Bureau\\ArchiOWeb\\Projet-API\\cine-quote-api\\controllers\\quoteController.js","statementMap":{"0":{"start":{"line":4,"column":24},"end":{"line":12,"column":1}},"1":{"start":{"line":5,"column":18},"end":{"line":9,"column":6}},"2":{"start":{"line":10,"column":4},"end":{"line":10,"column":23}},"3":{"start":{"line":11,"column":4},"end":{"line":11,"column":32}},"4":{"start":{"line":14,"column":27},"end":{"line":30,"column":1}},"5":{"start":{"line":15,"column":18},"end":{"line":15,"column":53}},"6":{"start":{"line":16,"column":4},"end":{"line":18,"column":5}},"7":{"start":{"line":17,"column":8},"end":{"line":17,"column":35}},"8":{"start":{"line":20,"column":4},"end":{"line":22,"column":5}},"9":{"start":{"line":21,"column":8},"end":{"line":21,"column":41}},"10":{"start":{"line":24,"column":4},"end":{"line":26,"column":5}},"11":{"start":{"line":25,"column":8},"end":{"line":25,"column":35}},"12":{"start":{"line":28,"column":4},"end":{"line":28,"column":23}},"13":{"start":{"line":29,"column":4},"end":{"line":29,"column":20}},"14":{"start":{"line":32,"column":27},"end":{"line":35,"column":1}},"15":{"start":{"line":33,"column":18},"end":{"line":33,"column":62}},"16":{"start":{"line":34,"column":4},"end":{"line":34,"column":47}},"17":{"start":{"line":37,"column":25},"end":{"line":68,"column":1}},"18":{"start":{"line":39,"column":15},"end":{"line":39,"column":57}},"19":{"start":{"line":40,"column":14},"end":{"line":40,"column":39}},"20":{"start":{"line":41,"column":2},"end":{"line":43,"column":3}},"21":{"start":{"line":42,"column":4},"end":{"line":42,"column":14}},"22":{"start":{"line":44,"column":15},"end":{"line":44,"column":40}},"23":{"start":{"line":47,"column":18},"end":{"line":47,"column":20}},"24":{"start":{"line":48,"column":2},"end":{"line":48,"column":61}},"25":{"start":{"line":48,"column":25},"end":{"line":48,"column":61}},"26":{"start":{"line":49,"column":2},"end":{"line":49,"column":52}},"27":{"start":{"line":49,"column":22},"end":{"line":49,"column":52}},"28":{"start":{"line":50,"column":2},"end":{"line":50,"column":69}},"29":{"start":{"line":50,"column":22},"end":{"line":50,"column":69}},"30":{"start":{"line":53,"column":26},"end":{"line":59,"column":4}},"31":{"start":{"line":61,"column":2},"end":{"line":67,"column":5}},"32":{"start":{"line":70,"column":28},"end":{"line":73,"column":1}},"33":{"start":{"line":71,"column":18},"end":{"line":71,"column":53}},"34":{"start":{"line":72,"column":4},"end":{"line":72,"column":20}},"35":{"start":{"line":75,"column":30},"end":{"line":82,"column":1}},"36":{"start":{"line":76,"column":16},"end":{"line":76,"column":44}},"37":{"start":{"line":77,"column":2},"end":{"line":77,"column":90}},"38":{"start":{"line":77,"column":19},"end":{"line":77,"column":90}},"39":{"start":{"line":79,"column":17},"end":{"line":79,"column":50}},"40":{"start":{"line":80,"column":16},"end":{"line":80,"column":67}},"41":{"start":{"line":81,"column":2},"end":{"line":81,"column":18}}},"fnMap":{"0":{"name":"(anonymous_0)","decl":{"start":{"line":4,"column":24},"end":{"line":4,"column":25}},"loc":{"start":{"line":4,"column":44},"end":{"line":12,"column":1}},"line":4},"1":{"name":"(anonymous_1)","decl":{"start":{"line":14,"column":27},"end":{"line":14,"column":28}},"loc":{"start":{"line":14,"column":47},"end":{"line":30,"column":1}},"line":14},"2":{"name":"(anonymous_2)","decl":{"start":{"line":32,"column":27},"end":{"line":32,"column":28}},"loc":{"start":{"line":32,"column":47},"end":{"line":35,"column":1}},"line":32},"3":{"name":"(anonymous_3)","decl":{"start":{"line":37,"column":25},"end":{"line":37,"column":26}},"loc":{"start":{"line":37,"column":45},"end":{"line":68,"column":1}},"line":37},"4":{"name":"(anonymous_4)","decl":{"start":{"line":70,"column":28},"end":{"line":70,"column":29}},"loc":{"start":{"line":70,"column":48},"end":{"line":73,"column":1}},"line":70},"5":{"name":"(anonymous_5)","decl":{"start":{"line":75,"column":30},"end":{"line":75,"column":31}},"loc":{"start":{"line":75,"column":50},"end":{"line":82,"column":1}},"line":75}},"branchMap":{"0":{"loc":{"start":{"line":16,"column":4},"end":{"line":18,"column":5}},"type":"if","locations":[{"start":{"line":16,"column":4},"end":{"line":18,"column":5}},{"start":{},"end":{}}],"line":16},"1":{"loc":{"start":{"line":20,"column":4},"end":{"line":22,"column":5}},"type":"if","locations":[{"start":{"line":20,"column":4},"end":{"line":22,"column":5}},{"start":{},"end":{}}],"line":20},"2":{"loc":{"start":{"line":24,"column":4},"end":{"line":26,"column":5}},"type":"if","locations":[{"start":{"line":24,"column":4},"end":{"line":26,"column":5}},{"start":{},"end":{}}],"line":24},"3":{"loc":{"start":{"line":39,"column":24},"end":{"line":39,"column":53}},"type":"binary-expr","locations":[{"start":{"line":39,"column":24},"end":{"line":39,"column":48}},{"start":{"line":39,"column":52},"end":{"line":39,"column":53}}],"line":39},"4":{"loc":{"start":{"line":41,"column":2},"end":{"line":43,"column":3}},"type":"if","locations":[{"start":{"line":41,"column":2},"end":{"line":43,"column":3}},{"start":{},"end":{}}],"line":41},"5":{"loc":{"start":{"line":41,"column":6},"end":{"line":41,"column":31}},"type":"binary-expr","locations":[{"start":{"line":41,"column":6},"end":{"line":41,"column":18}},{"start":{"line":41,"column":22},"end":{"line":41,"column":31}}],"line":41},"6":{"loc":{"start":{"line":44,"column":29},"end":{"line":44,"column":39}},"type":"binary-expr","locations":[{"start":{"line":44,"column":29},"end":{"line":44,"column":34}},{"start":{"line":44,"column":38},"end":{"line":44,"column":39}}],"line":44},"7":{"loc":{"start":{"line":48,"column":2},"end":{"line":48,"column":61}},"type":"if","locations":[{"start":{"line":48,"column":2},"end":{"line":48,"column":61}},{"start":{},"end":{}}],"line":48},"8":{"loc":{"start":{"line":49,"column":2},"end":{"line":49,"column":52}},"type":"if","locations":[{"start":{"line":49,"column":2},"end":{"line":49,"column":52}},{"start":{},"end":{}}],"line":49},"9":{"loc":{"start":{"line":50,"column":2},"end":{"line":50,"column":69}},"type":"if","locations":[{"start":{"line":50,"column":2},"end":{"line":50,"column":69}},{"start":{},"end":{}}],"line":50},"10":{"loc":{"start":{"line":65,"column":16},"end":{"line":65,"column":52}},"type":"cond-expr","locations":[{"start":{"line":65,"column":24},"end":{"line":65,"column":48}},{"start":{"line":65,"column":51},"end":{"line":65,"column":52}}],"line":65},"11":{"loc":{"start":{"line":77,"column":2},"end":{"line":77,"column":90}},"type":"if","locations":[{"start":{"line":77,"column":2},"end":{"line":77,"column":90}},{"start":{},"end":{}}],"line":77}},"s":{"0":4,"1":1,"2":1,"3":1,"4":4,"5":1,"6":1,"7":1,"8":1,"9":1,"10":1,"11":0,"12":1,"13":1,"14":4,"15":1,"16":1,"17":4,"18":4,"19":4,"20":4,"21":3,"22":4,"23":4,"24":4,"25":1,"26":4,"27":0,"28":4,"29":0,"30":4,"31":4,"32":4,"33":0,"34":0,"35":4,"36":2,"37":2,"38":1,"39":1,"40":1,"41":1},"f":{"0":1,"1":1,"2":1,"3":4,"4":0,"5":2},"b":{"0":[1,0],"1":[1,0],"2":[0,1],"3":[4,3],"4":[3,1],"5":[4,1],"6":[4,3],"7":[1,3],"8":[0,4],"9":[0,4],"10":[1,3],"11":[1,1]},"_coverageSchema":"1a1c01bbd47fc00a2c39e90264f33305004495a9","hash":"8a0420fdce0eb76142b8de882a9401a360ef1c95"}
,"C:\\Users\\Acer\\OneDrive - HESSO\\Bureau\\ArchiOWeb\\Projet-API\\cine-quote-api\\controllers\\userController.js": {"path":"C:\\Users\\Acer\\OneDrive - HESSO\\Bureau\\ArchiOWeb\\Projet-API\\cine-quote-api\\controllers\\userController.js","statementMap":{"0":{"start":{"line":4,"column":27},"end":{"line":11,"column":1}},"1":{"start":{"line":5,"column":18},"end":{"line":9,"column":6}},"2":{"start":{"line":10,"column":4},"end":{"line":10,"column":20}},"3":{"start":{"line":14,"column":27},"end":{"line":22,"column":1}},"4":{"start":{"line":15,"column":15},"end":{"line":19,"column":6}},"5":{"start":{"line":20,"column":2},"end":{"line":20,"column":80}},"6":{"start":{"line":20,"column":13},"end":{"line":20,"column":80}},"7":{"start":{"line":21,"column":2},"end":{"line":21,"column":17}},"8":{"start":{"line":25,"column":26},"end":{"line":34,"column":1}},"9":{"start":{"line":26,"column":15},"end":{"line":30,"column":4}},"10":{"start":{"line":32,"column":20},"end":{"line":32,"column":37}},"11":{"start":{"line":33,"column":4},"end":{"line":33,"column":34}},"12":{"start":{"line":37,"column":26},"end":{"line":47,"column":1}},"13":{"start":{"line":38,"column":2},"end":{"line":40,"column":3}},"14":{"start":{"line":39,"column":4},"end":{"line":39,"column":34}},"15":{"start":{"line":41,"column":2},"end":{"line":43,"column":3}},"16":{"start":{"line":42,"column":4},"end":{"line":42,"column":36}},"17":{"start":{"line":45,"column":24},"end":{"line":45,"column":45}},"18":{"start":{"line":46,"column":4},"end":{"line":46,"column":26}},"19":{"start":{"line":50,"column":26},"end":{"line":53,"column":1}},"20":{"start":{"line":51,"column":4},"end":{"line":51,"column":31}},"21":{"start":{"line":52,"column":4},"end":{"line":52,"column":42}}},"fnMap":{"0":{"name":"(anonymous_0)","decl":{"start":{"line":4,"column":27},"end":{"line":4,"column":28}},"loc":{"start":{"line":4,"column":47},"end":{"line":11,"column":1}},"line":4},"1":{"name":"(anonymous_1)","decl":{"start":{"line":14,"column":27},"end":{"line":14,"column":28}},"loc":{"start":{"line":14,"column":47},"end":{"line":22,"column":1}},"line":14},"2":{"name":"(anonymous_2)","decl":{"start":{"line":25,"column":26},"end":{"line":25,"column":27}},"loc":{"start":{"line":25,"column":46},"end":{"line":34,"column":1}},"line":25},"3":{"name":"(anonymous_3)","decl":{"start":{"line":37,"column":26},"end":{"line":37,"column":27}},"loc":{"start":{"line":37,"column":46},"end":{"line":47,"column":1}},"line":37},"4":{"name":"(anonymous_4)","decl":{"start":{"line":50,"column":26},"end":{"line":50,"column":27}},"loc":{"start":{"line":50,"column":46},"end":{"line":53,"column":1}},"line":50}},"branchMap":{"0":{"loc":{"start":{"line":20,"column":2},"end":{"line":20,"column":80}},"type":"if","locations":[{"start":{"line":20,"column":2},"end":{"line":20,"column":80}},{"start":{},"end":{}}],"line":20},"1":{"loc":{"start":{"line":38,"column":2},"end":{"line":40,"column":3}},"type":"if","locations":[{"start":{"line":38,"column":2},"end":{"line":40,"column":3}},{"start":{},"end":{}}],"line":38},"2":{"loc":{"start":{"line":41,"column":2},"end":{"line":43,"column":3}},"type":"if","locations":[{"start":{"line":41,"column":2},"end":{"line":43,"column":3}},{"start":{},"end":{}}],"line":41}},"s":{"0":4,"1":2,"2":2,"3":4,"4":1,"5":1,"6":0,"7":1,"8":4,"9":0,"10":0,"11":0,"12":4,"13":3,"14":2,"15":3,"16":2,"17":3,"18":3,"19":4,"20":1,"21":1},"f":{"0":2,"1":1,"2":0,"3":3,"4":1},"b":{"0":[0,1],"1":[2,1],"2":[2,1]},"_coverageSchema":"1a1c01bbd47fc00a2c39e90264f33305004495a9","hash":"e2d53a966ecb7c3e3f3613f3fa042a08bc04ce32"}
,"C:\\Users\\Acer\\OneDrive - HESSO\\Bureau\\ArchiOWeb\\Projet-API\\cine-quote-api\\middlewares\\authMiddleware.js": {"path":"C:\\Users\\Acer\\OneDrive - HESSO\\Bureau\\ArchiOWeb\\Projet-API\\cine-quote-api\\middlewares\\authMiddleware.js","statementMap":{"0":{"start":{"line":5,"column":23},"end":{"line":22,"column":1}},"1":{"start":{"line":9,"column":2},"end":{"line":11,"column":3}},"2":{"start":{"line":10,"column":4},"end":{"line":10,"column":35}},"3":{"start":{"line":13,"column":2},"end":{"line":13,"column":85}},"4":{"start":{"line":13,"column":14},"end":{"line":13,"column":85}},"5":{"start":{"line":15,"column":2},"end":{"line":21,"column":3}},"6":{"start":{"line":16,"column":20},"end":{"line":16,"column":61}},"7":{"start":{"line":17,"column":4},"end":{"line":17,"column":67}},"8":{"start":{"line":18,"column":4},"end":{"line":18,"column":11}},"9":{"start":{"line":20,"column":4},"end":{"line":20,"column":63}},"10":{"start":{"line":25,"column":25},"end":{"line":31,"column":1}},"11":{"start":{"line":26,"column":2},"end":{"line":30,"column":3}},"12":{"start":{"line":27,"column":4},"end":{"line":27,"column":11}},"13":{"start":{"line":29,"column":4},"end":{"line":29,"column":74}}},"fnMap":{"0":{"name":"(anonymous_0)","decl":{"start":{"line":5,"column":23},"end":{"line":5,"column":24}},"loc":{"start":{"line":5,"column":49},"end":{"line":22,"column":1}},"line":5},"1":{"name":"(anonymous_1)","decl":{"start":{"line":25,"column":25},"end":{"line":25,"column":26}},"loc":{"start":{"line":25,"column":45},"end":{"line":31,"column":1}},"line":25}},"branchMap":{"0":{"loc":{"start":{"line":9,"column":2},"end":{"line":11,"column":3}},"type":"if","locations":[{"start":{"line":9,"column":2},"end":{"line":11,"column":3}},{"start":{},"end":{}}],"line":9},"1":{"loc":{"start":{"line":9,"column":6},"end":{"line":9,"column":43}},"type":"binary-expr","locations":[{"start":{"line":9,"column":6},"end":{"line":9,"column":17}},{"start":{"line":9,"column":21},"end":{"line":9,"column":43}}],"line":9},"2":{"loc":{"start":{"line":13,"column":2},"end":{"line":13,"column":85}},"type":"if","locations":[{"start":{"line":13,"column":2},"end":{"line":13,"column":85}},{"start":{},"end":{}}],"line":13},"3":{"loc":{"start":{"line":26,"column":2},"end":{"line":30,"column":3}},"type":"if","locations":[{"start":{"line":26,"column":2},"end":{"line":30,"column":3}},{"start":{"line":28,"column":9},"end":{"line":30,"column":3}}],"line":26},"4":{"loc":{"start":{"line":26,"column":6},"end":{"line":26,"column":43}},"type":"binary-expr","locations":[{"start":{"line":26,"column":6},"end":{"line":26,"column":14}},{"start":{"line":26,"column":18},"end":{"line":26,"column":43}}],"line":26}},"s":{"0":4,"1":8,"2":4,"3":8,"4":4,"5":4,"6":4,"7":4,"8":4,"9":0,"10":4,"11":3,"12":3,"13":0},"f":{"0":8,"1":3},"b":{"0":[4,4],"1":[8,8],"2":[4,4],"3":[3,0],"4":[3,3]},"_coverageSchema":"1a1c01bbd47fc00a2c39e90264f33305004495a9","hash":"f79844d015441e5dc3dfc589492e8fe4a68d3587"}
,"C:\\Users\\Acer\\OneDrive - HESSO\\Bureau\\ArchiOWeb\\Projet-API\\cine-quote-api\\middlewares\\userMiddleware.js": {"path":"C:\\Users\\Acer\\OneDrive - HESSO\\Bureau\\ArchiOWeb\\Projet-API\\cine-quote-api\\middlewares\\userMiddleware.js","statementMap":{"0":{"start":{"line":4,"column":23},"end":{"line":16,"column":1}},"1":{"start":{"line":6,"column":2},"end":{"line":13,"column":3}},"2":{"start":{"line":7,"column":4},"end":{"line":7,"column":46}},"3":{"start":{"line":8,"column":4},"end":{"line":10,"column":5}},"4":{"start":{"line":9,"column":6},"end":{"line":9,"column":67}},"5":{"start":{"line":12,"column":4},"end":{"line":12,"column":60}},"6":{"start":{"line":14,"column":2},"end":{"line":14,"column":18}},"7":{"start":{"line":15,"column":2},"end":{"line":15,"column":9}}},"fnMap":{"0":{"name":"(anonymous_0)","decl":{"start":{"line":4,"column":23},"end":{"line":4,"column":24}},"loc":{"start":{"line":4,"column":49},"end":{"line":16,"column":1}},"line":4}},"branchMap":{"0":{"loc":{"start":{"line":8,"column":4},"end":{"line":10,"column":5}},"type":"if","locations":[{"start":{"line":8,"column":4},"end":{"line":10,"column":5}},{"start":{},"end":{}}],"line":8}},"s":{"0":4,"1":8,"2":8,"3":8,"4":3,"5":0,"6":5,"7":5},"f":{"0":8},"b":{"0":[3,5]},"_coverageSchema":"1a1c01bbd47fc00a2c39e90264f33305004495a9","hash":"a58e4d778a26ad39e8e0f2584ac4177a1465eaf0"}
,"C:\\Users\\Acer\\OneDrive - HESSO\\Bureau\\ArchiOWeb\\Projet-API\\cine-quote-api\\models\\film.js": {"path":"C:\\Users\\Acer\\OneDrive - HESSO\\Bureau\\ArchiOWeb\\Projet-API\\cine-quote-api\\models\\film.js","statementMap":{"0":{"start":{"line":3,"column":19},"end":{"line":23,"column":2}},"1":{"start":{"line":25,"column":13},"end":{"line":25,"column":47}}},"fnMap":{},"branchMap":{},"s":{"0":4,"1":4},"f":{},"b":{},"_coverageSchema":"1a1c01bbd47fc00a2c39e90264f33305004495a9","hash":"a2ae0865f72914bcf544fe7333644be195b29aca"}
,"C:\\Users\\Acer\\OneDrive - HESSO\\Bureau\\ArchiOWeb\\Projet-API\\cine-quote-api\\models\\quote.js": {"path":"C:\\Users\\Acer\\OneDrive - HESSO\\Bureau\\ArchiOWeb\\Projet-API\\cine-quote-api\\models\\quote.js","statementMap":{"0":{"start":{"line":3,"column":20},"end":{"line":17,"column":2}},"1":{"start":{"line":19,"column":14},"end":{"line":19,"column":50}}},"fnMap":{},"branchMap":{},"s":{"0":4,"1":4},"f":{},"b":{},"_coverageSchema":"1a1c01bbd47fc00a2c39e90264f33305004495a9","hash":"b497b3d8da8fda0dd4c72bcd27d98275426c38ce"}
,"C:\\Users\\Acer\\OneDrive - HESSO\\Bureau\\ArchiOWeb\\Projet-API\\cine-quote-api\\models\\user.js": {"path":"C:\\Users\\Acer\\OneDrive - HESSO\\Bureau\\ArchiOWeb\\Projet-API\\cine-quote-api\\models\\user.js","statementMap":{"0":{"start":{"line":4,"column":19},"end":{"line":31,"column":24}},"1":{"start":{"line":38,"column":0},"end":{"line":47,"column":3}},"2":{"start":{"line":39,"column":2},"end":{"line":39,"column":50}},"3":{"start":{"line":39,"column":36},"end":{"line":39,"column":50}},"4":{"start":{"line":40,"column":2},"end":{"line":46,"column":3}},"5":{"start":{"line":41,"column":17},"end":{"line":41,"column":41}},"6":{"start":{"line":42,"column":4},"end":{"line":42,"column":59}},"7":{"start":{"line":43,"column":4},"end":{"line":43,"column":11}},"8":{"start":{"line":45,"column":4},"end":{"line":45,"column":16}},"9":{"start":{"line":50,"column":0},"end":{"line":52,"column":2}},"10":{"start":{"line":51,"column":2},"end":{"line":51,"column":62}},"11":{"start":{"line":54,"column":13},"end":{"line":54,"column":47}}},"fnMap":{"0":{"name":"(anonymous_0)","decl":{"start":{"line":38,"column":23},"end":{"line":38,"column":24}},"loc":{"start":{"line":38,"column":45},"end":{"line":47,"column":1}},"line":38},"1":{"name":"(anonymous_1)","decl":{"start":{"line":50,"column":35},"end":{"line":50,"column":36}},"loc":{"start":{"line":50,"column":68},"end":{"line":52,"column":1}},"line":50}},"branchMap":{"0":{"loc":{"start":{"line":39,"column":2},"end":{"line":39,"column":50}},"type":"if","locations":[{"start":{"line":39,"column":2},"end":{"line":39,"column":50}},{"start":{},"end":{}}],"line":39}},"s":{"0":4,"1":4,"2":29,"3":3,"4":26,"5":26,"6":26,"7":26,"8":0,"9":4,"10":4,"11":4},"f":{"0":29,"1":4},"b":{"0":[3,26]},"_coverageSchema":"1a1c01bbd47fc00a2c39e90264f33305004495a9","hash":"c006c41857ab028dcd1e34da8174cf1df4eaf1bc"}
,"C:\\Users\\Acer\\OneDrive - HESSO\\Bureau\\ArchiOWeb\\Projet-API\\cine-quote-api\\routes\\auth.js": {"path":"C:\\Users\\Acer\\OneDrive - HESSO\\Bureau\\ArchiOWeb\\Projet-API\\cine-quote-api\\routes\\auth.js","statementMap":{"0":{"start":{"line":5,"column":15},"end":{"line":5,"column":31}},"1":{"start":{"line":7,"column":0},"end":{"line":7,"column":39}},"2":{"start":{"line":8,"column":0},"end":{"line":8,"column":33}},"3":{"start":{"line":9,"column":0},"end":{"line":9,"column":35}},"4":{"start":{"line":10,"column":0},"end":{"line":10,"column":48}}},"fnMap":{},"branchMap":{},"s":{"0":4,"1":4,"2":4,"3":4,"4":4},"f":{},"b":{},"_coverageSchema":"1a1c01bbd47fc00a2c39e90264f33305004495a9","hash":"b31f7ce291d209b93301c8778f7b01ffa77df4c6"}
,"C:\\Users\\Acer\\OneDrive - HESSO\\Bureau\\ArchiOWeb\\Projet-API\\cine-quote-api\\routes\\favorites.js": {"path":"C:\\Users\\Acer\\OneDrive - HESSO\\Bureau\\ArchiOWeb\\Projet-API\\cine-quote-api\\routes\\favorites.js","statementMap":{"0":{"start":{"line":5,"column":15},"end":{"line":5,"column":31}},"1":{"start":{"line":7,"column":0},"end":{"line":7,"column":39}},"2":{"start":{"line":8,"column":0},"end":{"line":8,"column":39}},"3":{"start":{"line":9,"column":0},"end":{"line":9,"column":44}}},"fnMap":{},"branchMap":{},"s":{"0":4,"1":4,"2":4,"3":4},"f":{},"b":{},"_coverageSchema":"1a1c01bbd47fc00a2c39e90264f33305004495a9","hash":"47c90e4b0eb0ca7e912033beb6779cb44c2dea28"}
,"C:\\Users\\Acer\\OneDrive - HESSO\\Bureau\\ArchiOWeb\\Projet-API\\cine-quote-api\\routes\\films.js": {"path":"C:\\Users\\Acer\\OneDrive - HESSO\\Bureau\\ArchiOWeb\\Projet-API\\cine-quote-api\\routes\\films.js","statementMap":{"0":{"start":{"line":11,"column":15},"end":{"line":11,"column":31}},"1":{"start":{"line":13,"column":0},"end":{"line":13,"column":26}},"2":{"start":{"line":14,"column":0},"end":{"line":14,"column":32}},"3":{"start":{"line":15,"column":0},"end":{"line":15,"column":32}},"4":{"start":{"line":16,"column":0},"end":{"line":16,"column":45}},"5":{"start":{"line":17,"column":0},"end":{"line":17,"column":29}},"6":{"start":{"line":18,"column":0},"end":{"line":18,"column":31}},"7":{"start":{"line":19,"column":0},"end":{"line":19,"column":34}}},"fnMap":{},"branchMap":{},"s":{"0":4,"1":4,"2":4,"3":4,"4":4,"5":4,"6":4,"7":4},"f":{},"b":{},"_coverageSchema":"1a1c01bbd47fc00a2c39e90264f33305004495a9","hash":"8704a4aee2bded6f3e5adcd15490eec951c3f607"}
,"C:\\Users\\Acer\\OneDrive - HESSO\\Bureau\\ArchiOWeb\\Projet-API\\cine-quote-api\\routes\\index.js": {"path":"C:\\Users\\Acer\\OneDrive - HESSO\\Bureau\\ArchiOWeb\\Projet-API\\cine-quote-api\\routes\\index.js","statementMap":{"0":{"start":{"line":3,"column":15},"end":{"line":3,"column":31}},"1":{"start":{"line":5,"column":0},"end":{"line":7,"column":3}},"2":{"start":{"line":6,"column":2},"end":{"line":6,"column":34}}},"fnMap":{"0":{"name":"(anonymous_0)","decl":{"start":{"line":5,"column":16},"end":{"line":5,"column":17}},"loc":{"start":{"line":5,"column":42},"end":{"line":7,"column":1}},"line":5}},"branchMap":{},"s":{"0":4,"1":4,"2":0},"f":{"0":0},"b":{},"_coverageSchema":"1a1c01bbd47fc00a2c39e90264f33305004495a9","hash":"7fa7b31e05081379516d366698c755a4cd98a66e"}
,"C:\\Users\\Acer\\OneDrive - HESSO\\Bureau\\ArchiOWeb\\Projet-API\\cine-quote-api\\routes\\quotes.js": {"path":"C:\\Users\\Acer\\OneDrive - HESSO\\Bureau\\ArchiOWeb\\Projet-API\\cine-quote-api\\routes\\quotes.js","statementMap":{"0":{"start":{"line":12,"column":15},"end":{"line":12,"column":31}},"1":{"start":{"line":14,"column":0},"end":{"line":14,"column":27}},"2":{"start":{"line":15,"column":0},"end":{"line":15,"column":38}},"3":{"start":{"line":16,"column":0},"end":{"line":16,"column":33}},"4":{"start":{"line":17,"column":0},"end":{"line":17,"column":47}},"5":{"start":{"line":18,"column":0},"end":{"line":18,"column":54}},"6":{"start":{"line":19,"column":0},"end":{"line":19,"column":55}}},"fnMap":{},"branchMap":{},"s":{"0":4,"1":4,"2":4,"3":4,"4":4,"5":4,"6":4},"f":{},"b":{},"_coverageSchema":"1a1c01bbd47fc00a2c39e90264f33305004495a9","hash":"fe6c993cf4727cd49deda2fcfcb63638c516583a"}
,"C:\\Users\\Acer\\OneDrive - HESSO\\Bureau\\ArchiOWeb\\Projet-API\\cine-quote-api\\routes\\users.js": {"path":"C:\\Users\\Acer\\OneDrive - HESSO\\Bureau\\ArchiOWeb\\Projet-API\\cine-quote-api\\routes\\users.js","statementMap":{"0":{"start":{"line":12,"column":15},"end":{"line":12,"column":31}},"1":{"start":{"line":15,"column":0},"end":{"line":15,"column":29}},"2":{"start":{"line":18,"column":0},"end":{"line":18,"column":41}},"3":{"start":{"line":21,"column":0},"end":{"line":21,"column":42}},"4":{"start":{"line":24,"column":0},"end":{"line":24,"column":43}}},"fnMap":{},"branchMap":{},"s":{"0":4,"1":4,"2":4,"3":4,"4":4},"f":{},"b":{},"_coverageSchema":"1a1c01bbd47fc00a2c39e90264f33305004495a9","hash":"33b989b098363415e5ef538323c83cc7b8f2bd4b"}
,"C:\\Users\\Acer\\OneDrive - HESSO\\Bureau\\ArchiOWeb\\Projet-API\\cine-quote-api\\spec\\setup.js": {"path":"C:\\Users\\Acer\\OneDrive - HESSO\\Bureau\\ArchiOWeb\\Projet-API\\cine-quote-api\\spec\\setup.js","statementMap":{"0":{"start":{"line":7,"column":27},"end":{"line":19,"column":1}},"1":{"start":{"line":9,"column":2},"end":{"line":9,"column":49}},"2":{"start":{"line":10,"column":19},"end":{"line":10,"column":39}},"3":{"start":{"line":13,"column":2},"end":{"line":15,"column":3}},"4":{"start":{"line":14,"column":4},"end":{"line":14,"column":32}},"5":{"start":{"line":18,"column":2},"end":{"line":18,"column":35}},"6":{"start":{"line":22,"column":30},"end":{"line":29,"column":1}},"7":{"start":{"line":23,"column":2},"end":{"line":25,"column":3}},"8":{"start":{"line":24,"column":4},"end":{"line":24,"column":32}},"9":{"start":{"line":26,"column":2},"end":{"line":28,"column":3}},"10":{"start":{"line":27,"column":4},"end":{"line":27,"column":29}},"11":{"start":{"line":32,"column":27},"end":{"line":37,"column":1}},"12":{"start":{"line":33,"column":22},"end":{"line":33,"column":53}},"13":{"start":{"line":34,"column":2},"end":{"line":36,"column":3}},"14":{"start":{"line":35,"column":4},"end":{"line":35,"column":42}}},"fnMap":{"0":{"name":"(anonymous_0)","decl":{"start":{"line":7,"column":27},"end":{"line":7,"column":28}},"loc":{"start":{"line":7,"column":39},"end":{"line":19,"column":1}},"line":7},"1":{"name":"(anonymous_1)","decl":{"start":{"line":22,"column":30},"end":{"line":22,"column":31}},"loc":{"start":{"line":22,"column":42},"end":{"line":29,"column":1}},"line":22},"2":{"name":"(anonymous_2)","decl":{"start":{"line":32,"column":27},"end":{"line":32,"column":28}},"loc":{"start":{"line":32,"column":39},"end":{"line":37,"column":1}},"line":32}},"branchMap":{"0":{"loc":{"start":{"line":13,"column":2},"end":{"line":15,"column":3}},"type":"if","locations":[{"start":{"line":13,"column":2},"end":{"line":15,"column":3}},{"start":{},"end":{}}],"line":13},"1":{"loc":{"start":{"line":23,"column":2},"end":{"line":25,"column":3}},"type":"if","locations":[{"start":{"line":23,"column":2},"end":{"line":25,"column":3}},{"start":{},"end":{}}],"line":23},"2":{"loc":{"start":{"line":26,"column":2},"end":{"line":28,"column":3}},"type":"if","locations":[{"start":{"line":26,"column":2},"end":{"line":28,"column":3}},{"start":{},"end":{}}],"line":26}},"s":{"0":4,"1":4,"2":4,"3":4,"4":4,"5":4,"6":4,"7":4,"8":4,"9":4,"10":4,"11":4,"12":44,"13":44,"14":132},"f":{"0":4,"1":4,"2":44},"b":{"0":[4,0],"1":[4,0],"2":[4,0]},"_coverageSchema":"1a1c01bbd47fc00a2c39e90264f33305004495a9","hash":"af16e82dd8d828b7facd24c0a521169ad826e98e"}
}
