TN:
SF:app.js
FN:59,(anonymous_0)
FN:65,(anonymous_1)
FN:74,(anonymous_2)
FN:79,(anonymous_3)
FN:91,(anonymous_4)
FN:96,(anonymous_5)
FN:113,(anonymous_6)
FN:124,(anonymous_7)
FNF:8
FNH:0
FNDA:0,(anonymous_0)
FNDA:0,(anonymous_1)
FNDA:0,(anonymous_2)
FNDA:0,(anonymous_3)
FNDA:0,(anonymous_4)
FNDA:0,(anonymous_5)
FNDA:0,(anonymous_6)
FNDA:0,(anonymous_7)
DA:19,4
DA:20,4
DA:22,4
DA:25,4
DA:26,0
DA:30,4
DA:31,4
DA:32,4
DA:33,0
DA:41,4
DA:43,4
DA:45,4
DA:47,4
DA:48,4
DA:49,4
DA:51,4
DA:52,4
DA:53,4
DA:54,4
DA:55,4
DA:56,4
DA:59,4
DA:60,0
DA:61,0
DA:62,0
DA:65,0
DA:66,0
DA:67,0
DA:70,0
DA:74,4
DA:75,0
DA:79,4
DA:80,0
DA:81,0
DA:82,0
DA:83,0
DA:87,4
DA:88,0
DA:89,0
DA:91,0
DA:92,0
DA:95,0
DA:96,0
DA:97,0
DA:99,0
DA:104,0
DA:105,0
DA:106,0
DA:108,0
DA:113,0
DA:114,0
DA:115,0
DA:116,0
DA:118,0
DA:119,0
DA:122,0
DA:124,0
DA:125,0
DA:126,0
DA:130,0
LF:60
LH:23
BRDA:25,0,0,0
BRDA:25,0,1,4
BRDA:26,1,0,0
BRDA:26,1,1,0
BRDA:30,2,0,4
BRDA:30,2,1,4
BRDA:31,3,0,4
BRDA:31,3,1,4
BRDA:32,4,0,0
BRDA:32,4,1,4
BRDA:32,5,0,4
BRDA:32,5,1,0
BRDA:61,6,0,0
BRDA:61,6,1,0
BRDA:61,7,0,0
BRDA:61,7,1,0
BRDA:66,8,0,0
BRDA:66,8,1,0
BRDA:81,9,0,0
BRDA:81,9,1,0
BRDA:82,10,0,0
BRDA:82,10,1,0
BRDA:87,11,0,0
BRDA:87,11,1,4
BRDA:89,12,0,0
BRDA:89,12,1,0
BRDA:95,13,0,0
BRDA:95,13,1,0
BRDA:95,14,0,0
BRDA:95,14,1,0
BRDA:97,15,0,0
BRDA:97,15,1,0
BRDA:118,16,0,0
BRDA:118,16,1,0
BRF:34
BRH:8
end_of_record
TN:
SF:controllers\authController.js
FN:7,(anonymous_0)
FN:15,(anonymous_1)
FN:43,(anonymous_2)
FN:62,(anonymous_3)
FN:92,(anonymous_4)
FN:101,parseExpirationTime
FNF:6
FNH:6
FNDA:3,(anonymous_0)
FNDA:6,(anonymous_1)
FNDA:1,(anonymous_2)
FNDA:5,(anonymous_3)
FNDA:1,(anonymous_4)
FNDA:3,parseExpirationTime
DA:4,4
DA:7,4
DA:8,3
DA:15,4
DA:16,6
DA:19,6
DA:20,1
DA:22,5
DA:23,1
DA:25,4
DA:26,1
DA:29,3
DA:30,3
DA:32,2
DA:33,2
DA:43,4
DA:44,1
DA:45,1
DA:46,1
DA:47,0
DA:49,1
DA:57,0
DA:58,0
DA:62,4
DA:63,5
DA:64,5
DA:65,5
DA:67,4
DA:68,4
DA:70,3
DA:73,3
DA:75,3
DA:82,3
DA:92,4
DA:93,1
DA:98,1
DA:102,3
DA:103,3
DA:105,3
DA:106,3
DA:108,3
DA:115,3
LF:42
LH:39
BRDA:4,0,0,4
BRDA:4,0,1,4
BRDA:19,1,0,1
BRDA:19,1,1,5
BRDA:19,2,0,6
BRDA:19,2,1,6
BRDA:19,2,2,6
BRDA:22,3,0,1
BRDA:22,3,1,4
BRDA:22,4,0,5
BRDA:22,4,1,5
BRDA:22,4,2,5
BRDA:25,5,0,1
BRDA:25,5,1,3
BRDA:25,6,0,4
BRDA:25,6,1,4
BRDA:25,6,2,4
BRDA:30,7,0,1
BRDA:30,7,1,2
BRDA:46,8,0,0
BRDA:46,8,1,1
BRDA:63,9,0,5
BRDA:65,10,0,1
BRDA:65,10,1,4
BRDA:68,11,0,1
BRDA:68,11,1,3
BRDA:79,12,0,0
BRDA:79,12,1,3
BRDA:103,13,0,0
BRDA:103,13,1,3
BRDA:115,14,0,3
BRDA:115,14,1,0
BRF:32
BRH:28
end_of_record
TN:
SF:controllers\favoriteController.js
FN:5,(anonymous_0)
FN:22,(anonymous_1)
FN:27,(anonymous_2)
FN:33,(anonymous_3)
FNF:4
FNH:0
FNDA:0,(anonymous_0)
FNDA:0,(anonymous_1)
FNDA:0,(anonymous_2)
FNDA:0,(anonymous_3)
DA:5,4
DA:6,0
DA:7,0
DA:9,0
DA:10,0
DA:12,0
DA:13,0
DA:14,0
DA:16,0
DA:17,0
DA:18,0
DA:22,4
DA:23,0
DA:24,0
DA:26,0
DA:27,0
DA:28,0
DA:29,0
DA:33,4
DA:34,0
DA:38,0
LF:21
LH:3
BRDA:10,0,0,0
BRDA:10,0,1,0
BRDA:13,1,0,0
BRDA:13,1,1,0
BRF:4
BRH:0
end_of_record
TN:
SF:controllers\filmController.js
FN:5,(anonymous_0)
FN:24,(anonymous_1)
FN:46,(anonymous_2)
FN:60,(anonymous_3)
FN:65,(anonymous_4)
FN:70,(anonymous_5)
FN:78,(anonymous_6)
FNF:7
FNH:2
FNDA:0,(anonymous_0)
FNDA:0,(anonymous_1)
FNDA:0,(anonymous_2)
FNDA:2,(anonymous_3)
FNDA:1,(anonymous_4)
FNDA:0,(anonymous_5)
FNDA:0,(anonymous_6)
DA:5,4
DA:6,0
DA:8,0
DA:9,0
DA:12,0
DA:20,0
DA:21,0
DA:24,4
DA:25,0
DA:27,0
DA:28,0
DA:31,0
DA:32,0
DA:34,0
DA:36,0
DA:37,0
DA:38,0
DA:39,0
DA:40,0
DA:42,0
DA:43,0
DA:46,4
DA:47,0
DA:49,0
DA:50,0
DA:53,0
DA:54,0
DA:56,0
DA:57,0
DA:60,4
DA:61,2
DA:62,2
DA:65,4
DA:66,1
DA:67,1
DA:70,4
DA:71,0
DA:72,0
DA:73,0
DA:74,0
DA:78,4
DA:79,0
DA:80,0
DA:94,0
DA:95,0
LF:45
LH:11
BRDA:8,0,0,0
BRDA:8,0,1,0
BRDA:8,1,0,0
BRDA:8,1,1,0
BRDA:8,1,2,0
BRDA:8,1,3,0
BRDA:27,2,0,0
BRDA:27,2,1,0
BRDA:32,3,0,0
BRDA:32,3,1,0
BRDA:36,4,0,0
BRDA:36,4,1,0
BRDA:37,5,0,0
BRDA:37,5,1,0
BRDA:38,6,0,0
BRDA:38,6,1,0
BRDA:39,7,0,0
BRDA:39,7,1,0
BRDA:40,8,0,0
BRDA:40,8,1,0
BRDA:49,9,0,0
BRDA:49,9,1,0
BRDA:54,10,0,0
BRDA:54,10,1,0
BRDA:72,11,0,0
BRDA:72,11,1,0
BRDA:79,12,0,0
BRDA:79,12,1,0
BRF:28
BRH:0
end_of_record
TN:
SF:controllers\quoteController.js
FN:4,(anonymous_0)
FN:14,(anonymous_1)
FN:32,(anonymous_2)
FN:37,(anonymous_3)
FN:70,(anonymous_4)
FN:75,(anonymous_5)
FNF:6
FNH:5
FNDA:1,(anonymous_0)
FNDA:1,(anonymous_1)
FNDA:1,(anonymous_2)
FNDA:4,(anonymous_3)
FNDA:0,(anonymous_4)
FNDA:2,(anonymous_5)
DA:4,4
DA:5,1
DA:10,1
DA:11,1
DA:14,4
DA:15,1
DA:16,1
DA:17,1
DA:20,1
DA:21,1
DA:24,1
DA:25,0
DA:28,1
DA:29,1
DA:32,4
DA:33,1
DA:34,1
DA:37,4
DA:39,4
DA:40,4
DA:41,4
DA:42,3
DA:44,4
DA:47,4
DA:48,4
DA:49,4
DA:50,4
DA:53,4
DA:61,4
DA:70,4
DA:71,0
DA:72,0
DA:75,4
DA:76,2
DA:77,2
DA:79,1
DA:80,1
DA:81,1
LF:38
LH:35
BRDA:16,0,0,1
BRDA:16,0,1,0
BRDA:20,1,0,1
BRDA:20,1,1,0
BRDA:24,2,0,0
BRDA:24,2,1,1
BRDA:39,3,0,4
BRDA:39,3,1,3
BRDA:41,4,0,3
BRDA:41,4,1,1
BRDA:41,5,0,4
BRDA:41,5,1,1
BRDA:44,6,0,4
BRDA:44,6,1,3
BRDA:48,7,0,1
BRDA:48,7,1,3
BRDA:49,8,0,0
BRDA:49,8,1,4
BRDA:50,9,0,0
BRDA:50,9,1,4
BRDA:65,10,0,1
BRDA:65,10,1,3
BRDA:77,11,0,1
BRDA:77,11,1,1
BRF:24
BRH:19
end_of_record
TN:
SF:controllers\userController.js
FN:4,(anonymous_0)
FN:14,(anonymous_1)
FN:25,(anonymous_2)
FN:37,(anonymous_3)
FN:50,(anonymous_4)
FNF:5
FNH:4
FNDA:2,(anonymous_0)
FNDA:1,(anonymous_1)
FNDA:0,(anonymous_2)
FNDA:3,(anonymous_3)
FNDA:1,(anonymous_4)
DA:4,4
DA:5,2
DA:10,2
DA:14,4
DA:15,1
DA:20,1
DA:21,1
DA:25,4
DA:26,0
DA:32,0
DA:33,0
DA:37,4
DA:38,3
DA:39,2
DA:41,3
DA:42,2
DA:45,3
DA:46,3
DA:50,4
DA:51,1
DA:52,1
LF:21
LH:18
BRDA:20,0,0,0
BRDA:20,0,1,1
BRDA:38,1,0,2
BRDA:38,1,1,1
BRDA:41,2,0,2
BRDA:41,2,1,1
BRF:6
BRH:5
end_of_record
TN:
SF:middlewares\authMiddleware.js
FN:5,(anonymous_0)
FN:25,(anonymous_1)
FNF:2
FNH:2
FNDA:10,(anonymous_0)
FNDA:7,(anonymous_1)
DA:5,4
DA:9,10
DA:10,6
DA:13,10
DA:15,6
DA:16,6
DA:17,6
DA:18,6
DA:20,0
DA:25,4
DA:26,7
DA:27,5
DA:29,2
LF:13
LH:12
BRDA:9,0,0,6
BRDA:9,0,1,4
BRDA:9,1,0,10
BRDA:9,1,1,10
BRDA:13,2,0,4
BRDA:13,2,1,6
BRDA:26,3,0,5
BRDA:26,3,1,2
BRDA:26,4,0,7
BRDA:26,4,1,5
BRF:10
BRH:10
end_of_record
TN:
SF:middlewares\userMiddleware.js
FN:4,(anonymous_0)
FNF:1
FNH:1
FNDA:8,(anonymous_0)
DA:4,4
DA:6,8
DA:7,8
DA:8,8
DA:9,3
DA:12,0
DA:14,5
DA:15,5
LF:8
LH:7
BRDA:8,0,0,3
BRDA:8,0,1,5
BRF:2
BRH:2
end_of_record
TN:
SF:models\film.js
FNF:0
FNH:0
DA:3,4
DA:25,4
LF:2
LH:2
BRF:0
BRH:0
end_of_record
TN:
SF:models\quote.js
FNF:0
FNH:0
DA:3,4
DA:19,4
LF:2
LH:2
BRF:0
BRH:0
end_of_record
TN:
SF:models\user.js
FN:34,(anonymous_0)
FN:46,(anonymous_1)
FNF:2
FNH:2
FNDA:39,(anonymous_0)
FNDA:4,(anonymous_1)
DA:4,4
DA:34,4
DA:35,39
DA:36,36
DA:37,36
DA:38,36
DA:39,36
DA:41,0
DA:46,4
DA:47,4
DA:50,4
LF:11
LH:10
BRDA:35,0,0,3
BRDA:35,0,1,36
BRF:2
BRH:2
end_of_record
TN:
SF:routes\auth.js
FNF:0
FNH:0
DA:5,4
DA:7,4
DA:8,4
DA:9,4
DA:10,4
LF:5
LH:5
BRF:0
BRH:0
end_of_record
TN:
SF:routes\favorites.js
FNF:0
FNH:0
DA:5,4
DA:7,4
DA:8,4
DA:9,4
LF:4
LH:4
BRF:0
BRH:0
end_of_record
TN:
SF:routes\films.js
FNF:0
FNH:0
DA:12,4
DA:14,4
DA:15,4
DA:16,4
DA:17,4
DA:18,4
DA:19,4
DA:20,4
LF:8
LH:8
BRF:0
BRH:0
end_of_record
TN:
SF:routes\quotes.js
FNF:0
FNH:0
DA:12,4
DA:14,4
DA:15,4
DA:16,4
DA:17,4
DA:18,4
DA:19,4
LF:7
LH:7
BRF:0
BRH:0
end_of_record
TN:
SF:routes\users.js
FNF:0
FNH:0
DA:12,4
DA:15,4
DA:18,4
DA:21,4
DA:24,4
LF:5
LH:5
BRF:0
BRH:0
end_of_record
TN:
SF:spec\setup.js
FN:10,(anonymous_0)
FN:25,(anonymous_1)
FN:35,(anonymous_2)
FN:43,(anonymous_3)
FN:44,(anonymous_4)
FN:48,(anonymous_5)
FN:62,(anonymous_6)
FN:63,(anonymous_7)
FN:66,(anonymous_8)
FN:74,(anonymous_9)
FNF:10
FNH:9
FNDA:4,(anonymous_0)
FNDA:4,(anonymous_1)
FNDA:39,(anonymous_2)
FNDA:3,(anonymous_3)
FNDA:3,(anonymous_4)
FNDA:3,(anonymous_5)
FNDA:3,(anonymous_6)
FNDA:3,(anonymous_7)
FNDA:0,(anonymous_8)
FNDA:3,(anonymous_9)
DA:10,4
DA:12,4
DA:13,4
DA:16,4
DA:17,0
DA:21,4
DA:25,4
DA:26,4
DA:27,4
DA:29,4
DA:30,4
DA:35,4
DA:36,39
DA:37,39
DA:38,117
DA:43,4
DA:44,3
DA:45,3
DA:48,3
DA:49,3
DA:50,3
DA:53,3
DA:54,3
DA:56,3
DA:62,4
DA:63,3
DA:65,3
DA:66,0
DA:67,0
DA:69,0
DA:73,3
DA:74,3
DA:75,3
DA:76,3
DA:77,3
DA:80,0
LF:36
LH:31
BRDA:16,0,0,0
BRDA:16,0,1,4
BRDA:26,1,0,4
BRDA:26,1,1,0
BRDA:29,2,0,4
BRDA:29,2,1,0
BRDA:65,3,0,0
BRDA:65,3,1,3
BRDA:65,4,0,3
BRDA:65,4,1,3
BRDA:73,5,0,3
BRDA:73,5,1,0
BRF:12
BRH:7
end_of_record
TN:
SF:store\quizData.mjs
FNF:0
FNH:0
DA:1,4
DA:120,4
LF:2
LH:2
BRF:0
BRH:0
end_of_record
TN:
SF:store\wsStore.mjs
FN:6,(anonymous_0)
FN:13,(anonymous_1)
FN:15,(anonymous_2)
FN:18,(anonymous_3)
FN:31,(anonymous_4)
FN:32,(anonymous_5)
FN:38,(anonymous_6)
FN:50,(anonymous_7)
FN:54,(anonymous_8)
FN:70,(anonymous_9)
FN:75,(anonymous_10)
FN:79,(anonymous_11)
FN:83,(anonymous_12)
FN:88,(anonymous_13)
FN:92,(anonymous_14)
FN:96,(anonymous_15)
FN:100,(anonymous_16)
FN:109,(anonymous_17)
FN:119,(anonymous_18)
FN:179,(anonymous_19)
FN:206,(anonymous_20)
FN:214,(anonymous_21)
FN:220,(anonymous_22)
FN:250,(anonymous_23)
FN:265,(anonymous_24)
FN:324,(anonymous_25)
FN:339,(anonymous_26)
FN:366,(anonymous_27)
FN:368,(anonymous_28)
FN:369,(anonymous_29)
FN:388,(anonymous_30)
FN:397,(anonymous_31)
FN:408,(anonymous_32)
FN:417,(anonymous_33)
FN:421,(anonymous_34)
FN:452,(anonymous_35)
FN:457,(anonymous_36)
FN:474,(anonymous_37)
FN:494,(anonymous_38)
FN:502,(anonymous_39)
FN:507,(anonymous_40)
FN:512,(anonymous_41)
FN:514,(anonymous_42)
FN:525,(anonymous_43)
FN:526,(anonymous_44)
FN:539,(anonymous_45)
FNF:46
FNH:2
FNDA:4,(anonymous_0)
FNDA:0,(anonymous_1)
FNDA:0,(anonymous_2)
FNDA:0,(anonymous_3)
FNDA:0,(anonymous_4)
FNDA:0,(anonymous_5)
FNDA:0,(anonymous_6)
FNDA:0,(anonymous_7)
FNDA:3,(anonymous_8)
FNDA:0,(anonymous_9)
FNDA:0,(anonymous_10)
FNDA:0,(anonymous_11)
FNDA:0,(anonymous_12)
FNDA:0,(anonymous_13)
FNDA:0,(anonymous_14)
FNDA:0,(anonymous_15)
FNDA:0,(anonymous_16)
FNDA:0,(anonymous_17)
FNDA:0,(anonymous_18)
FNDA:0,(anonymous_19)
FNDA:0,(anonymous_20)
FNDA:0,(anonymous_21)
FNDA:0,(anonymous_22)
FNDA:0,(anonymous_23)
FNDA:0,(anonymous_24)
FNDA:0,(anonymous_25)
FNDA:0,(anonymous_26)
FNDA:0,(anonymous_27)
FNDA:0,(anonymous_28)
FNDA:0,(anonymous_29)
FNDA:0,(anonymous_30)
FNDA:0,(anonymous_31)
FNDA:0,(anonymous_32)
FNDA:0,(anonymous_33)
FNDA:0,(anonymous_34)
FNDA:0,(anonymous_35)
FNDA:0,(anonymous_36)
FNDA:0,(anonymous_37)
FNDA:0,(anonymous_38)
FNDA:0,(anonymous_39)
FNDA:0,(anonymous_40)
FNDA:0,(anonymous_41)
FNDA:0,(anonymous_42)
FNDA:0,(anonymous_43)
FNDA:0,(anonymous_44)
FNDA:0,(anonymous_45)
DA:7,4
DA:8,4
DA:9,4
DA:10,4
DA:15,0
DA:18,0
DA:20,0
DA:22,0
DA:23,0
DA:24,0
DA:26,0
DA:27,0
DA:30,0
DA:31,0
DA:32,0
DA:35,0
DA:37,0
DA:38,0
DA:41,0
DA:50,0
DA:51,0
DA:55,3
DA:57,3
DA:70,3
DA:71,0
DA:73,0
DA:75,0
DA:76,0
DA:79,0
DA:80,0
DA:83,0
DA:84,0
DA:88,0
DA:89,0
DA:92,0
DA:93,0
DA:96,0
DA:97,0
DA:100,0
DA:101,0
DA:102,0
DA:106,3
DA:110,0
DA:111,0
DA:113,0
DA:114,0
DA:116,0
DA:120,0
DA:122,0
DA:123,0
DA:124,0
DA:127,0
DA:128,0
DA:129,0
DA:130,0
DA:133,0
DA:134,0
DA:136,0
DA:137,0
DA:141,0
DA:144,0
DA:147,0
DA:150,0
DA:155,0
DA:158,0
DA:165,0
DA:167,0
DA:173,0
DA:174,0
DA:176,0
DA:180,0
DA:181,0
DA:182,0
DA:185,0
DA:186,0
DA:187,0
DA:188,0
DA:191,0
DA:192,0
DA:193,0
DA:194,0
DA:197,0
DA:203,0
DA:207,0
DA:208,0
DA:209,0
DA:210,0
DA:215,0
DA:216,0
DA:221,0
DA:222,0
DA:224,0
DA:225,0
DA:228,0
DA:229,0
DA:230,0
DA:233,0
DA:234,0
DA:235,0
DA:236,0
DA:237,0
DA:243,0
DA:246,0
DA:251,0
DA:252,0
DA:254,0
DA:255,0
DA:257,0
DA:258,0
DA:260,0
DA:262,0
DA:266,0
DA:267,0
DA:268,0
DA:269,0
DA:272,0
DA:273,0
DA:274,0
DA:275,0
DA:278,0
DA:279,0
DA:280,0
DA:281,0
DA:284,0
DA:285,0
DA:288,0
DA:291,0
DA:292,0
DA:293,0
DA:294,0
DA:297,0
DA:310,0
DA:311,0
DA:314,0
DA:316,0
DA:321,0
DA:325,0
DA:326,0
DA:328,0
DA:329,0
DA:330,0
DA:332,0
DA:333,0
DA:335,0
DA:336,0
DA:338,0
DA:339,0
DA:341,0
DA:343,0
DA:344,0
DA:346,0
DA:348,0
DA:351,0
DA:357,0
DA:358,0
DA:359,0
DA:360,0
DA:362,0
DA:367,0
DA:368,0
DA:369,0
DA:371,0
DA:372,0
DA:374,0
DA:377,0
DA:378,0
DA:388,0
DA:389,0
DA:390,0
DA:391,0
DA:393,0
DA:394,0
DA:395,0
DA:397,0
DA:398,0
DA:399,0
DA:400,0
DA:401,0
DA:405,0
DA:409,0
DA:410,0
DA:411,0
DA:417,0
DA:418,0
DA:422,0
DA:423,0
DA:424,0
DA:426,0
DA:427,0
DA:428,0
DA:431,0
DA:432,0
DA:434,0
DA:436,0
DA:444,0
DA:449,0
DA:450,0
DA:452,0
DA:453,0
DA:458,0
DA:459,0
DA:460,0
DA:462,0
DA:464,0
DA:470,0
DA:471,0
DA:475,0
DA:476,0
DA:477,0
DA:479,0
DA:480,0
DA:481,0
DA:482,0
DA:485,0
DA:487,0
DA:491,0
DA:495,0
DA:496,0
DA:498,0
DA:499,0
DA:503,0
DA:504,0
DA:508,0
DA:509,0
DA:513,0
DA:514,0
DA:515,0
DA:516,0
DA:522,0
DA:526,0
DA:527,0
DA:528,0
DA:536,0
DA:540,0
DA:541,0
DA:542,0
DA:543,0
DA:548,4
LF:238
LH:9
BRDA:13,0,0,0
BRDA:24,1,0,0
BRDA:24,1,1,0
BRDA:35,2,0,0
BRDA:35,2,1,0
BRDA:55,3,0,3
BRDA:55,3,1,0
BRDA:110,4,0,0
BRDA:110,4,1,0
BRDA:111,5,0,0
BRDA:111,5,1,0
BRDA:111,5,2,0
BRDA:113,6,0,0
BRDA:113,6,1,0
BRDA:122,7,0,0
BRDA:122,7,1,0
BRDA:122,8,0,0
BRDA:122,8,1,0
BRDA:128,9,0,0
BRDA:128,9,1,0
BRDA:128,10,0,0
BRDA:128,10,1,0
BRDA:136,11,0,0
BRDA:136,11,1,0
BRDA:150,12,0,0
BRDA:150,12,1,0
BRDA:150,12,2,0
BRDA:155,13,0,0
BRDA:155,13,1,0
BRDA:155,13,2,0
BRDA:180,14,0,0
BRDA:180,14,1,0
BRDA:180,15,0,0
BRDA:180,15,1,0
BRDA:186,16,0,0
BRDA:186,16,1,0
BRDA:192,17,0,0
BRDA:192,17,1,0
BRDA:207,18,0,0
BRDA:207,18,1,0
BRDA:215,19,0,0
BRDA:215,19,1,0
BRDA:222,20,0,0
BRDA:222,20,1,0
BRDA:228,21,0,0
BRDA:228,21,1,0
BRDA:233,22,0,0
BRDA:233,22,1,0
BRDA:235,23,0,0
BRDA:235,23,1,0
BRDA:252,24,0,0
BRDA:252,24,1,0
BRDA:255,25,0,0
BRDA:255,25,1,0
BRDA:258,26,0,0
BRDA:258,26,1,0
BRDA:267,27,0,0
BRDA:267,27,1,0
BRDA:273,28,0,0
BRDA:273,28,1,0
BRDA:279,29,0,0
BRDA:279,29,1,0
BRDA:279,30,0,0
BRDA:279,30,1,0
BRDA:284,31,0,0
BRDA:284,31,1,0
BRDA:292,32,0,0
BRDA:292,32,1,0
BRDA:326,33,0,0
BRDA:326,33,1,0
BRDA:330,34,0,0
BRDA:330,34,1,0
BRDA:330,35,0,0
BRDA:330,35,1,0
BRDA:330,35,2,0
BRDA:333,36,0,0
BRDA:333,36,1,0
BRDA:336,37,0,0
BRDA:336,37,1,0
BRDA:341,38,0,0
BRDA:341,38,1,0
BRDA:344,39,0,0
BRDA:344,39,1,0
BRDA:357,40,0,0
BRDA:357,40,1,0
BRDA:358,41,0,0
BRDA:358,41,1,0
BRDA:383,42,0,0
BRDA:383,42,1,0
BRDA:390,43,0,0
BRDA:390,43,1,0
BRDA:393,44,0,0
BRDA:393,44,1,0
BRDA:398,45,0,0
BRDA:398,45,1,0
BRDA:414,46,0,0
BRDA:414,46,1,0
BRDA:424,47,0,0
BRDA:424,47,1,0
BRDA:424,48,0,0
BRDA:424,48,1,0
BRDA:426,49,0,0
BRDA:426,49,1,0
BRDA:449,50,0,0
BRDA:449,50,1,0
BRDA:460,51,0,0
BRDA:460,51,1,0
BRDA:460,52,0,0
BRDA:460,52,1,0
BRDA:460,52,2,0
BRDA:477,53,0,0
BRDA:477,53,1,0
BRDA:477,54,0,0
BRDA:477,54,1,0
BRDA:480,55,0,0
BRDA:480,55,1,0
BRDA:496,56,0,0
BRDA:496,56,1,0
BRDA:518,57,0,0
BRDA:518,57,1,0
BRDA:527,58,0,0
BRDA:527,58,1,0
BRDA:541,59,0,0
BRDA:541,59,1,0
BRF:124
BRH:1
end_of_record
